#
# There is insufficient memory for the Java Runtime Environment to continue.
# Native memory allocation (malloc) failed to allocate 778112 bytes for Chunk::new
# Possible reasons:
#   The system is out of physical RAM or swap space
#   The process is running with CompressedOops enabled, and the Java Heap may be blocking the growth of the native heap
# Possible solutions:
#   Reduce memory load on the system
#   Increase physical memory or swap space
#   Check if swap backing store is full
#   Decrease Java heap size (-Xmx/-Xms)
#   Decrease number of Java threads
#   Decrease Java thread stack sizes (-Xss)
#   Set larger code cache with -XX:ReservedCodeCacheSize=
#   JVM is running with Unscaled Compressed Oops mode in which the Java heap is
#     placed in the first 4GB address space. The Java Heap base address is the
#     maximum limit for the native heap growth. Please use -XX:HeapBaseMinAddress
#     to set the Java Heap base and to place the Java Heap above 4GB virtual address.
# This output file may be truncated or incomplete.
#
#  Out of Memory Error (arena.cpp:191), pid=10660, tid=5212
#
# JRE version: OpenJDK Runtime Environment (17.0.10) (build 17.0.10+0--11572160)
# Java VM: OpenJDK 64-Bit Server VM (17.0.10+0--11572160, mixed mode, tiered, compressed oops, compressed class ptrs, g1 gc, windows-amd64)
# No core dump will be written. Minidumps are not enabled by default on client versions of Windows
#

---------------  S U M M A R Y ------------

Command Line: --add-opens=java.base/java.util=ALL-UNNAMED --add-opens=java.base/java.lang=ALL-UNNAMED --add-opens=java.base/java.lang.invoke=ALL-UNNAMED --add-opens=java.prefs/java.util.prefs=ALL-UNNAMED --add-opens=java.base/java.nio.charset=ALL-UNNAMED --add-opens=java.base/java.net=ALL-UNNAMED --add-opens=java.base/java.util.concurrent.atomic=ALL-UNNAMED -Xmx2048m -Dfile.encoding=UTF-8 -Duser.country=US -Duser.language=en -Duser.variant -javaagent:C:\Users\Lenovo\.gradle\wrapper\dists\gradle-8.6-bin\afr5mpiioh2wthjmwnkmdsd5w\gradle-8.6\lib\agents\gradle-instrumentation-agent-8.6.jar org.gradle.launcher.daemon.bootstrap.GradleDaemon 8.6

Host: AMD Ryzen 5 5500U with Radeon Graphics         , 12 cores, 5G,  Windows 11 , 64 bit Build 22621 (10.0.22621.4391)
Time: Mon Dec  2 04:36:02 2024 India Standard Time elapsed time: 7.399712 seconds (0d 0h 0m 7s)

---------------  T H R E A D  ---------------

Current thread (0x0000020c8a7c6100):  JavaThread "C2 CompilerThread1" daemon [_thread_in_native, id=5212, stack(0x000000b444200000,0x000000b444300000)]


Current CompileTask:
C2:   7399 3680   !   4       jdk.internal.loader.URLClassPath$JarLoader::getResource (354 bytes)

Stack: [0x000000b444200000,0x000000b444300000]
Native frames: (J=compiled Java code, j=interpreted, Vv=VM code, C=native code)
V  [jvm.dll+0x688e89]
V  [jvm.dll+0x84247a]
V  [jvm.dll+0x8440be]
V  [jvm.dll+0x844723]
V  [jvm.dll+0x24be0f]
V  [jvm.dll+0xac524]
V  [jvm.dll+0xacb6c]
V  [jvm.dll+0x36bd67]
V  [jvm.dll+0x33615a]
V  [jvm.dll+0x3355fa]
V  [jvm.dll+0x21daa1]
V  [jvm.dll+0x21cec1]
V  [jvm.dll+0x1a60ad]
V  [jvm.dll+0x22cd78]
V  [jvm.dll+0x22aeb0]
V  [jvm.dll+0x7f6917]
V  [jvm.dll+0x7f0d1a]
V  [jvm.dll+0x687d05]
C  [ucrtbase.dll+0x29333]
C  [KERNEL32.DLL+0x1259d]
C  [ntdll.dll+0x5af38]


---------------  P R O C E S S  ---------------

Threads class SMR info:
_java_thread_list=0x0000020c8b71d9b0, length=35, elements={
0x0000020ce84cc7d0, 0x0000020c8488fb80, 0x0000020c84890a00, 0x0000020c848b7420,
0x0000020c848b7f50, 0x0000020c848ee2d0, 0x0000020c848eeba0, 0x0000020c848ef890,
0x0000020c848f0290, 0x0000020c848fc1a0, 0x0000020c849dea40, 0x0000020c84b43780,
0x0000020c8a964480, 0x0000020c8a5f7040, 0x0000020c8af4da00, 0x0000020c89ff69d0,
0x0000020c8a0ee7c0, 0x0000020c89e8d910, 0x0000020c89e8b090, 0x0000020c89e8e840,
0x0000020c89e8bab0, 0x0000020c89e8b5a0, 0x0000020c89e8bfc0, 0x0000020c89e8c9e0,
0x0000020c89e8e330, 0x0000020c8a7c6100, 0x0000020c89e8cef0, 0x0000020c89e8d400,
0x0000020c89e8de20, 0x0000020c8aed9b10, 0x0000020c8aede700, 0x0000020c8aedc8a0,
0x0000020c8aedec10, 0x0000020c8bd97370, 0x0000020c8aedaf50
}

Java Threads: ( => current thread )
  0x0000020ce84cc7d0 JavaThread "main" [_thread_blocked, id=9532, stack(0x000000b441700000,0x000000b441800000)]
  0x0000020c8488fb80 JavaThread "Reference Handler" daemon [_thread_blocked, id=3844, stack(0x000000b441e00000,0x000000b441f00000)]
  0x0000020c84890a00 JavaThread "Finalizer" daemon [_thread_blocked, id=9248, stack(0x000000b441f00000,0x000000b442000000)]
  0x0000020c848b7420 JavaThread "Signal Dispatcher" daemon [_thread_blocked, id=17580, stack(0x000000b442000000,0x000000b442100000)]
  0x0000020c848b7f50 JavaThread "Attach Listener" daemon [_thread_blocked, id=14304, stack(0x000000b442100000,0x000000b442200000)]
  0x0000020c848ee2d0 JavaThread "Service Thread" daemon [_thread_blocked, id=4400, stack(0x000000b442200000,0x000000b442300000)]
  0x0000020c848eeba0 JavaThread "Monitor Deflation Thread" daemon [_thread_blocked, id=7532, stack(0x000000b442300000,0x000000b442400000)]
  0x0000020c848ef890 JavaThread "C2 CompilerThread0" daemon [_thread_in_native, id=14964, stack(0x000000b442400000,0x000000b442500000)]
  0x0000020c848f0290 JavaThread "C1 CompilerThread0" daemon [_thread_blocked, id=16868, stack(0x000000b442500000,0x000000b442600000)]
  0x0000020c848fc1a0 JavaThread "Sweeper thread" daemon [_thread_blocked, id=17248, stack(0x000000b442600000,0x000000b442700000)]
  0x0000020c849dea40 JavaThread "Common-Cleaner" daemon [_thread_blocked, id=20132, stack(0x000000b442700000,0x000000b442800000)]
  0x0000020c84b43780 JavaThread "Notification Thread" daemon [_thread_blocked, id=2684, stack(0x000000b442800000,0x000000b442900000)]
  0x0000020c8a964480 JavaThread "Daemon health stats" [_thread_blocked, id=22324, stack(0x000000b443000000,0x000000b443100000)]
  0x0000020c8a5f7040 JavaThread "Incoming local TCP Connector on port 63989" [_thread_in_native, id=17384, stack(0x000000b443100000,0x000000b443200000)]
  0x0000020c8af4da00 JavaThread "Daemon periodic checks" [_thread_blocked, id=22900, stack(0x000000b443200000,0x000000b443300000)]
  0x0000020c89ff69d0 JavaThread "Daemon" [_thread_blocked, id=16784, stack(0x000000b443300000,0x000000b443400000)]
  0x0000020c8a0ee7c0 JavaThread "Handler for socket connection from /127.0.0.1:63989 to /127.0.0.1:63990" [_thread_in_native, id=13420, stack(0x000000b443400000,0x000000b443500000)]
  0x0000020c89e8d910 JavaThread "Cancel handler" [_thread_blocked, id=2532, stack(0x000000b443500000,0x000000b443600000)]
  0x0000020c89e8b090 JavaThread "Daemon worker" [_thread_in_vm, id=3664, stack(0x000000b443600000,0x000000b443700000)]
  0x0000020c89e8e840 JavaThread "Asynchronous log dispatcher for DefaultDaemonConnection: socket connection from /127.0.0.1:63989 to /127.0.0.1:63990" [_thread_blocked, id=7568, stack(0x000000b443700000,0x000000b443800000)]
  0x0000020c89e8bab0 JavaThread "Stdin handler" [_thread_blocked, id=2520, stack(0x000000b443800000,0x000000b443900000)]
  0x0000020c89e8b5a0 JavaThread "Daemon client event forwarder" [_thread_blocked, id=9408, stack(0x000000b443900000,0x000000b443a00000)]
  0x0000020c89e8bfc0 JavaThread "Cache worker for journal cache (C:\Users\Lenovo\.gradle\caches\journal-1)" [_thread_blocked, id=17052, stack(0x000000b442a00000,0x000000b442b00000)]
  0x0000020c89e8c9e0 JavaThread "File lock request listener" [_thread_in_native, id=18392, stack(0x000000b442f00000,0x000000b443000000)]
  0x0000020c89e8e330 JavaThread "Cache worker for file hash cache (C:\Users\Lenovo\.gradle\caches\8.6\fileHashes)" [_thread_blocked, id=16176, stack(0x000000b444100000,0x000000b444200000)]
=>0x0000020c8a7c6100 JavaThread "C2 CompilerThread1" daemon [_thread_in_native, id=5212, stack(0x000000b444200000,0x000000b444300000)]
  0x0000020c89e8cef0 JavaThread "File watcher server" daemon [_thread_in_native, id=6700, stack(0x000000b444300000,0x000000b444400000)]
  0x0000020c89e8d400 JavaThread "File watcher consumer" daemon [_thread_blocked, id=7920, stack(0x000000b444400000,0x000000b444500000)]
  0x0000020c89e8de20 JavaThread "Cache worker for checksums cache (D:\project\.gradle\8.6\checksums)" [_thread_blocked, id=18764, stack(0x000000b444500000,0x000000b444600000)]
  0x0000020c8aed9b10 JavaThread "Cache worker for file hash cache (D:\project\.gradle\8.6\fileHashes)" [_thread_blocked, id=15548, stack(0x000000b444600000,0x000000b444700000)]
  0x0000020c8aede700 JavaThread "Cache worker for cache directory md-supplier (C:\Users\Lenovo\.gradle\caches\8.6\md-supplier)" [_thread_blocked, id=8928, stack(0x000000b444700000,0x000000b444800000)]
  0x0000020c8aedc8a0 JavaThread "Cache worker for cache directory md-rule (C:\Users\Lenovo\.gradle\caches\8.6\md-rule)" [_thread_blocked, id=5644, stack(0x000000b444800000,0x000000b444900000)]
  0x0000020c8aedec10 JavaThread "Cache worker for file content cache (C:\Users\Lenovo\.gradle\caches\8.6\fileContent)" [_thread_blocked, id=20532, stack(0x000000b444900000,0x000000b444a00000)]
  0x0000020c8bd97370 JavaThread "C2 CompilerThread2" daemon [_thread_in_native, id=19980, stack(0x000000b444a00000,0x000000b444b00000)]
  0x0000020c8aedaf50 JavaThread "jar transforms" [_thread_blocked, id=23468, stack(0x000000b444b00000,0x000000b444c00000)]

Other Threads:
  0x0000020c8488d630 VMThread "VM Thread" [stack: 0x000000b441d00000,0x000000b441e00000] [id=1732]
  0x0000020c84bc0190 WatcherThread [stack: 0x000000b442900000,0x000000b442a00000] [id=22436]
  0x0000020ce8529f70 GCTaskThread "GC Thread#0" [stack: 0x000000b441800000,0x000000b441900000] [id=2700]
  0x0000020c89becca0 GCTaskThread "GC Thread#1" [stack: 0x000000b442c00000,0x000000b442d00000] [id=19116]
  0x0000020c8a079890 GCTaskThread "GC Thread#2" [stack: 0x000000b442d00000,0x000000b442e00000] [id=3812]
  0x0000020c8971ccb0 GCTaskThread "GC Thread#3" [stack: 0x000000b442e00000,0x000000b442f00000] [id=22864]
  0x0000020c89ef3cb0 GCTaskThread "GC Thread#4" [stack: 0x000000b442b00000,0x000000b442c00000] [id=7636]
  0x0000020c8a6f9510 GCTaskThread "GC Thread#5" [stack: 0x000000b443a00000,0x000000b443b00000] [id=20224]
  0x0000020c8a773500 GCTaskThread "GC Thread#6" [stack: 0x000000b443b00000,0x000000b443c00000] [id=9624]
  0x0000020c8a8e6e60 GCTaskThread "GC Thread#7" [stack: 0x000000b443c00000,0x000000b443d00000] [id=21148]
  0x0000020c8b1cb0b0 GCTaskThread "GC Thread#8" [stack: 0x000000b443d00000,0x000000b443e00000] [id=1952]
  0x0000020c8b762600 GCTaskThread "GC Thread#9" [stack: 0x000000b443e00000,0x000000b443f00000] [id=1396]
  0x0000020ce853aec0 ConcurrentGCThread "G1 Main Marker" [stack: 0x000000b441900000,0x000000b441a00000] [id=9588]
  0x0000020ce853b8e0 ConcurrentGCThread "G1 Conc#0" [stack: 0x000000b441a00000,0x000000b441b00000] [id=4300]
  0x0000020c8a9332d0 ConcurrentGCThread "G1 Conc#1" [stack: 0x000000b443f00000,0x000000b444000000] [id=17020]
  0x0000020c8a932510 ConcurrentGCThread "G1 Conc#2" [stack: 0x000000b444000000,0x000000b444100000] [id=21276]
  0x0000020ce857df80 ConcurrentGCThread "G1 Refine#0" [stack: 0x000000b441b00000,0x000000b441c00000] [id=15540]
  0x0000020ce857e9b0 ConcurrentGCThread "G1 Service" [stack: 0x000000b441c00000,0x000000b441d00000] [id=13052]

Threads with active compile tasks:
C2 CompilerThread0     7421 3736       4       java.lang.PublicMethods$Key::hashCode (19 bytes)
C1 CompilerThread0     7421 3739       3       org.codehaus.groovy.reflection.CachedClass::addSubclassExpandos (138 bytes)
C2 CompilerThread1     7421 3680   !   4       jdk.internal.loader.URLClassPath$JarLoader::getResource (354 bytes)
C2 CompilerThread2     7421 3734       4       java.lang.PublicMethods$MethodList::filter (104 bytes)

VM state: not at safepoint (normal execution)

VM Mutex/Monitor currently owned by a thread: None

Heap address: 0x0000000080000000, size: 2048 MB, Compressed Oops mode: 32-bit

CDS archive(s) not mapped
Compressed class space mapped at: 0x0000000100000000-0x0000000140000000, reserved size: 1073741824
Narrow klass base: 0x0000000000000000, Narrow klass shift: 3, Narrow klass range: 0x140000000

GC Precious Log:
 CPUs: 12 total, 12 available
 Memory: 5989M
 Large Page Support: Disabled
 NUMA Support: Disabled
 Compressed Oops: Enabled (32-bit)
 Heap Region Size: 1M
 Heap Min Capacity: 8M
 Heap Initial Capacity: 94M
 Heap Max Capacity: 2G
 Pre-touch: Disabled
 Parallel Workers: 10
 Concurrent Workers: 3
 Concurrent Refinement Workers: 10
 Periodic GC: Disabled

Heap:
 garbage-first heap   total 82944K, used 34895K [0x0000000080000000, 0x0000000100000000)
  region size 1024K, 2 young (2048K), 1 survivors (1024K)
 Metaspace       used 43397K, committed 43776K, reserved 1114112K
  class space    used 5731K, committed 5888K, reserved 1048576K

Heap Regions: E=young(eden), S=young(survivor), O=old, HS=humongous(starts), HC=humongous(continues), CS=collection set, F=free, OA=open archive, CA=closed archive, TAMS=top-at-mark-start (previous, next)
|   0|0x0000000080000000, 0x0000000080100000, 0x0000000080100000|100%|HS|  |TAMS 0x0000000080100000, 0x0000000080100000| Complete 
|   1|0x0000000080100000, 0x0000000080200000, 0x0000000080200000|100%|HC|  |TAMS 0x0000000080200000, 0x0000000080200000| Complete 
|   2|0x0000000080200000, 0x0000000080300000, 0x0000000080300000|100%|HC|  |TAMS 0x0000000080300000, 0x0000000080300000| Complete 
|   3|0x0000000080300000, 0x0000000080400000, 0x0000000080400000|100%|HC|  |TAMS 0x0000000080400000, 0x0000000080400000| Complete 
|   4|0x0000000080400000, 0x0000000080500000, 0x0000000080500000|100%| O|  |TAMS 0x0000000080500000, 0x0000000080500000| Untracked 
|   5|0x0000000080500000, 0x0000000080600000, 0x0000000080600000|100%| O|  |TAMS 0x0000000080600000, 0x0000000080600000| Untracked 
|   6|0x0000000080600000, 0x0000000080700000, 0x0000000080700000|100%| O|  |TAMS 0x0000000080700000, 0x0000000080700000| Untracked 
|   7|0x0000000080700000, 0x0000000080800000, 0x0000000080800000|100%| O|  |TAMS 0x0000000080800000, 0x0000000080800000| Untracked 
|   8|0x0000000080800000, 0x0000000080900000, 0x0000000080900000|100%| O|  |TAMS 0x0000000080900000, 0x0000000080900000| Untracked 
|   9|0x0000000080900000, 0x0000000080a00000, 0x0000000080a00000|100%| O|  |TAMS 0x0000000080a00000, 0x0000000080a00000| Untracked 
|  10|0x0000000080a00000, 0x0000000080b00000, 0x0000000080b00000|100%| O|  |TAMS 0x0000000080b00000, 0x0000000080b00000| Untracked 
|  11|0x0000000080b00000, 0x0000000080c00000, 0x0000000080c00000|100%| O|  |TAMS 0x0000000080c00000, 0x0000000080c00000| Untracked 
|  12|0x0000000080c00000, 0x0000000080cbc800, 0x0000000080d00000| 73%| O|  |TAMS 0x0000000080cbc800, 0x0000000080cbc800| Untracked 
|  13|0x0000000080d00000, 0x0000000080e00000, 0x0000000080e00000|100%| O|  |TAMS 0x0000000080e00000, 0x0000000080e00000| Untracked 
|  14|0x0000000080e00000, 0x0000000080f00000, 0x0000000080f00000|100%| O|  |TAMS 0x0000000080f00000, 0x0000000080f00000| Untracked 
|  15|0x0000000080f00000, 0x0000000081000000, 0x0000000081000000|100%| O|  |TAMS 0x0000000081000000, 0x0000000081000000| Untracked 
|  16|0x0000000081000000, 0x0000000081100000, 0x0000000081100000|100%| O|  |TAMS 0x0000000081100000, 0x0000000081100000| Untracked 
|  17|0x0000000081100000, 0x0000000081200000, 0x0000000081200000|100%| O|  |TAMS 0x0000000081200000, 0x0000000081200000| Untracked 
|  18|0x0000000081200000, 0x0000000081300000, 0x0000000081300000|100%| O|  |TAMS 0x0000000081300000, 0x0000000081300000| Untracked 
|  19|0x0000000081300000, 0x0000000081400000, 0x0000000081400000|100%| O|  |TAMS 0x0000000081400000, 0x0000000081400000| Untracked 
|  20|0x0000000081400000, 0x0000000081500000, 0x0000000081500000|100%| O|  |TAMS 0x00000000814b6400, 0x0000000081500000| Untracked 
|  21|0x0000000081500000, 0x0000000081600000, 0x0000000081600000|100%| O|  |TAMS 0x0000000081500000, 0x0000000081600000| Untracked 
|  22|0x0000000081600000, 0x0000000081700000, 0x0000000081700000|100%| O|  |TAMS 0x0000000081600000, 0x0000000081700000| Untracked 
|  23|0x0000000081700000, 0x0000000081800000, 0x0000000081800000|100%| O|  |TAMS 0x0000000081700000, 0x0000000081800000| Untracked 
|  24|0x0000000081800000, 0x0000000081900000, 0x0000000081900000|100%| O|  |TAMS 0x0000000081800000, 0x0000000081900000| Untracked 
|  25|0x0000000081900000, 0x0000000081a00000, 0x0000000081a00000|100%| O|  |TAMS 0x0000000081900000, 0x0000000081a00000| Untracked 
|  26|0x0000000081a00000, 0x0000000081b00000, 0x0000000081b00000|100%| O|  |TAMS 0x0000000081a00000, 0x0000000081b00000| Untracked 
|  27|0x0000000081b00000, 0x0000000081c00000, 0x0000000081c00000|100%| O|  |TAMS 0x0000000081b00000, 0x0000000081b96200| Untracked 
|  28|0x0000000081c00000, 0x0000000081c00000, 0x0000000081d00000|  0%| F|  |TAMS 0x0000000081c00000, 0x0000000081c00000| Untracked 
|  29|0x0000000081d00000, 0x0000000081e00000, 0x0000000081e00000|100%|HS|  |TAMS 0x0000000081d00000, 0x0000000081e00000| Complete 
|  30|0x0000000081e00000, 0x0000000081f00000, 0x0000000081f00000|100%|HC|  |TAMS 0x0000000081e00000, 0x0000000081f00000| Complete 
|  31|0x0000000081f00000, 0x0000000082000000, 0x0000000082000000|100%| O|  |TAMS 0x0000000081f00000, 0x0000000081f00000| Untracked 
|  32|0x0000000082000000, 0x0000000082100000, 0x0000000082100000|100%| O|  |TAMS 0x0000000082000000, 0x0000000082000000| Untracked 
|  33|0x0000000082100000, 0x000000008212f800, 0x0000000082200000| 18%| O|  |TAMS 0x0000000082100000, 0x0000000082100000| Untracked 
|  34|0x0000000082200000, 0x0000000082300000, 0x0000000082300000|100%|HS|  |TAMS 0x0000000082200000, 0x0000000082200000| Complete 
|  35|0x0000000082300000, 0x0000000082400000, 0x0000000082400000|100%|HC|  |TAMS 0x0000000082300000, 0x0000000082300000| Complete 
|  36|0x0000000082400000, 0x0000000082400000, 0x0000000082500000|  0%| F|  |TAMS 0x0000000082400000, 0x0000000082400000| Untracked 
|  37|0x0000000082500000, 0x0000000082500000, 0x0000000082600000|  0%| F|  |TAMS 0x0000000082500000, 0x0000000082500000| Untracked 
|  38|0x0000000082600000, 0x0000000082600000, 0x0000000082700000|  0%| F|  |TAMS 0x0000000082600000, 0x0000000082600000| Untracked 
|  39|0x0000000082700000, 0x0000000082700000, 0x0000000082800000|  0%| F|  |TAMS 0x0000000082700000, 0x0000000082700000| Untracked 
|  40|0x0000000082800000, 0x0000000082800000, 0x0000000082900000|  0%| F|  |TAMS 0x0000000082800000, 0x0000000082800000| Untracked 
|  41|0x0000000082900000, 0x0000000082900000, 0x0000000082a00000|  0%| F|  |TAMS 0x0000000082900000, 0x0000000082900000| Untracked 
|  42|0x0000000082a00000, 0x0000000082a00000, 0x0000000082b00000|  0%| F|  |TAMS 0x0000000082a00000, 0x0000000082a00000| Untracked 
|  43|0x0000000082b00000, 0x0000000082b00000, 0x0000000082c00000|  0%| F|  |TAMS 0x0000000082b00000, 0x0000000082b00000| Untracked 
|  44|0x0000000082c00000, 0x0000000082c00000, 0x0000000082d00000|  0%| F|  |TAMS 0x0000000082c00000, 0x0000000082c00000| Untracked 
|  45|0x0000000082d00000, 0x0000000082d00000, 0x0000000082e00000|  0%| F|  |TAMS 0x0000000082d00000, 0x0000000082d00000| Untracked 
|  46|0x0000000082e00000, 0x0000000082e00000, 0x0000000082f00000|  0%| F|  |TAMS 0x0000000082e00000, 0x0000000082e00000| Untracked 
|  47|0x0000000082f00000, 0x0000000082f00000, 0x0000000083000000|  0%| F|  |TAMS 0x0000000082f00000, 0x0000000082f00000| Untracked 
|  48|0x0000000083000000, 0x0000000083000000, 0x0000000083100000|  0%| F|  |TAMS 0x0000000083000000, 0x0000000083000000| Untracked 
|  49|0x0000000083100000, 0x0000000083100000, 0x0000000083200000|  0%| F|  |TAMS 0x0000000083100000, 0x0000000083100000| Untracked 
|  50|0x0000000083200000, 0x0000000083200000, 0x0000000083300000|  0%| F|  |TAMS 0x0000000083200000, 0x0000000083200000| Untracked 
|  51|0x0000000083300000, 0x0000000083300000, 0x0000000083400000|  0%| F|  |TAMS 0x0000000083300000, 0x0000000083300000| Untracked 
|  52|0x0000000083400000, 0x0000000083400000, 0x0000000083500000|  0%| F|  |TAMS 0x0000000083400000, 0x0000000083400000| Untracked 
|  53|0x0000000083500000, 0x0000000083500000, 0x0000000083600000|  0%| F|  |TAMS 0x0000000083500000, 0x0000000083500000| Untracked 
|  54|0x0000000083600000, 0x0000000083600000, 0x0000000083700000|  0%| F|  |TAMS 0x0000000083600000, 0x0000000083600000| Untracked 
|  55|0x0000000083700000, 0x0000000083700000, 0x0000000083800000|  0%| F|  |TAMS 0x0000000083700000, 0x0000000083700000| Untracked 
|  56|0x0000000083800000, 0x0000000083800000, 0x0000000083900000|  0%| F|  |TAMS 0x0000000083800000, 0x0000000083800000| Untracked 
|  57|0x0000000083900000, 0x0000000083900000, 0x0000000083a00000|  0%| F|  |TAMS 0x0000000083900000, 0x0000000083900000| Untracked 
|  58|0x0000000083a00000, 0x0000000083a00000, 0x0000000083b00000|  0%| F|  |TAMS 0x0000000083a00000, 0x0000000083a00000| Untracked 
|  59|0x0000000083b00000, 0x0000000083b00000, 0x0000000083c00000|  0%| F|  |TAMS 0x0000000083b00000, 0x0000000083b00000| Untracked 
|  60|0x0000000083c00000, 0x0000000083c00000, 0x0000000083d00000|  0%| F|  |TAMS 0x0000000083c00000, 0x0000000083c00000| Untracked 
|  61|0x0000000083d00000, 0x0000000083d00000, 0x0000000083e00000|  0%| F|  |TAMS 0x0000000083d00000, 0x0000000083d00000| Untracked 
|  62|0x0000000083e00000, 0x0000000083e00000, 0x0000000083f00000|  0%| F|  |TAMS 0x0000000083e00000, 0x0000000083e00000| Untracked 
|  63|0x0000000083f00000, 0x0000000083f00000, 0x0000000084000000|  0%| F|  |TAMS 0x0000000083f00000, 0x0000000083f00000| Untracked 
|  64|0x0000000084000000, 0x0000000084000000, 0x0000000084100000|  0%| F|  |TAMS 0x0000000084000000, 0x0000000084000000| Untracked 
|  65|0x0000000084100000, 0x0000000084127df8, 0x0000000084200000| 15%| S|CS|TAMS 0x0000000084100000, 0x0000000084100000| Complete 
|  66|0x0000000084200000, 0x0000000084200000, 0x0000000084300000|  0%| F|  |TAMS 0x0000000084200000, 0x0000000084200000| Untracked 
|  67|0x0000000084300000, 0x0000000084300000, 0x0000000084400000|  0%| F|  |TAMS 0x0000000084300000, 0x0000000084300000| Untracked 
|  68|0x0000000084400000, 0x0000000084400000, 0x0000000084500000|  0%| F|  |TAMS 0x0000000084400000, 0x0000000084400000| Untracked 
|  69|0x0000000084500000, 0x0000000084500000, 0x0000000084600000|  0%| F|  |TAMS 0x0000000084500000, 0x0000000084500000| Untracked 
|  70|0x0000000084600000, 0x0000000084600000, 0x0000000084700000|  0%| F|  |TAMS 0x0000000084600000, 0x0000000084600000| Untracked 
|  71|0x0000000084700000, 0x0000000084700000, 0x0000000084800000|  0%| F|  |TAMS 0x0000000084700000, 0x0000000084700000| Untracked 
|  72|0x0000000084800000, 0x0000000084800000, 0x0000000084900000|  0%| F|  |TAMS 0x0000000084800000, 0x0000000084800000| Untracked 
|  73|0x0000000084900000, 0x0000000084900000, 0x0000000084a00000|  0%| F|  |TAMS 0x0000000084900000, 0x0000000084900000| Untracked 
|  74|0x0000000084a00000, 0x0000000084a00000, 0x0000000084b00000|  0%| F|  |TAMS 0x0000000084a00000, 0x0000000084a00000| Untracked 
|  75|0x0000000084b00000, 0x0000000084b00000, 0x0000000084c00000|  0%| F|  |TAMS 0x0000000084b00000, 0x0000000084b00000| Untracked 
|  76|0x0000000084c00000, 0x0000000084c00000, 0x0000000084d00000|  0%| F|  |TAMS 0x0000000084c00000, 0x0000000084c00000| Untracked 
|  77|0x0000000084d00000, 0x0000000084d00000, 0x0000000084e00000|  0%| F|  |TAMS 0x0000000084d00000, 0x0000000084d00000| Untracked 
|  78|0x0000000084e00000, 0x0000000084e00000, 0x0000000084f00000|  0%| F|  |TAMS 0x0000000084e00000, 0x0000000084e00000| Untracked 
|  79|0x0000000084f00000, 0x0000000084f80800, 0x0000000085000000| 50%| E|  |TAMS 0x0000000084f00000, 0x0000000084f00000| Complete 
|  93|0x0000000085d00000, 0x0000000085e00000, 0x0000000085e00000|100%| E|CS|TAMS 0x0000000085d00000, 0x0000000085d00000| Complete 

Card table byte_map: [0x0000020cfd220000,0x0000020cfd620000] _byte_map_base: 0x0000020cfce20000

Marking Bits (Prev, Next): (CMBitMap*) 0x0000020ce852a590, (CMBitMap*) 0x0000020ce852a5d0
 Prev Bits: [0x0000020cfda20000, 0x0000020cffa20000)
 Next Bits: [0x0000020c80000000, 0x0000020c82000000)

Polling page: 0x0000020ce8580000

Metaspace:

Usage:
  Non-class:     36.78 MB used.
      Class:      5.60 MB used.
       Both:     42.38 MB used.

Virtual space:
  Non-class space:       64.00 MB reserved,      37.00 MB ( 58%) committed,  1 nodes.
      Class space:        1.00 GB reserved,       5.75 MB ( <1%) committed,  1 nodes.
             Both:        1.06 GB reserved,      42.75 MB (  4%) committed. 

Chunk freelists:
   Non-Class:  10.45 MB
       Class:  10.23 MB
        Both:  20.68 MB

MaxMetaspaceSize: unlimited
CompressedClassSpaceSize: 1.00 GB
Initial GC threshold: 21.00 MB
Current GC threshold: 58.75 MB
CDS: off
MetaspaceReclaimPolicy: balanced
 - commit_granule_bytes: 65536.
 - commit_granule_words: 8192.
 - virtual_space_node_default_size: 8388608.
 - enlarge_chunks_in_place: 1.
 - new_chunks_are_fully_committed: 0.
 - uncommit_free_chunks: 1.
 - use_allocation_guard: 0.
 - handle_deallocations: 1.


Internal statistics:

num_allocs_failed_limit: 6.
num_arena_births: 336.
num_arena_deaths: 0.
num_vsnodes_births: 2.
num_vsnodes_deaths: 0.
num_space_committed: 684.
num_space_uncommitted: 0.
num_chunks_returned_to_freelist: 6.
num_chunks_taken_from_freelist: 1567.
num_chunk_merges: 6.
num_chunk_splits: 1048.
num_chunks_enlarged: 755.
num_inconsistent_stats: 0.

CodeHeap 'non-profiled nmethods': size=120000Kb used=2098Kb max_used=2098Kb free=117901Kb
 bounds [0x0000020cf4c60000, 0x0000020cf4ed0000, 0x0000020cfc190000]
CodeHeap 'profiled nmethods': size=120000Kb used=7610Kb max_used=7610Kb free=112389Kb
 bounds [0x0000020ced190000, 0x0000020ced900000, 0x0000020cf46c0000]
CodeHeap 'non-nmethods': size=5760Kb used=2286Kb max_used=2301Kb free=3473Kb
 bounds [0x0000020cf46c0000, 0x0000020cf4930000, 0x0000020cf4c60000]
 total_blobs=4517 nmethods=3723 adapters=706
 compilation: enabled
              stopped_count=0, restarted_count=0
 full_count=0

Compilation events (20 events):
Event: 7.352 Thread 0x0000020c848f0290 nmethod 3724 0x0000020ced8f6a90 code [0x0000020ced8f6c20, 0x0000020ced8f6d98]
Event: 7.357 Thread 0x0000020c848f0290 3726       3       org.codehaus.groovy.reflection.CachedMethod::compareToMethod (125 bytes)
Event: 7.359 Thread 0x0000020c848f0290 nmethod 3726 0x0000020ced8f6e10 code [0x0000020ced8f70e0, 0x0000020ced8f7f68]
Event: 7.359 Thread 0x0000020c848f0290 3725       3       org.codehaus.groovy.reflection.CachedMethod$MyComparator::compare (43 bytes)
Event: 7.368 Thread 0x0000020c848f0290 nmethod 3725 0x0000020ced8f8590 code [0x0000020ced8f8800, 0x0000020ced8f95e8]
Event: 7.368 Thread 0x0000020c848f0290 3727       1       groovy.lang.MetaProperty::getType (5 bytes)
Event: 7.368 Thread 0x0000020c848f0290 nmethod 3727 0x0000020cf4e5df90 code [0x0000020cf4e5e120, 0x0000020cf4e5e1f8]
Event: 7.368 Thread 0x0000020c848f0290 3728       1       groovy.lang.MetaBeanProperty::getGetter (5 bytes)
Event: 7.368 Thread 0x0000020c848f0290 nmethod 3728 0x0000020cf4e5e290 code [0x0000020cf4e5e420, 0x0000020cf4e5e4f8]
Event: 7.368 Thread 0x0000020c848f0290 3729       1       groovy.lang.MetaBeanProperty::getField (5 bytes)
Event: 7.368 Thread 0x0000020c848f0290 nmethod 3729 0x0000020cf4e5e590 code [0x0000020cf4e5e720, 0x0000020cf4e5e7f8]
Event: 7.380 Thread 0x0000020c8bd97370 nmethod 3702 0x0000020cf4e5e890 code [0x0000020cf4e5eae0, 0x0000020cf4e60750]
Event: 7.380 Thread 0x0000020c8bd97370 3704       4       java.lang.invoke.Invokers$Holder::linkToTargetMethod (9 bytes)
Event: 7.381 Thread 0x0000020c8bd97370 nmethod 3704 0x0000020cf4e61910 code [0x0000020cf4e61aa0, 0x0000020cf4e61b78]
Event: 7.381 Thread 0x0000020c8bd97370 3705       4       java.lang.invoke.DirectMethodHandle$Holder::newInvokeSpecial (21 bytes)
Event: 7.384 Thread 0x0000020c8bd97370 nmethod 3705 0x0000020cf4e61c90 code [0x0000020cf4e61e20, 0x0000020cf4e62008]
Event: 7.384 Thread 0x0000020c8bd97370 3720       4       java.lang.reflect.Method::getParameterCount (6 bytes)
Event: 7.385 Thread 0x0000020c8bd97370 nmethod 3720 0x0000020cf4e62210 code [0x0000020cf4e62380, 0x0000020cf4e62418]
Event: 7.385 Thread 0x0000020c8bd97370 3710       4       java.util.concurrent.atomic.AtomicInteger::incrementAndGet (14 bytes)
Event: 7.386 Thread 0x0000020c8bd97370 nmethod 3710 0x0000020cf4e62510 code [0x0000020cf4e62680, 0x0000020cf4e62718]

GC Heap History (20 events):
Event: 1.174 GC heap before
{Heap before GC invocations=0 (full 0):
 garbage-first heap   total 96256K, used 26624K [0x0000000080000000, 0x0000000100000000)
  region size 1024K, 23 young (23552K), 0 survivors (0K)
 Metaspace       used 10451K, committed 10624K, reserved 1114112K
  class space    used 1088K, committed 1152K, reserved 1048576K
}
Event: 1.182 GC heap after
{Heap after GC invocations=1 (full 0):
 garbage-first heap   total 96256K, used 10408K [0x0000000080000000, 0x0000000100000000)
  region size 1024K, 3 young (3072K), 3 survivors (3072K)
 Metaspace       used 10451K, committed 10624K, reserved 1114112K
  class space    used 1088K, committed 1152K, reserved 1048576K
}
Event: 2.047 GC heap before
{Heap before GC invocations=1 (full 0):
 garbage-first heap   total 96256K, used 38056K [0x0000000080000000, 0x0000000100000000)
  region size 1024K, 30 young (30720K), 3 survivors (3072K)
 Metaspace       used 11427K, committed 11584K, reserved 1114112K
  class space    used 1196K, committed 1280K, reserved 1048576K
}
Event: 2.054 GC heap after
{Heap after GC invocations=2 (full 0):
 garbage-first heap   total 96256K, used 11651K [0x0000000080000000, 0x0000000100000000)
  region size 1024K, 1 young (1024K), 1 survivors (1024K)
 Metaspace       used 11427K, committed 11584K, reserved 1114112K
  class space    used 1196K, committed 1280K, reserved 1048576K
}
Event: 3.695 GC heap before
{Heap before GC invocations=2 (full 0):
 garbage-first heap   total 96256K, used 61827K [0x0000000080000000, 0x0000000100000000)
  region size 1024K, 51 young (52224K), 1 survivors (1024K)
 Metaspace       used 21282K, committed 21504K, reserved 1114112K
  class space    used 2506K, committed 2624K, reserved 1048576K
}
Event: 3.705 GC heap after
{Heap after GC invocations=3 (full 0):
 garbage-first heap   total 96256K, used 19186K [0x0000000080000000, 0x0000000100000000)
  region size 1024K, 7 young (7168K), 7 survivors (7168K)
 Metaspace       used 21282K, committed 21504K, reserved 1114112K
  class space    used 2506K, committed 2624K, reserved 1048576K
}
Event: 4.566 GC heap before
{Heap before GC invocations=4 (full 0):
 garbage-first heap   total 68608K, used 52978K [0x0000000080000000, 0x0000000100000000)
  region size 1024K, 40 young (40960K), 7 survivors (7168K)
 Metaspace       used 26540K, committed 26752K, reserved 1114112K
  class space    used 3421K, committed 3520K, reserved 1048576K
}
Event: 4.574 GC heap after
{Heap after GC invocations=5 (full 0):
 garbage-first heap   total 68608K, used 21230K [0x0000000080000000, 0x0000000100000000)
  region size 1024K, 3 young (3072K), 3 survivors (3072K)
 Metaspace       used 26540K, committed 26752K, reserved 1114112K
  class space    used 3421K, committed 3520K, reserved 1048576K
}
Event: 5.207 GC heap before
{Heap before GC invocations=5 (full 0):
 garbage-first heap   total 68608K, used 47854K [0x0000000080000000, 0x0000000100000000)
  region size 1024K, 29 young (29696K), 3 survivors (3072K)
 Metaspace       used 30095K, committed 30400K, reserved 1114112K
  class space    used 4032K, committed 4160K, reserved 1048576K
}
Event: 5.213 GC heap after
{Heap after GC invocations=6 (full 0):
 garbage-first heap   total 68608K, used 22725K [0x0000000080000000, 0x0000000100000000)
  region size 1024K, 4 young (4096K), 4 survivors (4096K)
 Metaspace       used 30095K, committed 30400K, reserved 1114112K
  class space    used 4032K, committed 4160K, reserved 1048576K
}
Event: 5.885 GC heap before
{Heap before GC invocations=6 (full 0):
 garbage-first heap   total 68608K, used 50373K [0x0000000080000000, 0x0000000100000000)
  region size 1024K, 31 young (31744K), 4 survivors (4096K)
 Metaspace       used 33477K, committed 33792K, reserved 1114112K
  class space    used 4575K, committed 4736K, reserved 1048576K
}
Event: 5.892 GC heap after
{Heap after GC invocations=7 (full 0):
 garbage-first heap   total 68608K, used 23946K [0x0000000080000000, 0x0000000100000000)
  region size 1024K, 3 young (3072K), 3 survivors (3072K)
 Metaspace       used 33477K, committed 33792K, reserved 1114112K
  class space    used 4575K, committed 4736K, reserved 1048576K
}
Event: 6.208 GC heap before
{Heap before GC invocations=7 (full 0):
 garbage-first heap   total 68608K, used 35210K [0x0000000080000000, 0x0000000100000000)
  region size 1024K, 16 young (16384K), 3 survivors (3072K)
 Metaspace       used 35631K, committed 35968K, reserved 1114112K
  class space    used 4885K, committed 5056K, reserved 1048576K
}
Event: 6.215 GC heap after
{Heap after GC invocations=8 (full 0):
 garbage-first heap   total 68608K, used 24598K [0x0000000080000000, 0x0000000100000000)
  region size 1024K, 2 young (2048K), 2 survivors (2048K)
 Metaspace       used 35631K, committed 35968K, reserved 1114112K
  class space    used 4885K, committed 5056K, reserved 1048576K
}
Event: 6.876 GC heap before
{Heap before GC invocations=9 (full 0):
 garbage-first heap   total 68608K, used 51222K [0x0000000080000000, 0x0000000100000000)
  region size 1024K, 29 young (29696K), 2 survivors (2048K)
 Metaspace       used 40766K, committed 41088K, reserved 1114112K
  class space    used 5414K, committed 5568K, reserved 1048576K
}
Event: 6.882 GC heap after
{Heap after GC invocations=10 (full 0):
 garbage-first heap   total 68608K, used 27941K [0x0000000080000000, 0x0000000100000000)
  region size 1024K, 4 young (4096K), 4 survivors (4096K)
 Metaspace       used 40766K, committed 41088K, reserved 1114112K
  class space    used 5414K, committed 5568K, reserved 1048576K
}
Event: 7.361 GC heap before
{Heap before GC invocations=10 (full 0):
 garbage-first heap   total 68608K, used 51493K [0x0000000080000000, 0x0000000100000000)
  region size 1024K, 28 young (28672K), 4 survivors (4096K)
 Metaspace       used 42748K, committed 43136K, reserved 1114112K
  class space    used 5725K, committed 5888K, reserved 1048576K
}
Event: 7.368 GC heap after
{Heap after GC invocations=11 (full 0):
 garbage-first heap   total 68608K, used 30833K [0x0000000080000000, 0x0000000100000000)
  region size 1024K, 3 young (3072K), 3 survivors (3072K)
 Metaspace       used 42748K, committed 43136K, reserved 1114112K
  class space    used 5725K, committed 5888K, reserved 1048576K
}
Event: 7.372 GC heap before
{Heap before GC invocations=11 (full 0):
 garbage-first heap   total 68608K, used 33905K [0x0000000080000000, 0x0000000100000000)
  region size 1024K, 4 young (4096K), 3 survivors (3072K)
 Metaspace       used 42748K, committed 43136K, reserved 1114112K
  class space    used 5725K, committed 5888K, reserved 1048576K
}
Event: 7.376 GC heap after
{Heap after GC invocations=12 (full 0):
 garbage-first heap   total 82944K, used 32847K [0x0000000080000000, 0x0000000100000000)
  region size 1024K, 1 young (1024K), 1 survivors (1024K)
 Metaspace       used 42748K, committed 43136K, reserved 1114112K
  class space    used 5725K, committed 5888K, reserved 1048576K
}

Dll operation events (3 events):
Event: 0.011 Loaded shared library C:\Program Files\Android\Android Studio1\jbr\bin\java.dll
Event: 0.237 Loaded shared library C:\Program Files\Android\Android Studio1\jbr\bin\zip.dll
Event: 0.781 Loaded shared library C:\Program Files\Android\Android Studio1\jbr\bin\verify.dll

Deoptimization events (20 events):
Event: 7.341 Thread 0x0000020c89e8b090 Uncommon trap: trap_request=0xffffffde fr.pc=0x0000020cf4e41680 relative=0x0000000000000420
Event: 7.341 Thread 0x0000020c89e8b090 Uncommon trap: reason=class_check action=maybe_recompile pc=0x0000020cf4e41680 method=java.util.regex.Pattern$Start.match(Ljava/util/regex/Matcher;ILjava/lang/CharSequence;)Z @ 44 c2
Event: 7.341 Thread 0x0000020c89e8b090 DEOPT PACKING pc=0x0000020cf4e41680 sp=0x000000b4436f8be0
Event: 7.341 Thread 0x0000020c89e8b090 DEOPT UNPACKING pc=0x0000020cf47169a3 sp=0x000000b4436f8aa8 mode 2
Event: 7.342 Thread 0x0000020c89e8b090 Uncommon trap: trap_request=0xffffffde fr.pc=0x0000020cf4e37d60 relative=0x0000000000000400
Event: 7.342 Thread 0x0000020c89e8b090 Uncommon trap: reason=class_check action=maybe_recompile pc=0x0000020cf4e37d60 method=java.util.regex.Pattern$Start.match(Ljava/util/regex/Matcher;ILjava/lang/CharSequence;)Z @ 44 c2
Event: 7.342 Thread 0x0000020c89e8b090 DEOPT PACKING pc=0x0000020cf4e37d60 sp=0x000000b4436f8b60
Event: 7.342 Thread 0x0000020c89e8b090 DEOPT UNPACKING pc=0x0000020cf47169a3 sp=0x000000b4436f8aa0 mode 2
Event: 7.342 Thread 0x0000020c89e8b090 Uncommon trap: trap_request=0xffffffde fr.pc=0x0000020cf4e3b984 relative=0x00000000000002c4
Event: 7.342 Thread 0x0000020c89e8b090 Uncommon trap: reason=class_check action=maybe_recompile pc=0x0000020cf4e3b984 method=java.util.regex.Pattern$Start.match(Ljava/util/regex/Matcher;ILjava/lang/CharSequence;)Z @ 44 c2
Event: 7.342 Thread 0x0000020c89e8b090 DEOPT PACKING pc=0x0000020cf4e3b984 sp=0x000000b4436f8ae0
Event: 7.342 Thread 0x0000020c89e8b090 DEOPT UNPACKING pc=0x0000020cf47169a3 sp=0x000000b4436f8aa0 mode 2
Event: 7.358 Thread 0x0000020c89e8b090 Uncommon trap: trap_request=0xffffffbe fr.pc=0x0000020cf4e5bf14 relative=0x00000000000006d4
Event: 7.358 Thread 0x0000020c89e8b090 Uncommon trap: reason=profile_predicate action=maybe_recompile pc=0x0000020cf4e5bf14 method=java.lang.PublicMethods$MethodList.filter([Ljava/lang/reflect/Method;Ljava/lang/String;[Ljava/lang/Class;Z)Ljava/lang/PublicMethods$MethodList; @ 21 c2
Event: 7.358 Thread 0x0000020c89e8b090 DEOPT PACKING pc=0x0000020cf4e5bf14 sp=0x000000b4436f8f70
Event: 7.358 Thread 0x0000020c89e8b090 DEOPT UNPACKING pc=0x0000020cf47169a3 sp=0x000000b4436f8f18 mode 2
Event: 7.358 Thread 0x0000020c89e8b090 Uncommon trap: trap_request=0xffffffbe fr.pc=0x0000020cf4e5bf14 relative=0x00000000000006d4
Event: 7.358 Thread 0x0000020c89e8b090 Uncommon trap: reason=profile_predicate action=maybe_recompile pc=0x0000020cf4e5bf14 method=java.lang.PublicMethods$MethodList.filter([Ljava/lang/reflect/Method;Ljava/lang/String;[Ljava/lang/Class;Z)Ljava/lang/PublicMethods$MethodList; @ 21 c2
Event: 7.358 Thread 0x0000020c89e8b090 DEOPT PACKING pc=0x0000020cf4e5bf14 sp=0x000000b4436f8f50
Event: 7.358 Thread 0x0000020c89e8b090 DEOPT UNPACKING pc=0x0000020cf47169a3 sp=0x000000b4436f8ef8 mode 2

Classes unloaded (0 events):
No events

Classes redefined (0 events):
No events

Internal exceptions (20 events):
Event: 7.284 Thread 0x0000020c89e8b090 Exception <a 'java/lang/ClassNotFoundException'{0x0000000082f97570}: groovy/lang/BindingBeanInfo> (0x0000000082f97570) 
thrown [s\src\hotspot\share\classfile\systemDictionary.cpp, line 256]
Event: 7.285 Thread 0x0000020c89e8b090 Exception <a 'java/lang/ClassNotFoundException'{0x0000000082faf178}: groovy/lang/BindingCustomizer> (0x0000000082faf178) 
thrown [s\src\hotspot\share\classfile\systemDictionary.cpp, line 256]
Event: 7.303 Thread 0x0000020c89e8b090 Exception <a 'java/lang/ClassNotFoundException'{0x0000000082d06960}: settings_6os02szjzom308lbtvbjoqh80BeanInfo> (0x0000000082d06960) 
thrown [s\src\hotspot\share\classfile\systemDictionary.cpp, line 256]
Event: 7.304 Thread 0x0000020c89e8b090 Exception <a 'java/lang/ClassNotFoundException'{0x0000000082d110b0}: org/gradle/initialization/SettingsScriptBeanInfo> (0x0000000082d110b0) 
thrown [s\src\hotspot\share\classfile\systemDictionary.cpp, line 256]
Event: 7.305 Thread 0x0000020c89e8b090 Exception <a 'java/lang/ClassNotFoundException'{0x0000000082d1b960}: org/gradle/plugin/use/internal/PluginsAwareScriptBeanInfo> (0x0000000082d1b960) 
thrown [s\src\hotspot\share\classfile\systemDictionary.cpp, line 256]
Event: 7.305 Thread 0x0000020c89e8b090 Exception <a 'java/lang/ClassNotFoundException'{0x0000000082d260f8}: org/gradle/groovy/scripts/DefaultScriptBeanInfo> (0x0000000082d260f8) 
thrown [s\src\hotspot\share\classfile\systemDictionary.cpp, line 256]
Event: 7.305 Thread 0x0000020c89e8b090 Exception <a 'java/lang/ClassNotFoundException'{0x0000000082d30828}: org/gradle/groovy/scripts/BasicScriptBeanInfo> (0x0000000082d30828) 
thrown [s\src\hotspot\share\classfile\systemDictionary.cpp, line 256]
Event: 7.306 Thread 0x0000020c89e8b090 Exception <a 'java/lang/ClassNotFoundException'{0x0000000082d3aee8}: org/gradle/groovy/scripts/ScriptBeanInfo> (0x0000000082d3aee8) 
thrown [s\src\hotspot\share\classfile\systemDictionary.cpp, line 256]
Event: 7.307 Thread 0x0000020c89e8b090 Exception <a 'java/lang/ClassNotFoundException'{0x0000000082d52b00}: groovy/lang/ScriptBeanInfo> (0x0000000082d52b00) 
thrown [s\src\hotspot\share\classfile\systemDictionary.cpp, line 256]
Event: 7.307 Thread 0x0000020c89e8b090 Exception <a 'java/lang/ClassNotFoundException'{0x0000000082d6a708}: groovy/lang/ScriptCustomizer> (0x0000000082d6a708) 
thrown [s\src\hotspot\share\classfile\systemDictionary.cpp, line 256]
Event: 7.308 Thread 0x0000020c89e8b090 Exception <a 'java/lang/ClassNotFoundException'{0x0000000082d7cda8}: org/gradle/groovy/scripts/ScriptCustomizer> (0x0000000082d7cda8) 
thrown [s\src\hotspot\share\classfile\systemDictionary.cpp, line 256]
Event: 7.309 Thread 0x0000020c89e8b090 Exception <a 'java/lang/ClassNotFoundException'{0x0000000082d8e1c8}: org/gradle/groovy/scripts/BasicScriptCustomizer> (0x0000000082d8e1c8) 
thrown [s\src\hotspot\share\classfile\systemDictionary.cpp, line 256]
Event: 7.311 Thread 0x0000020c89e8b090 Exception <a 'java/lang/ClassNotFoundException'{0x0000000082da5228}: org/gradle/groovy/scripts/DefaultScriptCustomizer> (0x0000000082da5228) 
thrown [s\src\hotspot\share\classfile\systemDictionary.cpp, line 256]
Event: 7.314 Thread 0x0000020c89e8b090 Exception <a 'java/lang/ClassNotFoundException'{0x0000000082dcd6e8}: org/gradle/plugin/use/internal/PluginsAwareScriptCustomizer> (0x0000000082dcd6e8) 
thrown [s\src\hotspot\share\classfile\systemDictionary.cpp, line 256]
Event: 7.315 Thread 0x0000020c89e8b090 Exception <a 'java/lang/ClassNotFoundException'{0x0000000082de01b0}: org/gradle/initialization/SettingsScriptCustomizer> (0x0000000082de01b0) 
thrown [s\src\hotspot\share\classfile\systemDictionary.cpp, line 256]
Event: 7.316 Thread 0x0000020c89e8b090 Exception <a 'java/lang/ClassNotFoundException'{0x0000000082dee250}: settings_6os02szjzom308lbtvbjoqh80Customizer> (0x0000000082dee250) 
thrown [s\src\hotspot\share\classfile\systemDictionary.cpp, line 256]
Event: 7.337 Thread 0x0000020c89e8b090 Exception <a 'java/lang/ClassNotFoundException'{0x0000000082ca0f20}: groovy/lang/Closure$1BeanInfo> (0x0000000082ca0f20) 
thrown [s\src\hotspot\share\classfile\systemDictionary.cpp, line 256]
Event: 7.338 Thread 0x0000020c89e8b090 Exception <a 'java/lang/ClassNotFoundException'{0x0000000082cc3aa0}: groovy/lang/ClosureBeanInfo> (0x0000000082cc3aa0) 
thrown [s\src\hotspot\share\classfile\systemDictionary.cpp, line 256]
Event: 7.339 Thread 0x0000020c89e8b090 Exception <a 'java/lang/ClassNotFoundException'{0x0000000082ce6330}: groovy/lang/ClosureCustomizer> (0x0000000082ce6330) 
thrown [s\src\hotspot\share\classfile\systemDictionary.cpp, line 256]
Event: 7.346 Thread 0x0000020c89e8b090 Exception <a 'java/lang/ClassNotFoundException'{0x0000000082b2ccb0}: groovy/lang/Closure$1Customizer> (0x0000000082b2ccb0) 
thrown [s\src\hotspot\share\classfile\systemDictionary.cpp, line 256]

VM Operations (20 events):
Event: 6.490 Executing VM operation: HandshakeAllThreads
Event: 6.491 Executing VM operation: HandshakeAllThreads done
Event: 6.698 Executing VM operation: HandshakeAllThreads
Event: 6.699 Executing VM operation: HandshakeAllThreads done
Event: 6.699 Executing VM operation: HandshakeAllThreads
Event: 6.699 Executing VM operation: HandshakeAllThreads done
Event: 6.705 Executing VM operation: HandshakeAllThreads
Event: 6.705 Executing VM operation: HandshakeAllThreads done
Event: 6.817 Executing VM operation: HandshakeAllThreads
Event: 6.817 Executing VM operation: HandshakeAllThreads done
Event: 6.875 Executing VM operation: G1CollectForAllocation
Event: 6.882 Executing VM operation: G1CollectForAllocation done
Event: 7.097 Executing VM operation: HandshakeAllThreads
Event: 7.097 Executing VM operation: HandshakeAllThreads done
Event: 7.099 Executing VM operation: HandshakeAllThreads
Event: 7.100 Executing VM operation: HandshakeAllThreads done
Event: 7.360 Executing VM operation: G1CollectForAllocation
Event: 7.368 Executing VM operation: G1CollectForAllocation done
Event: 7.372 Executing VM operation: G1TryInitiateConcMark
Event: 7.376 Executing VM operation: G1TryInitiateConcMark done

Events (20 events):
Event: 6.998 loading class java/math/MutableBigInteger done
Event: 7.015 loading class java/lang/ProcessBuilder
Event: 7.016 loading class java/lang/ProcessBuilder done
Event: 7.117 loading class java/nio/charset/CharacterCodingException
Event: 7.117 loading class java/nio/charset/CharacterCodingException done
Event: 7.170 Thread 0x0000020c8aedaf50 Thread added: 0x0000020c8aedaf50
Event: 7.215 loading class java/util/stream/Streams$RangeIntSpliterator
Event: 7.216 loading class java/util/stream/Streams$RangeIntSpliterator done
Event: 7.218 loading class java/util/stream/Nodes$FixedNodeBuilder
Event: 7.218 loading class java/util/stream/Nodes$ArrayNode
Event: 7.218 loading class java/util/stream/Nodes$ArrayNode done
Event: 7.219 loading class java/util/stream/Nodes$FixedNodeBuilder done
Event: 7.346 loading class com/sun/beans/finder/MethodFinder
Event: 7.346 loading class com/sun/beans/finder/AbstractFinder
Event: 7.347 loading class com/sun/beans/finder/AbstractFinder done
Event: 7.347 loading class com/sun/beans/finder/MethodFinder done
Event: 7.347 loading class com/sun/beans/finder/MethodFinder$1
Event: 7.347 loading class com/sun/beans/finder/MethodFinder$1 done
Event: 7.347 loading class com/sun/beans/finder/FinderUtils
Event: 7.347 loading class com/sun/beans/finder/FinderUtils done


Dynamic libraries:
0x00007ff7dcd80000 - 0x00007ff7dcd8a000 	C:\Program Files\Android\Android Studio1\jbr\bin\java.exe
0x00007ff9e4c90000 - 0x00007ff9e4ea7000 	C:\WINDOWS\SYSTEM32\ntdll.dll
0x00007ff9e2b10000 - 0x00007ff9e2bd4000 	C:\WINDOWS\System32\KERNEL32.DLL
0x00007ff9e2470000 - 0x00007ff9e282a000 	C:\WINDOWS\System32\KERNELBASE.dll
0x00007ff9e2010000 - 0x00007ff9e2121000 	C:\WINDOWS\System32\ucrtbase.dll
0x00007ff9d8dc0000 - 0x00007ff9d8dd7000 	C:\Program Files\Android\Android Studio1\jbr\bin\jli.dll
0x00007ff9e4340000 - 0x00007ff9e44ee000 	C:\WINDOWS\System32\USER32.dll
0x00007ff9cb030000 - 0x00007ff9cb2c2000 	C:\WINDOWS\WinSxS\amd64_microsoft.windows.common-controls_6595b64144ccf1df_6.0.22621.4541_none_2710d1c57384c085\COMCTL32.dll
0x00007ff9d1fd0000 - 0x00007ff9d1feb000 	C:\Program Files\Android\Android Studio1\jbr\bin\VCRUNTIME140.dll
0x00007ff9e2970000 - 0x00007ff9e2996000 	C:\WINDOWS\System32\win32u.dll
0x00007ff9e4b70000 - 0x00007ff9e4c17000 	C:\WINDOWS\System32\msvcrt.dll
0x00007ff9e41e0000 - 0x00007ff9e4209000 	C:\WINDOWS\System32\GDI32.dll
0x00007ff9e2350000 - 0x00007ff9e246b000 	C:\WINDOWS\System32\gdi32full.dll
0x00007ff9e1f70000 - 0x00007ff9e200a000 	C:\WINDOWS\System32\msvcp_win.dll
0x00007ff9e44f0000 - 0x00007ff9e4521000 	C:\WINDOWS\System32\IMM32.DLL
0x00007ff9ca900000 - 0x00007ff9ca90c000 	C:\Program Files\Android\Android Studio1\jbr\bin\vcruntime140_1.dll
0x00007ff9b1db0000 - 0x00007ff9b1e3d000 	C:\Program Files\Android\Android Studio1\jbr\bin\msvcp140.dll
0x00007ff9a7b80000 - 0x00007ff9a8803000 	C:\Program Files\Android\Android Studio1\jbr\bin\server\jvm.dll
0x00007ff9e2be0000 - 0x00007ff9e2c92000 	C:\WINDOWS\System32\ADVAPI32.dll
0x00007ff9e4210000 - 0x00007ff9e42b7000 	C:\WINDOWS\System32\sechost.dll
0x00007ff9e2130000 - 0x00007ff9e2158000 	C:\WINDOWS\System32\bcrypt.dll
0x00007ff9e3080000 - 0x00007ff9e3194000 	C:\WINDOWS\System32\RPCRT4.dll
0x00007ff9e1e40000 - 0x00007ff9e1e8d000 	C:\WINDOWS\SYSTEM32\POWRPROF.dll
0x00007ff9cde00000 - 0x00007ff9cde09000 	C:\WINDOWS\SYSTEM32\WSOCK32.dll
0x00007ff9de020000 - 0x00007ff9de054000 	C:\WINDOWS\SYSTEM32\WINMM.dll
0x00007ff9e2fe0000 - 0x00007ff9e3051000 	C:\WINDOWS\System32\WS2_32.dll
0x00007ff9db1e0000 - 0x00007ff9db1ea000 	C:\WINDOWS\SYSTEM32\VERSION.dll
0x00007ff9e1e20000 - 0x00007ff9e1e33000 	C:\WINDOWS\SYSTEM32\UMPDC.dll
0x00007ff9e0fb0000 - 0x00007ff9e0fc8000 	C:\WINDOWS\SYSTEM32\kernel.appcore.dll
0x00007ff9dc130000 - 0x00007ff9dc13a000 	C:\Program Files\Android\Android Studio1\jbr\bin\jimage.dll
0x00007ff9d8eb0000 - 0x00007ff9d90e2000 	C:\WINDOWS\SYSTEM32\DBGHELP.DLL
0x00007ff9e3440000 - 0x00007ff9e37cf000 	C:\WINDOWS\System32\combase.dll
0x00007ff9e3360000 - 0x00007ff9e3437000 	C:\WINDOWS\System32\OLEAUT32.dll
0x00007ff9ca130000 - 0x00007ff9ca162000 	C:\WINDOWS\SYSTEM32\dbgcore.DLL
0x00007ff9e22d0000 - 0x00007ff9e234b000 	C:\WINDOWS\System32\bcryptPrimitives.dll
0x00007ff9dc180000 - 0x00007ff9dc18e000 	C:\Program Files\Android\Android Studio1\jbr\bin\instrument.dll
0x00007ff9d3160000 - 0x00007ff9d3185000 	C:\Program Files\Android\Android Studio1\jbr\bin\java.dll
0x00007ff9db260000 - 0x00007ff9db278000 	C:\Program Files\Android\Android Studio1\jbr\bin\zip.dll
0x00007ff9e3960000 - 0x00007ff9e41d8000 	C:\WINDOWS\System32\SHELL32.dll
0x00007ff9dfeb0000 - 0x00007ff9e07b8000 	C:\WINDOWS\SYSTEM32\windows.storage.dll
0x00007ff9dfd70000 - 0x00007ff9dfeaf000 	C:\WINDOWS\SYSTEM32\wintypes.dll
0x00007ff9e4a10000 - 0x00007ff9e4b0a000 	C:\WINDOWS\System32\SHCORE.dll
0x00007ff9e42c0000 - 0x00007ff9e431e000 	C:\WINDOWS\System32\shlwapi.dll
0x00007ff9e1ea0000 - 0x00007ff9e1ecb000 	C:\WINDOWS\SYSTEM32\profapi.dll
0x00007ff9dea60000 - 0x00007ff9dea79000 	C:\Program Files\Android\Android Studio1\jbr\bin\net.dll
0x00007ff9dde30000 - 0x00007ff9ddf66000 	C:\WINDOWS\SYSTEM32\WINHTTP.dll
0x00007ff9e1430000 - 0x00007ff9e1499000 	C:\WINDOWS\system32\mswsock.dll
0x00007ff9d8170000 - 0x00007ff9d8186000 	C:\Program Files\Android\Android Studio1\jbr\bin\nio.dll
0x00007ff9dea50000 - 0x00007ff9dea60000 	C:\Program Files\Android\Android Studio1\jbr\bin\verify.dll
0x00007ff9d2800000 - 0x00007ff9d2827000 	C:\Users\Lenovo\.gradle\native\c067742578af261105cb4f569cf0c3c89f3d7b1fecec35dd04571415982c5e48\windows-amd64\native-platform.dll
0x00007ff9ae850000 - 0x00007ff9ae994000 	C:\Users\Lenovo\.gradle\native\38dada09dfb8b06ba9b0570ebf7e218e3eb74d4ef43ca46872605cf95ebc2f47\windows-amd64\native-platform-file-events.dll
0x00007ff9de8d0000 - 0x00007ff9de8d9000 	C:\Program Files\Android\Android Studio1\jbr\bin\management.dll
0x00007ff9dc190000 - 0x00007ff9dc19b000 	C:\Program Files\Android\Android Studio1\jbr\bin\management_ext.dll
0x00007ff9e4330000 - 0x00007ff9e4338000 	C:\WINDOWS\System32\PSAPI.DLL
0x00007ff9e1690000 - 0x00007ff9e16ab000 	C:\WINDOWS\SYSTEM32\CRYPTSP.dll
0x00007ff9e0f10000 - 0x00007ff9e0f45000 	C:\WINDOWS\system32\rsaenh.dll
0x00007ff9e1520000 - 0x00007ff9e1548000 	C:\WINDOWS\SYSTEM32\USERENV.dll
0x00007ff9e1680000 - 0x00007ff9e168c000 	C:\WINDOWS\SYSTEM32\CRYPTBASE.dll
0x00007ff9e0a20000 - 0x00007ff9e0a4d000 	C:\WINDOWS\SYSTEM32\IPHLPAPI.DLL
0x00007ff9e4320000 - 0x00007ff9e4329000 	C:\WINDOWS\System32\NSI.dll
0x00007ff9de4e0000 - 0x00007ff9de4f9000 	C:\WINDOWS\SYSTEM32\dhcpcsvc6.DLL
0x00007ff9ddd30000 - 0x00007ff9ddd4f000 	C:\WINDOWS\SYSTEM32\dhcpcsvc.DLL
0x00007ff9e0a90000 - 0x00007ff9e0b92000 	C:\WINDOWS\SYSTEM32\DNSAPI.dll
0x00007ff9de8e0000 - 0x00007ff9de8e9000 	C:\Program Files\Android\Android Studio1\jbr\bin\extnet.dll
0x00007ff9c7ff0000 - 0x00007ff9c7ff8000 	C:\WINDOWS\system32\wshunix.dll

dbghelp: loaded successfully - version: 4.0.5 - missing functions: none
symbol engine: initialized successfully - sym options: 0x614 - pdb path: .;C:\Program Files\Android\Android Studio1\jbr\bin;C:\WINDOWS\SYSTEM32;C:\WINDOWS\WinSxS\amd64_microsoft.windows.common-controls_6595b64144ccf1df_6.0.22621.4541_none_2710d1c57384c085;C:\Program Files\Android\Android Studio1\jbr\bin\server;C:\Users\Lenovo\.gradle\native\c067742578af261105cb4f569cf0c3c89f3d7b1fecec35dd04571415982c5e48\windows-amd64;C:\Users\Lenovo\.gradle\native\38dada09dfb8b06ba9b0570ebf7e218e3eb74d4ef43ca46872605cf95ebc2f47\windows-amd64

VM Arguments:
jvm_args: --add-opens=java.base/java.util=ALL-UNNAMED --add-opens=java.base/java.lang=ALL-UNNAMED --add-opens=java.base/java.lang.invoke=ALL-UNNAMED --add-opens=java.prefs/java.util.prefs=ALL-UNNAMED --add-opens=java.base/java.nio.charset=ALL-UNNAMED --add-opens=java.base/java.net=ALL-UNNAMED --add-opens=java.base/java.util.concurrent.atomic=ALL-UNNAMED -Xmx2048m -Dfile.encoding=UTF-8 -Duser.country=US -Duser.language=en -Duser.variant -javaagent:C:\Users\Lenovo\.gradle\wrapper\dists\gradle-8.6-bin\afr5mpiioh2wthjmwnkmdsd5w\gradle-8.6\lib\agents\gradle-instrumentation-agent-8.6.jar 
java_command: org.gradle.launcher.daemon.bootstrap.GradleDaemon 8.6
java_class_path (initial): C:\Users\Lenovo\.gradle\wrapper\dists\gradle-8.6-bin\afr5mpiioh2wthjmwnkmdsd5w\gradle-8.6\lib\gradle-launcher-8.6.jar
Launcher Type: SUN_STANDARD

[Global flags]
     intx CICompilerCount                          = 4                                         {product} {ergonomic}
     uint ConcGCThreads                            = 3                                         {product} {ergonomic}
     uint G1ConcRefinementThreads                  = 10                                        {product} {ergonomic}
   size_t G1HeapRegionSize                         = 1048576                                   {product} {ergonomic}
    uintx GCDrainStackTargetSize                   = 64                                        {product} {ergonomic}
   size_t InitialHeapSize                          = 98566144                                  {product} {ergonomic}
   size_t MarkStackSize                            = 4194304                                   {product} {ergonomic}
   size_t MaxHeapSize                              = 2147483648                                {product} {command line}
   size_t MaxNewSize                               = 1287651328                                {product} {ergonomic}
   size_t MinHeapDeltaBytes                        = 1048576                                   {product} {ergonomic}
   size_t MinHeapSize                              = 8388608                                   {product} {ergonomic}
    uintx NonNMethodCodeHeapSize                   = 5839372                                {pd product} {ergonomic}
    uintx NonProfiledCodeHeapSize                  = 122909434                              {pd product} {ergonomic}
    uintx ProfiledCodeHeapSize                     = 122909434                              {pd product} {ergonomic}
    uintx ReservedCodeCacheSize                    = 251658240                              {pd product} {ergonomic}
     bool SegmentedCodeCache                       = true                                      {product} {ergonomic}
   size_t SoftMaxHeapSize                          = 2147483648                             {manageable} {ergonomic}
     bool UseCompressedClassPointers               = true                           {product lp64_product} {ergonomic}
     bool UseCompressedOops                        = true                           {product lp64_product} {ergonomic}
     bool UseG1GC                                  = true                                      {product} {ergonomic}
     bool UseLargePagesIndividualAllocation        = false                                  {pd product} {ergonomic}

Logging:
Log output configuration:
 #0: stdout all=warning uptime,level,tags
 #1: stderr all=off uptime,level,tags

Environment Variables:
JAVA_HOME=C:\Program Files\Java\jdk-23
PATH=C:\Program Files\Common Files\Oracle\Java\javapath;C:\Program Files (x86)\VMware\VMware Player\bin\;C:\Program Files (x86)\Common Files\Oracle\Java\javapath;C:\WINDOWS\system32;C:\WINDOWS;C:\WINDOWS\System32\Wbem;C:\WINDOWS\System32\WindowsPowerShell\v1.0\;C:\WINDOWS\System32\OpenSSH\;C:\MinGW\bin;C:\Program Files\Microsoft VS Code\bin;C:\Program Files\Git\cmd;C:\Program Files\MySQL\MySQL Shell 8.0\bin\;C:\Users\Lenovo\AppData\Local\Microsoft\WindowsApps;C:\Users\Lenovo\AppData\Local\Microsoft\WindowsApps;C:\Program Files\JetBrains\IntelliJ IDEA Educational Edition 2022.2.2\bin;;C:\Program Files\JetBrains\IntelliJ IDEA Community Edition 2023.3.4\bin;;C:\Program Files\Java\jdk-23\bin;
USERNAME=Lenovo
OS=Windows_NT
PROCESSOR_IDENTIFIER=AMD64 Family 23 Model 104 Stepping 1, AuthenticAMD
TMP=C:\temp
TEMP=C:\temp



Periodic native trim disabled

JNI global refs:
JNI global refs: 24, weak refs: 0

JNI global refs memory usage: 843, weak refs: 841

OOME stack traces (most recent first):
Classloader memory used:
Loader org.gradle.internal.classloader.VisitableURLClassLoader                         : 2590K
Loader bootstrap                                                                       : 2288K
Loader org.gradle.initialization.MixInLegacyTypesClassLoader                           : 448K
Loader jdk.internal.loader.ClassLoaders$PlatformClassLoader                            : 65634B
Loader jdk.internal.loader.ClassLoaders$AppClassLoader                                 : 28729B
Loader jdk.internal.reflect.DelegatingClassLoader                                      : 4428B
Loader org.gradle.groovy.scripts.internal.DefaultScriptCompilationHandler$ScriptClassLoader: 1715B

Classes loaded by more than one classloader:
Class org.gradle.internal.installation.GradleInstallation                             : loaded 2 times (x 73B)
Class org.gradle.internal.classpath.ClassPath                                         : loaded 2 times (x 68B)
Class org.gradle.api.internal.classpath.DefaultModuleRegistry                         : loaded 2 times (x 84B)
Class org.gradle.api.Action                                                           : loaded 2 times (x 68B)
Class org.gradle.api.internal.DefaultClassPathProvider                                : loaded 2 times (x 74B)
Class org.gradle.internal.installation.GradleInstallation$1                           : loaded 2 times (x 73B)
Class org.gradle.internal.classloader.FilteringClassLoader                            : loaded 2 times (x 103B)
Class org.gradle.internal.classpath.DefaultClassPath$ImmutableUniqueList$Builder      : loaded 2 times (x 73B)
Class org.gradle.internal.classloader.ClassLoaderVisitor                              : loaded 2 times (x 74B)
Class org.gradle.internal.service.DefaultServiceLocator                               : loaded 2 times (x 81B)
Class org.gradle.internal.service.UnknownServiceException                             : loaded 2 times (x 81B)
Class org.gradle.internal.classloader.DefaultClassLoaderFactory                       : loaded 2 times (x 80B)
Class org.gradle.internal.classloader.VisitableURLClassLoader$Spec                    : loaded 2 times (x 72B)
Class org.gradle.api.GradleException                                                  : loaded 2 times (x 80B)
Class org.gradle.api.internal.classpath.ModuleRegistry                                : loaded 2 times (x 68B)
Class org.gradle.api.internal.ClassPathProvider                                       : loaded 2 times (x 68B)
Class org.gradle.internal.classloader.ClasspathUtil$1                                 : loaded 2 times (x 74B)
Class org.gradle.internal.classloader.ClassLoaderFactory                              : loaded 2 times (x 68B)
Class org.gradle.api.internal.classpath.ManifestUtil                                  : loaded 2 times (x 69B)
Class org.gradle.api.specs.Spec                                                       : loaded 2 times (x 68B)
Class org.gradle.internal.IoActions                                                   : loaded 2 times (x 69B)
Class org.gradle.api.internal.classpath.EffectiveClassPath                            : loaded 2 times (x 88B)
Class org.gradle.internal.installation.CurrentGradleInstallation                      : loaded 2 times (x 71B)
Class org.gradle.internal.agents.InstrumentingClassLoader                             : loaded 2 times (x 68B)
Class org.gradle.internal.installation.CurrentGradleInstallationLocator               : loaded 2 times (x 69B)
Class org.gradle.api.internal.classpath.Module                                        : loaded 2 times (x 68B)
Class org.gradle.internal.service.CachingServiceLocator                               : loaded 2 times (x 80B)
Class org.gradle.internal.classpath.DefaultClassPath                                  : loaded 2 times (x 88B)
Class org.gradle.internal.classloader.SystemClassLoaderSpec                           : loaded 2 times (x 69B)
Class org.gradle.api.UncheckedIOException                                             : loaded 2 times (x 80B)
Class org.gradle.internal.classloader.ClasspathUtil                                   : loaded 2 times (x 69B)
Class org.gradle.api.internal.DefaultClassPathRegistry                                : loaded 2 times (x 74B)
Class org.gradle.api.internal.classpath.DefaultModuleRegistry$DefaultModule           : loaded 2 times (x 84B)
Class org.gradle.api.internal.classpath.UnknownModuleException                        : loaded 2 times (x 80B)
Class org.gradle.internal.service.ServiceLookupException                              : loaded 2 times (x 80B)
Class org.gradle.cache.GlobalCache                                                    : loaded 2 times (x 68B)
Class [Lorg.gradle.api.internal.ClassPathProvider;                                    : loaded 2 times (x 67B)
Class org.gradle.util.internal.GUtil                                                  : loaded 2 times (x 69B)
Class org.gradle.internal.classloader.ClassLoaderSpec                                 : loaded 2 times (x 69B)
Class org.gradle.internal.classloader.VisitableURLClassLoader                         : loaded 2 times (x 115B)
Class org.gradle.internal.Cast                                                        : loaded 2 times (x 69B)
Class org.gradle.api.internal.ClassPathRegistry                                       : loaded 2 times (x 68B)
Class org.gradle.internal.classloader.VisitableURLClassLoader$InstrumentingVisitableURLClassLoader: loaded 2 times (x 121B)
Class org.gradle.internal.classloader.ClassLoaderHierarchy                            : loaded 2 times (x 68B)
Class org.gradle.internal.InternalTransformer                                         : loaded 2 times (x 68B)
Class org.gradle.internal.service.ServiceLocator                                      : loaded 2 times (x 68B)
Class org.gradle.internal.classpath.DefaultClassPath$ImmutableUniqueList              : loaded 2 times (x 159B)
Class org.gradle.internal.classpath.TransformedClassPath                              : loaded 2 times (x 94B)


---------------  S Y S T E M  ---------------

OS:
 Windows 11 , 64 bit Build 22621 (10.0.22621.4391)
OS uptime: 3 days 5:19 hours

CPU: total 12 (initial active 12) (12 cores per cpu, 2 threads per core) family 23 model 104 stepping 1 microcode 0x0, cx8, cmov, fxsr, ht, mmx, 3dnowpref, sse, sse2, sse3, ssse3, sse4a, sse4.1, sse4.2, popcnt, lzcnt, tsc, tscinvbit, avx, avx2, aes, clmul, bmi1, bmi2, adx, sha, fma, vzeroupper, clflush, clflushopt
Processor Information for all 12 processors :
  Max Mhz: 2100, Current Mhz: 1686, Mhz Limit: 2100

Memory: 4k page, system-wide physical 5989M (642M free)
TotalPageFile size 24421M (AvailPageFile size 6M)
current process WorkingSet (physical memory assigned to process): 217M, peak: 217M
current process commit charge ("private bytes"): 268M, peak: 270M

vm_info: OpenJDK 64-Bit Server VM (17.0.10+0--11572160) for windows-amd64 JRE (17.0.10+0--11572160), built on Mar 13 2024 23:56:38 by "androidbuild" with MS VC++ 16.10 / 16.11 (VS2019)

END.
