#
# There is insufficient memory for the Java Runtime Environment to continue.
# Native memory allocation (mmap) failed to map 28311552 bytes for G1 virtual space
# Possible reasons:
#   The system is out of physical RAM or swap space
#   The process is running with CompressedOops enabled, and the Java Heap may be blocking the growth of the native heap
# Possible solutions:
#   Reduce memory load on the system
#   Increase physical memory or swap space
#   Check if swap backing store is full
#   Decrease Java heap size (-Xmx/-Xms)
#   Decrease number of Java threads
#   Decrease Java thread stack sizes (-Xss)
#   Set larger code cache with -XX:ReservedCodeCacheSize=
#   JVM is running with Unscaled Compressed Oops mode in which the Java heap is
#     placed in the first 4GB address space. The Java Heap base address is the
#     maximum limit for the native heap growth. Please use -XX:HeapBaseMinAddress
#     to set the Java Heap base and to place the Java Heap above 4GB virtual address.
# This output file may be truncated or incomplete.
#
#  Out of Memory Error (os_windows.cpp:3825), pid=17380, tid=11116
#
# JRE version: OpenJDK Runtime Environment (17.0.10) (build 17.0.10+0--11572160)
# Java VM: OpenJDK 64-Bit Server VM (17.0.10+0--11572160, mixed mode, tiered, compressed oops, compressed class ptrs, g1 gc, windows-amd64)
# No core dump will be written. Minidumps are not enabled by default on client versions of Windows
#

---------------  S U M M A R Y ------------

Command Line: --add-opens=java.base/java.util=ALL-UNNAMED --add-opens=java.base/java.lang=ALL-UNNAMED --add-opens=java.base/java.lang.invoke=ALL-UNNAMED --add-opens=java.prefs/java.util.prefs=ALL-UNNAMED --add-opens=java.base/java.nio.charset=ALL-UNNAMED --add-opens=java.base/java.net=ALL-UNNAMED --add-opens=java.base/java.util.concurrent.atomic=ALL-UNNAMED -Xmx2048m -Dfile.encoding=UTF-8 -Duser.country=US -Duser.language=en -Duser.variant -javaagent:C:\Users\Lenovo\.gradle\wrapper\dists\gradle-8.6-bin\afr5mpiioh2wthjmwnkmdsd5w\gradle-8.6\lib\agents\gradle-instrumentation-agent-8.6.jar org.gradle.launcher.daemon.bootstrap.GradleDaemon 8.6

Host: AMD Ryzen 5 5500U with Radeon Graphics         , 12 cores, 5G,  Windows 11 , 64 bit Build 22621 (10.0.22621.4391)
Time: Mon Dec  2 04:35:41 2024 India Standard Time elapsed time: 7.033787 seconds (0d 0h 0m 7s)

---------------  T H R E A D  ---------------

Current thread (0x0000024e639245d0):  VMThread "VM Thread" [stack: 0x000000e5c0100000,0x000000e5c0200000] [id=11116]

Stack: [0x000000e5c0100000,0x000000e5c0200000]
Native frames: (J=compiled Java code, j=interpreted, Vv=VM code, C=native code)
V  [jvm.dll+0x688e89]
V  [jvm.dll+0x84247a]
V  [jvm.dll+0x8440be]
V  [jvm.dll+0x844723]
V  [jvm.dll+0x24be0f]
V  [jvm.dll+0x685c59]
V  [jvm.dll+0x67a50a]
V  [jvm.dll+0x30cbab]
V  [jvm.dll+0x314056]
V  [jvm.dll+0x363dce]
V  [jvm.dll+0x363fff]
V  [jvm.dll+0x2e2978]
V  [jvm.dll+0x2e0b54]
V  [jvm.dll+0x2e015c]
V  [jvm.dll+0x32502b]
V  [jvm.dll+0x848e1b]
V  [jvm.dll+0x849b61]
V  [jvm.dll+0x84a07d]
V  [jvm.dll+0x84a454]
V  [jvm.dll+0x84a520]
V  [jvm.dll+0x7f0d1a]
V  [jvm.dll+0x687d05]
C  [ucrtbase.dll+0x29333]
C  [KERNEL32.DLL+0x1259d]
C  [ntdll.dll+0x5af38]

VM_Operation (0x000000e5c1af7100): G1CollectForAllocation, mode: safepoint, requested by thread 0x0000024e6a133350


---------------  P R O C E S S  ---------------

Threads class SMR info:
_java_thread_list=0x0000024e63d2e7e0, length=34, elements={
0x0000024e4966cec0, 0x0000024e63a73020, 0x0000024e63a73ea0, 0x0000024e63937320,
0x0000024e63937fb0, 0x0000024e63939a80, 0x0000024e63a9b4f0, 0x0000024e63a9c290,
0x0000024e63aa8250, 0x0000024e63aa8c50, 0x0000024e6393e200, 0x0000024e63d4aa00,
0x0000024e6895fd80, 0x0000024e69baf660, 0x0000024e68e86c50, 0x0000024e69b93770,
0x0000024e69cdfe00, 0x0000024e69ce02e0, 0x0000024e6a132420, 0x0000024e6a133350,
0x0000024e6a132930, 0x0000024e6a132e40, 0x0000024e6a133860, 0x0000024e69530a10,
0x0000024e69532870, 0x0000024e69531940, 0x0000024e69534be0, 0x0000024e6952f0c0,
0x0000024e69531e50, 0x0000024e69536020, 0x0000024e69532d80, 0x0000024e695341c0,
0x0000024e69535b10, 0x0000024e6c73a4d0
}

Java Threads: ( => current thread )
  0x0000024e4966cec0 JavaThread "main" [_thread_blocked, id=12204, stack(0x000000e5bfb00000,0x000000e5bfc00000)]
  0x0000024e63a73020 JavaThread "Reference Handler" daemon [_thread_blocked, id=19420, stack(0x000000e5c0200000,0x000000e5c0300000)]
  0x0000024e63a73ea0 JavaThread "Finalizer" daemon [_thread_blocked, id=19544, stack(0x000000e5c0300000,0x000000e5c0400000)]
  0x0000024e63937320 JavaThread "Signal Dispatcher" daemon [_thread_blocked, id=20392, stack(0x000000e5c0400000,0x000000e5c0500000)]
  0x0000024e63937fb0 JavaThread "Attach Listener" daemon [_thread_blocked, id=17800, stack(0x000000e5c0500000,0x000000e5c0600000)]
  0x0000024e63939a80 JavaThread "Service Thread" daemon [_thread_blocked, id=10628, stack(0x000000e5c0600000,0x000000e5c0700000)]
  0x0000024e63a9b4f0 JavaThread "Monitor Deflation Thread" daemon [_thread_blocked, id=4040, stack(0x000000e5c0700000,0x000000e5c0800000)]
  0x0000024e63a9c290 JavaThread "C2 CompilerThread0" daemon [_thread_blocked, id=22060, stack(0x000000e5c0800000,0x000000e5c0900000)]
  0x0000024e63aa8250 JavaThread "C1 CompilerThread0" daemon [_thread_blocked, id=22540, stack(0x000000e5c0900000,0x000000e5c0a00000)]
  0x0000024e63aa8c50 JavaThread "Sweeper thread" daemon [_thread_blocked, id=22072, stack(0x000000e5c0a00000,0x000000e5c0b00000)]
  0x0000024e6393e200 JavaThread "Common-Cleaner" daemon [_thread_blocked, id=11268, stack(0x000000e5c0b00000,0x000000e5c0c00000)]
  0x0000024e63d4aa00 JavaThread "Notification Thread" daemon [_thread_blocked, id=6940, stack(0x000000e5c0c00000,0x000000e5c0d00000)]
  0x0000024e6895fd80 JavaThread "C2 CompilerThread1" daemon [_thread_blocked, id=17440, stack(0x000000e5c1200000,0x000000e5c1300000)]
  0x0000024e69baf660 JavaThread "Daemon health stats" [_thread_blocked, id=20880, stack(0x000000e5c1400000,0x000000e5c1500000)]
  0x0000024e68e86c50 JavaThread "Incoming local TCP Connector on port 63983" [_thread_in_native, id=14540, stack(0x000000e5c1500000,0x000000e5c1600000)]
  0x0000024e69b93770 JavaThread "Daemon periodic checks" [_thread_blocked, id=7036, stack(0x000000e5c1600000,0x000000e5c1700000)]
  0x0000024e69cdfe00 JavaThread "Daemon" [_thread_blocked, id=4660, stack(0x000000e5c1700000,0x000000e5c1800000)]
  0x0000024e69ce02e0 JavaThread "Handler for socket connection from /127.0.0.1:63983 to /127.0.0.1:63984" [_thread_in_native, id=23484, stack(0x000000e5c1800000,0x000000e5c1900000)]
  0x0000024e6a132420 JavaThread "Cancel handler" [_thread_blocked, id=5108, stack(0x000000e5c1900000,0x000000e5c1a00000)]
  0x0000024e6a133350 JavaThread "Daemon worker" [_thread_blocked, id=5436, stack(0x000000e5c1a00000,0x000000e5c1b00000)]
  0x0000024e6a132930 JavaThread "Asynchronous log dispatcher for DefaultDaemonConnection: socket connection from /127.0.0.1:63983 to /127.0.0.1:63984" [_thread_blocked, id=6692, stack(0x000000e5c1b00000,0x000000e5c1c00000)]
  0x0000024e6a132e40 JavaThread "Stdin handler" [_thread_blocked, id=3100, stack(0x000000e5c1c00000,0x000000e5c1d00000)]
  0x0000024e6a133860 JavaThread "Daemon client event forwarder" [_thread_blocked, id=23092, stack(0x000000e5c1d00000,0x000000e5c1e00000)]
  0x0000024e69530a10 JavaThread "Cache worker for journal cache (C:\Users\Lenovo\.gradle\caches\journal-1)" [_thread_blocked, id=5772, stack(0x000000e5c1300000,0x000000e5c1400000)]
  0x0000024e69532870 JavaThread "File lock request listener" [_thread_in_native, id=8620, stack(0x000000e5c2500000,0x000000e5c2600000)]
  0x0000024e69531940 JavaThread "Cache worker for file hash cache (C:\Users\Lenovo\.gradle\caches\8.6\fileHashes)" [_thread_blocked, id=6552, stack(0x000000e5c2600000,0x000000e5c2700000)]
  0x0000024e69534be0 JavaThread "File watcher server" daemon [_thread_in_native, id=19704, stack(0x000000e5c2800000,0x000000e5c2900000)]
  0x0000024e6952f0c0 JavaThread "File watcher consumer" daemon [_thread_blocked, id=12832, stack(0x000000e5c2900000,0x000000e5c2a00000)]
  0x0000024e69531e50 JavaThread "Cache worker for checksums cache (D:\project\.gradle\8.6\checksums)" [_thread_blocked, id=6712, stack(0x000000e5c2a00000,0x000000e5c2b00000)]
  0x0000024e69536020 JavaThread "Cache worker for file hash cache (D:\project\.gradle\8.6\fileHashes)" [_thread_blocked, id=11328, stack(0x000000e5c2700000,0x000000e5c2800000)]
  0x0000024e69532d80 JavaThread "Cache worker for cache directory md-supplier (C:\Users\Lenovo\.gradle\caches\8.6\md-supplier)" [_thread_blocked, id=3232, stack(0x000000e5c2b00000,0x000000e5c2c00000)]
  0x0000024e695341c0 JavaThread "Cache worker for cache directory md-rule (C:\Users\Lenovo\.gradle\caches\8.6\md-rule)" [_thread_blocked, id=13764, stack(0x000000e5c2c00000,0x000000e5c2d00000)]
  0x0000024e69535b10 JavaThread "Cache worker for file content cache (C:\Users\Lenovo\.gradle\caches\8.6\fileContent)" [_thread_blocked, id=18252, stack(0x000000e5c2d00000,0x000000e5c2e00000)]
  0x0000024e6c73a4d0 JavaThread "C2 CompilerThread2" daemon [_thread_blocked, id=5412, stack(0x000000e5c2e00000,0x000000e5c2f00000)]

Other Threads:
=>0x0000024e639245d0 VMThread "VM Thread" [stack: 0x000000e5c0100000,0x000000e5c0200000] [id=11116]
  0x0000024e63d4b300 WatcherThread [stack: 0x000000e5c0d00000,0x000000e5c0e00000] [id=13284]
  0x0000024e496c7f90 GCTaskThread "GC Thread#0" [stack: 0x000000e5bfc00000,0x000000e5bfd00000] [id=7688]
  0x0000024e68908a80 GCTaskThread "GC Thread#1" [stack: 0x000000e5c0f00000,0x000000e5c1000000] [id=8536]
  0x0000024e688e5e20 GCTaskThread "GC Thread#2" [stack: 0x000000e5c1000000,0x000000e5c1100000] [id=6912]
  0x0000024e6867db20 GCTaskThread "GC Thread#3" [stack: 0x000000e5c1100000,0x000000e5c1200000] [id=17364]
  0x0000024e68b7c420 GCTaskThread "GC Thread#4" [stack: 0x000000e5c0e00000,0x000000e5c0f00000] [id=19724]
  0x0000024e6a175430 GCTaskThread "GC Thread#5" [stack: 0x000000e5c1e00000,0x000000e5c1f00000] [id=12348]
  0x0000024e68857c00 GCTaskThread "GC Thread#6" [stack: 0x000000e5c1f00000,0x000000e5c2000000] [id=2420]
  0x0000024e6a72ca80 GCTaskThread "GC Thread#7" [stack: 0x000000e5c2000000,0x000000e5c2100000] [id=21660]
  0x0000024e693b7110 GCTaskThread "GC Thread#8" [stack: 0x000000e5c2100000,0x000000e5c2200000] [id=23412]
  0x0000024e693b9420 GCTaskThread "GC Thread#9" [stack: 0x000000e5c2200000,0x000000e5c2300000] [id=20788]
  0x0000024e496d8ee0 ConcurrentGCThread "G1 Main Marker" [stack: 0x000000e5bfd00000,0x000000e5bfe00000] [id=1412]
  0x0000024e496d9900 ConcurrentGCThread "G1 Conc#0" [stack: 0x000000e5bfe00000,0x000000e5bff00000] [id=9312]
  0x0000024e6a369840 ConcurrentGCThread "G1 Conc#1" [stack: 0x000000e5c2300000,0x000000e5c2400000] [id=1420]
  0x0000024e6933cf50 ConcurrentGCThread "G1 Conc#2" [stack: 0x000000e5c2400000,0x000000e5c2500000] [id=10168]
  0x0000024e4971da00 ConcurrentGCThread "G1 Refine#0" [stack: 0x000000e5bff00000,0x000000e5c0000000] [id=23060]
  0x0000024e4971e430 ConcurrentGCThread "G1 Service" [stack: 0x000000e5c0000000,0x000000e5c0100000] [id=14896]

Threads with active compile tasks:
C2 CompilerThread0     7056 3463       4       java.util.regex.Pattern::append (43 bytes)
C2 CompilerThread1     7056 3438       4       jdk.internal.jimage.ImageLocation::getAttributeString (54 bytes)
C2 CompilerThread2     7056 3462       4       java.util.regex.Pattern::compile (500 bytes)

VM state: at safepoint (normal execution)

VM Mutex/Monitor currently owned by a thread:  ([mutex/lock_event])
[0x0000024e4966a5d0] Threads_lock - owner thread: 0x0000024e639245d0
[0x0000024e49668d10] Heap_lock - owner thread: 0x0000024e6a133350

Heap address: 0x0000000080000000, size: 2048 MB, Compressed Oops mode: 32-bit

CDS archive(s) not mapped
Compressed class space mapped at: 0x0000000100000000-0x0000000140000000, reserved size: 1073741824
Narrow klass base: 0x0000000000000000, Narrow klass shift: 3, Narrow klass range: 0x140000000

GC Precious Log:
 CPUs: 12 total, 12 available
 Memory: 5989M
 Large Page Support: Disabled
 NUMA Support: Disabled
 Compressed Oops: Enabled (32-bit)
 Heap Region Size: 1M
 Heap Min Capacity: 8M
 Heap Initial Capacity: 94M
 Heap Max Capacity: 2G
 Pre-touch: Disabled
 Parallel Workers: 10
 Concurrent Workers: 3
 Concurrent Refinement Workers: 10
 Periodic GC: Disabled

Heap:
 garbage-first heap   total 68608K, used 27992K [0x0000000080000000, 0x0000000100000000)
  region size 1024K, 1 young (1024K), 1 survivors (1024K)
 Metaspace       used 40758K, committed 41088K, reserved 1114112K
  class space    used 5413K, committed 5568K, reserved 1048576K

Heap Regions: E=young(eden), S=young(survivor), O=old, HS=humongous(starts), HC=humongous(continues), CS=collection set, F=free, OA=open archive, CA=closed archive, TAMS=top-at-mark-start (previous, next)
|   0|0x0000000080000000, 0x0000000080100000, 0x0000000080100000|100%|HS|  |TAMS 0x0000000080100000, 0x0000000080000000| Complete 
|   1|0x0000000080100000, 0x0000000080200000, 0x0000000080200000|100%|HC|  |TAMS 0x0000000080200000, 0x0000000080100000| Complete 
|   2|0x0000000080200000, 0x0000000080300000, 0x0000000080300000|100%|HC|  |TAMS 0x0000000080300000, 0x0000000080200000| Complete 
|   3|0x0000000080300000, 0x0000000080400000, 0x0000000080400000|100%|HC|  |TAMS 0x0000000080400000, 0x0000000080300000| Complete 
|   4|0x0000000080400000, 0x0000000080500000, 0x0000000080500000|100%| O|  |TAMS 0x0000000080500000, 0x0000000080400000| Untracked 
|   5|0x0000000080500000, 0x0000000080600000, 0x0000000080600000|100%| O|  |TAMS 0x0000000080600000, 0x0000000080500000| Untracked 
|   6|0x0000000080600000, 0x0000000080700000, 0x0000000080700000|100%| O|  |TAMS 0x0000000080700000, 0x0000000080600000| Untracked 
|   7|0x0000000080700000, 0x0000000080800000, 0x0000000080800000|100%| O|  |TAMS 0x0000000080800000, 0x0000000080700000| Untracked 
|   8|0x0000000080800000, 0x0000000080900000, 0x0000000080900000|100%| O|  |TAMS 0x0000000080900000, 0x0000000080800000| Untracked 
|   9|0x0000000080900000, 0x0000000080a00000, 0x0000000080a00000|100%| O|  |TAMS 0x0000000080a00000, 0x0000000080900000| Untracked 
|  10|0x0000000080a00000, 0x0000000080b00000, 0x0000000080b00000|100%| O|  |TAMS 0x0000000080b00000, 0x0000000080a00000| Untracked 
|  11|0x0000000080b00000, 0x0000000080c00000, 0x0000000080c00000|100%| O|  |TAMS 0x0000000080c00000, 0x0000000080b00000| Untracked 
|  12|0x0000000080c00000, 0x0000000080d00000, 0x0000000080d00000|100%| O|  |TAMS 0x0000000080c00000, 0x0000000080c00000| Untracked 
|  13|0x0000000080d00000, 0x0000000080e00000, 0x0000000080e00000|100%| O|  |TAMS 0x0000000080e00000, 0x0000000080d00000| Untracked 
|  14|0x0000000080e00000, 0x0000000080f00000, 0x0000000080f00000|100%| O|  |TAMS 0x0000000080f00000, 0x0000000080e00000| Untracked 
|  15|0x0000000080f00000, 0x0000000081000000, 0x0000000081000000|100%| O|  |TAMS 0x0000000081000000, 0x0000000080f00000| Untracked 
|  16|0x0000000081000000, 0x0000000081100000, 0x0000000081100000|100%| O|  |TAMS 0x0000000081100000, 0x0000000081000000| Untracked 
|  17|0x0000000081100000, 0x0000000081200000, 0x0000000081200000|100%| O|  |TAMS 0x0000000081200000, 0x0000000081100000| Untracked 
|  18|0x0000000081200000, 0x0000000081300000, 0x0000000081300000|100%| O|  |TAMS 0x0000000081300000, 0x0000000081200000| Untracked 
|  19|0x0000000081300000, 0x0000000081400000, 0x0000000081400000|100%| O|  |TAMS 0x0000000081400000, 0x0000000081300000| Untracked 
|  20|0x0000000081400000, 0x0000000081400000, 0x0000000081500000|  0%| F|  |TAMS 0x0000000081400000, 0x0000000081400000| Untracked 
|  21|0x0000000081500000, 0x0000000081600000, 0x0000000081600000|100%| O|  |TAMS 0x0000000081500000, 0x0000000081500000| Untracked 
|  22|0x0000000081600000, 0x0000000081700000, 0x0000000081700000|100%| O|  |TAMS 0x0000000081600000, 0x0000000081600000| Untracked 
|  23|0x0000000081700000, 0x0000000081800000, 0x0000000081800000|100%| O|  |TAMS 0x0000000081700000, 0x0000000081700000| Untracked 
|  24|0x0000000081800000, 0x0000000081900000, 0x0000000081900000|100%| O|  |TAMS 0x0000000081800000, 0x0000000081800000| Untracked 
|  25|0x0000000081900000, 0x0000000081a00000, 0x0000000081a00000|100%| O|  |TAMS 0x0000000081900000, 0x0000000081900000| Untracked 
|  26|0x0000000081a00000, 0x0000000081b00000, 0x0000000081b00000|100%| O|  |TAMS 0x0000000081a00000, 0x0000000081a00000| Untracked 
|  27|0x0000000081b00000, 0x0000000081bca000, 0x0000000081c00000| 78%| O|  |TAMS 0x0000000081b00000, 0x0000000081b00000| Untracked 
|  28|0x0000000081c00000, 0x0000000081c00000, 0x0000000081d00000|  0%| F|  |TAMS 0x0000000081c00000, 0x0000000081c00000| Untracked 
|  29|0x0000000081d00000, 0x0000000081d00000, 0x0000000081e00000|  0%| F|  |TAMS 0x0000000081d00000, 0x0000000081d00000| Untracked 
|  30|0x0000000081e00000, 0x0000000081e00000, 0x0000000081f00000|  0%| F|  |TAMS 0x0000000081e00000, 0x0000000081e00000| Untracked 
|  31|0x0000000081f00000, 0x0000000081f00000, 0x0000000082000000|  0%| F|  |TAMS 0x0000000081f00000, 0x0000000081f00000| Untracked 
|  32|0x0000000082000000, 0x0000000082000000, 0x0000000082100000|  0%| F|  |TAMS 0x0000000082000000, 0x0000000082000000| Untracked 
|  33|0x0000000082100000, 0x0000000082100000, 0x0000000082200000|  0%| F|  |TAMS 0x0000000082100000, 0x0000000082100000| Untracked 
|  34|0x0000000082200000, 0x0000000082200000, 0x0000000082300000|  0%| F|  |TAMS 0x0000000082200000, 0x0000000082200000| Untracked 
|  35|0x0000000082300000, 0x0000000082300000, 0x0000000082400000|  0%| F|  |TAMS 0x0000000082300000, 0x0000000082300000| Untracked 
|  36|0x0000000082400000, 0x0000000082400000, 0x0000000082500000|  0%| F|  |TAMS 0x0000000082400000, 0x0000000082400000| Untracked 
|  37|0x0000000082500000, 0x0000000082500000, 0x0000000082600000|  0%| F|  |TAMS 0x0000000082500000, 0x0000000082500000| Untracked 
|  38|0x0000000082600000, 0x0000000082600000, 0x0000000082700000|  0%| F|  |TAMS 0x0000000082600000, 0x0000000082600000| Untracked 
|  39|0x0000000082700000, 0x0000000082700000, 0x0000000082800000|  0%| F|  |TAMS 0x0000000082700000, 0x0000000082700000| Untracked 
|  40|0x0000000082800000, 0x0000000082800000, 0x0000000082900000|  0%| F|  |TAMS 0x0000000082800000, 0x0000000082800000| Untracked 
|  41|0x0000000082900000, 0x0000000082900000, 0x0000000082a00000|  0%| F|  |TAMS 0x0000000082900000, 0x0000000082900000| Untracked 
|  42|0x0000000082a00000, 0x0000000082a00000, 0x0000000082b00000|  0%| F|  |TAMS 0x0000000082a00000, 0x0000000082a00000| Untracked 
|  43|0x0000000082b00000, 0x0000000082b00000, 0x0000000082c00000|  0%| F|  |TAMS 0x0000000082b00000, 0x0000000082b00000| Untracked 
|  44|0x0000000082c00000, 0x0000000082c00000, 0x0000000082d00000|  0%| F|  |TAMS 0x0000000082c00000, 0x0000000082c00000| Untracked 
|  45|0x0000000082d00000, 0x0000000082d00000, 0x0000000082e00000|  0%| F|  |TAMS 0x0000000082d00000, 0x0000000082d00000| Untracked 
|  46|0x0000000082e00000, 0x0000000082e00000, 0x0000000082f00000|  0%| F|  |TAMS 0x0000000082e00000, 0x0000000082e00000| Untracked 
|  47|0x0000000082f00000, 0x0000000082f00000, 0x0000000083000000|  0%| F|  |TAMS 0x0000000082f00000, 0x0000000082f00000| Untracked 
|  48|0x0000000083000000, 0x0000000083000000, 0x0000000083100000|  0%| F|  |TAMS 0x0000000083000000, 0x0000000083000000| Untracked 
|  49|0x0000000083100000, 0x0000000083100000, 0x0000000083200000|  0%| F|  |TAMS 0x0000000083100000, 0x0000000083100000| Untracked 
|  50|0x0000000083200000, 0x0000000083200000, 0x0000000083300000|  0%| F|  |TAMS 0x0000000083200000, 0x0000000083200000| Untracked 
|  51|0x0000000083300000, 0x0000000083300000, 0x0000000083400000|  0%| F|  |TAMS 0x0000000083300000, 0x0000000083300000| Untracked 
|  52|0x0000000083400000, 0x0000000083400000, 0x0000000083500000|  0%| F|  |TAMS 0x0000000083400000, 0x0000000083400000| Untracked 
|  53|0x0000000083500000, 0x0000000083500000, 0x0000000083600000|  0%| F|  |TAMS 0x0000000083500000, 0x0000000083500000| Untracked 
|  54|0x0000000083600000, 0x0000000083600000, 0x0000000083700000|  0%| F|  |TAMS 0x0000000083600000, 0x0000000083600000| Untracked 
|  55|0x0000000083700000, 0x0000000083700000, 0x0000000083800000|  0%| F|  |TAMS 0x0000000083700000, 0x0000000083700000| Untracked 
|  56|0x0000000083800000, 0x0000000083800000, 0x0000000083900000|  0%| F|  |TAMS 0x0000000083800000, 0x0000000083800000| Untracked 
|  57|0x0000000083900000, 0x0000000083900000, 0x0000000083a00000|  0%| F|  |TAMS 0x0000000083900000, 0x0000000083900000| Untracked 
|  58|0x0000000083a00000, 0x0000000083a00000, 0x0000000083b00000|  0%| F|  |TAMS 0x0000000083a00000, 0x0000000083a00000| Untracked 
|  59|0x0000000083b00000, 0x0000000083b00000, 0x0000000083c00000|  0%| F|  |TAMS 0x0000000083b00000, 0x0000000083b00000| Untracked 
|  60|0x0000000083c00000, 0x0000000083c00000, 0x0000000083d00000|  0%| F|  |TAMS 0x0000000083c00000, 0x0000000083c00000| Untracked 
|  61|0x0000000083d00000, 0x0000000083d00000, 0x0000000083e00000|  0%| F|  |TAMS 0x0000000083d00000, 0x0000000083d00000| Untracked 
|  62|0x0000000083e00000, 0x0000000083e00000, 0x0000000083f00000|  0%| F|  |TAMS 0x0000000083e00000, 0x0000000083e00000| Untracked 
|  63|0x0000000083f00000, 0x0000000083f00000, 0x0000000084000000|  0%| F|  |TAMS 0x0000000083f00000, 0x0000000083f00000| Untracked 
|  64|0x0000000084000000, 0x0000000084000000, 0x0000000084100000|  0%| F|  |TAMS 0x0000000084000000, 0x0000000084000000| Untracked 
|  65|0x0000000084100000, 0x000000008418c080, 0x0000000084200000| 54%| S|CS|TAMS 0x0000000084100000, 0x0000000084100000| Complete 
|  93|0x0000000085d00000, 0x0000000085d00000, 0x0000000085e00000|  0%| F|  |TAMS 0x0000000085d00000, 0x0000000085d00000| Untracked 

Card table byte_map: [0x0000024e5c4a0000,0x0000024e5c8a0000] _byte_map_base: 0x0000024e5c0a0000

Marking Bits (Prev, Next): (CMBitMap*) 0x0000024e496c85b0, (CMBitMap*) 0x0000024e496c85f0
 Prev Bits: [0x0000024e5cca0000, 0x0000024e5eca0000)
 Next Bits: [0x0000024e5eca0000, 0x0000024e60ca0000)

Polling page: 0x0000024e48e20000

Metaspace:

Usage:
  Non-class:     34.52 MB used.
      Class:      5.29 MB used.
       Both:     39.80 MB used.

Virtual space:
  Non-class space:       64.00 MB reserved,      34.69 MB ( 54%) committed,  1 nodes.
      Class space:        1.00 GB reserved,       5.44 MB ( <1%) committed,  1 nodes.
             Both:        1.06 GB reserved,      40.12 MB (  4%) committed. 

Chunk freelists:
   Non-Class:  12.52 MB
       Class:  10.52 MB
        Both:  23.03 MB

MaxMetaspaceSize: unlimited
CompressedClassSpaceSize: 1.00 GB
Initial GC threshold: 21.00 MB
Current GC threshold: 58.75 MB
CDS: off
MetaspaceReclaimPolicy: balanced
 - commit_granule_bytes: 65536.
 - commit_granule_words: 8192.
 - virtual_space_node_default_size: 8388608.
 - enlarge_chunks_in_place: 1.
 - new_chunks_are_fully_committed: 0.
 - uncommit_free_chunks: 1.
 - use_allocation_guard: 0.
 - handle_deallocations: 1.


Internal statistics:

num_allocs_failed_limit: 6.
num_arena_births: 298.
num_arena_deaths: 0.
num_vsnodes_births: 2.
num_vsnodes_deaths: 0.
num_space_committed: 642.
num_space_uncommitted: 0.
num_chunks_returned_to_freelist: 6.
num_chunks_taken_from_freelist: 1432.
num_chunk_merges: 6.
num_chunk_splits: 945.
num_chunks_enlarged: 669.
num_inconsistent_stats: 0.

CodeHeap 'non-profiled nmethods': size=120000Kb used=1949Kb max_used=1949Kb free=118051Kb
 bounds [0x0000024e54610000, 0x0000024e54880000, 0x0000024e5bb40000]
CodeHeap 'profiled nmethods': size=120000Kb used=7093Kb max_used=7093Kb free=112906Kb
 bounds [0x0000024e4cb40000, 0x0000024e4d230000, 0x0000024e54070000]
CodeHeap 'non-nmethods': size=5760Kb used=1588Kb max_used=1625Kb free=4171Kb
 bounds [0x0000024e54070000, 0x0000024e542e0000, 0x0000024e54610000]
 total_blobs=4108 nmethods=3455 adapters=565
 compilation: enabled
              stopped_count=0, restarted_count=0
 full_count=0

Compilation events (20 events):
Event: 6.998 Thread 0x0000024e6c73a4d0 3450       4       java.util.regex.Matcher::find (69 bytes)
Event: 6.999 Thread 0x0000024e63aa8250 nmethod 3452 0x0000024e4d228090 code [0x0000024e4d228420, 0x0000024e4d229c48]
Event: 6.999 Thread 0x0000024e63aa8250 3453       3       jdk.internal.jrtfs.JrtPath::checkPath (47 bytes)
Event: 7.000 Thread 0x0000024e63aa8250 nmethod 3453 0x0000024e4d22a510 code [0x0000024e4d22a7a0, 0x0000024e4d22b318]
Event: 7.000 Thread 0x0000024e63aa8250 3454       3       jdk.internal.jrtfs.JrtFileSystem$$Lambda$472/0x0000000100568430::test (12 bytes)
Event: 7.001 Thread 0x0000024e63aa8250 nmethod 3454 0x0000024e4d22b690 code [0x0000024e4d22b860, 0x0000024e4d22bcf8]
Event: 7.001 Thread 0x0000024e63aa8250 3455   !   3       jdk.internal.jrtfs.JrtFileSystem::lambda$iteratorOf$3 (11 bytes)
Event: 7.001 Thread 0x0000024e63aa8250 nmethod 3455 0x0000024e4d22bf10 code [0x0000024e4d22c0c0, 0x0000024e4d22c3f8]
Event: 7.001 Thread 0x0000024e63aa8250 3456       3       java.util.stream.StreamSpliterators$WrappingSpliterator$$Lambda$473/0x0000000100568930::accept (9 bytes)
Event: 7.001 Thread 0x0000024e63aa8250 nmethod 3456 0x0000024e4d22c590 code [0x0000024e4d22c740, 0x0000024e4d22c908]
Event: 7.001 Thread 0x0000024e63aa8250 3457       3       jdk.internal.jrtfs.JrtDirectoryStream$1::next (5 bytes)
Event: 7.001 Thread 0x0000024e63aa8250 nmethod 3457 0x0000024e4d22ca10 code [0x0000024e4d22cbc0, 0x0000024e4d22cd08]
Event: 7.001 Thread 0x0000024e63aa8250 3458   !   3       jdk.internal.jrtfs.JrtDirectoryStream$1::next (48 bytes)
Event: 7.002 Thread 0x0000024e63aa8250 nmethod 3458 0x0000024e4d22cd90 code [0x0000024e4d22cf60, 0x0000024e4d22d438]
Event: 7.015 Thread 0x0000024e6c73a4d0 nmethod 3450 0x0000024e547f5390 code [0x0000024e547f5560, 0x0000024e547f5ba8]
Event: 7.015 Thread 0x0000024e6c73a4d0 3462       4       java.util.regex.Pattern::compile (500 bytes)
Event: 7.015 Thread 0x0000024e63a9c290 nmethod 3409 0x0000024e547f6110 code [0x0000024e547f62c0, 0x0000024e547f6b68]
Event: 7.015 Thread 0x0000024e63a9c290 3459       4       java.util.regex.Pattern$LastNode::match (45 bytes)
Event: 7.016 Thread 0x0000024e63a9c290 nmethod 3459 0x0000024e547f7090 code [0x0000024e547f7200, 0x0000024e547f72d8]
Event: 7.016 Thread 0x0000024e63a9c290 3463       4       java.util.regex.Pattern::append (43 bytes)

GC Heap History (19 events):
Event: 1.186 GC heap before
{Heap before GC invocations=0 (full 0):
 garbage-first heap   total 96256K, used 26624K [0x0000000080000000, 0x0000000100000000)
  region size 1024K, 23 young (23552K), 0 survivors (0K)
 Metaspace       used 10459K, committed 10624K, reserved 1114112K
  class space    used 1088K, committed 1152K, reserved 1048576K
}
Event: 1.194 GC heap after
{Heap after GC invocations=1 (full 0):
 garbage-first heap   total 96256K, used 10360K [0x0000000080000000, 0x0000000100000000)
  region size 1024K, 3 young (3072K), 3 survivors (3072K)
 Metaspace       used 10459K, committed 10624K, reserved 1114112K
  class space    used 1088K, committed 1152K, reserved 1048576K
}
Event: 2.094 GC heap before
{Heap before GC invocations=1 (full 0):
 garbage-first heap   total 96256K, used 38008K [0x0000000080000000, 0x0000000100000000)
  region size 1024K, 30 young (30720K), 3 survivors (3072K)
 Metaspace       used 11424K, committed 11584K, reserved 1114112K
  class space    used 1195K, committed 1280K, reserved 1048576K
}
Event: 2.101 GC heap after
{Heap after GC invocations=2 (full 0):
 garbage-first heap   total 96256K, used 11318K [0x0000000080000000, 0x0000000100000000)
  region size 1024K, 1 young (1024K), 1 survivors (1024K)
 Metaspace       used 11424K, committed 11584K, reserved 1114112K
  class space    used 1195K, committed 1280K, reserved 1048576K
}
Event: 3.775 GC heap before
{Heap before GC invocations=2 (full 0):
 garbage-first heap   total 96256K, used 60470K [0x0000000080000000, 0x0000000100000000)
  region size 1024K, 50 young (51200K), 1 survivors (1024K)
 Metaspace       used 21275K, committed 21504K, reserved 1114112K
  class space    used 2501K, committed 2624K, reserved 1048576K
}
Event: 3.789 GC heap after
{Heap after GC invocations=3 (full 0):
 garbage-first heap   total 96256K, used 19174K [0x0000000080000000, 0x0000000100000000)
  region size 1024K, 7 young (7168K), 7 survivors (7168K)
 Metaspace       used 21275K, committed 21504K, reserved 1114112K
  class space    used 2501K, committed 2624K, reserved 1048576K
}
Event: 4.720 GC heap before
{Heap before GC invocations=4 (full 0):
 garbage-first heap   total 68608K, used 52966K [0x0000000080000000, 0x0000000100000000)
  region size 1024K, 40 young (40960K), 7 survivors (7168K)
 Metaspace       used 26538K, committed 26752K, reserved 1114112K
  class space    used 3415K, committed 3520K, reserved 1048576K
}
Event: 4.730 GC heap after
{Heap after GC invocations=5 (full 0):
 garbage-first heap   total 68608K, used 20699K [0x0000000080000000, 0x0000000100000000)
  region size 1024K, 2 young (2048K), 2 survivors (2048K)
 Metaspace       used 26538K, committed 26752K, reserved 1114112K
  class space    used 3415K, committed 3520K, reserved 1048576K
}
Event: 4.749 GC heap before
{Heap before GC invocations=5 (full 0):
 garbage-first heap   total 68608K, used 21723K [0x0000000080000000, 0x0000000100000000)
  region size 1024K, 3 young (3072K), 2 survivors (2048K)
 Metaspace       used 26697K, committed 26944K, reserved 1114112K
  class space    used 3448K, committed 3584K, reserved 1048576K
}
Event: 4.754 GC heap after
{Heap after GC invocations=6 (full 0):
 garbage-first heap   total 68608K, used 20680K [0x0000000080000000, 0x0000000100000000)
  region size 1024K, 1 young (1024K), 1 survivors (1024K)
 Metaspace       used 26697K, committed 26944K, reserved 1114112K
  class space    used 3448K, committed 3584K, reserved 1048576K
}
Event: 5.457 GC heap before
{Heap before GC invocations=6 (full 0):
 garbage-first heap   total 68608K, used 47304K [0x0000000080000000, 0x0000000100000000)
  region size 1024K, 27 young (27648K), 1 survivors (1024K)
 Metaspace       used 30207K, committed 30464K, reserved 1114112K
  class space    used 4053K, committed 4160K, reserved 1048576K
}
Event: 5.461 GC heap after
{Heap after GC invocations=7 (full 0):
 garbage-first heap   total 68608K, used 22220K [0x0000000080000000, 0x0000000100000000)
  region size 1024K, 2 young (2048K), 2 survivors (2048K)
 Metaspace       used 30207K, committed 30464K, reserved 1114112K
  class space    used 4053K, committed 4160K, reserved 1048576K
}
Event: 6.086 GC heap before
{Heap before GC invocations=7 (full 0):
 garbage-first heap   total 68608K, used 49868K [0x0000000080000000, 0x0000000100000000)
  region size 1024K, 29 young (29696K), 2 survivors (2048K)
 Metaspace       used 33564K, committed 33920K, reserved 1114112K
  class space    used 4591K, committed 4736K, reserved 1048576K
}
Event: 6.091 GC heap after
{Heap after GC invocations=8 (full 0):
 garbage-first heap   total 68608K, used 23326K [0x0000000080000000, 0x0000000100000000)
  region size 1024K, 3 young (3072K), 3 survivors (3072K)
 Metaspace       used 33564K, committed 33920K, reserved 1114112K
  class space    used 4591K, committed 4736K, reserved 1048576K
}
Event: 6.376 GC heap before
{Heap before GC invocations=8 (full 0):
 garbage-first heap   total 68608K, used 33566K [0x0000000080000000, 0x0000000100000000)
  region size 1024K, 15 young (15360K), 3 survivors (3072K)
 Metaspace       used 35624K, committed 35968K, reserved 1114112K
  class space    used 4882K, committed 5056K, reserved 1048576K
}
Event: 6.383 GC heap after
{Heap after GC invocations=9 (full 0):
 garbage-first heap   total 68608K, used 23977K [0x0000000080000000, 0x0000000100000000)
  region size 1024K, 2 young (2048K), 2 survivors (2048K)
 Metaspace       used 35624K, committed 35968K, reserved 1114112K
  class space    used 4882K, committed 5056K, reserved 1048576K
}
Event: 7.007 GC heap before
{Heap before GC invocations=10 (full 0):
 garbage-first heap   total 68608K, used 51625K [0x0000000080000000, 0x0000000100000000)
  region size 1024K, 30 young (30720K), 2 survivors (2048K)
 Metaspace       used 40757K, committed 41088K, reserved 1114112K
  class space    used 5413K, committed 5568K, reserved 1048576K
}
Event: 7.013 GC heap after
{Heap after GC invocations=11 (full 0):
 garbage-first heap   total 68608K, used 27530K [0x0000000080000000, 0x0000000100000000)
  region size 1024K, 4 young (4096K), 4 survivors (4096K)
 Metaspace       used 40757K, committed 41088K, reserved 1114112K
  class space    used 5413K, committed 5568K, reserved 1048576K
}
Event: 7.017 GC heap before
{Heap before GC invocations=11 (full 0):
 garbage-first heap   total 68608K, used 28554K [0x0000000080000000, 0x0000000100000000)
  region size 1024K, 5 young (5120K), 4 survivors (4096K)
 Metaspace       used 40758K, committed 41088K, reserved 1114112K
  class space    used 5413K, committed 5568K, reserved 1048576K
}

Dll operation events (3 events):
Event: 0.010 Loaded shared library C:\Program Files\Android\Android Studio1\jbr\bin\java.dll
Event: 0.254 Loaded shared library C:\Program Files\Android\Android Studio1\jbr\bin\zip.dll
Event: 0.802 Loaded shared library C:\Program Files\Android\Android Studio1\jbr\bin\verify.dll

Deoptimization events (20 events):
Event: 6.931 Thread 0x0000024e6a133350 Uncommon trap: trap_request=0xffffffc6 fr.pc=0x0000024e547bef00 relative=0x00000000000002a0
Event: 6.931 Thread 0x0000024e6a133350 Uncommon trap: reason=bimorphic_or_optimized_type_check action=maybe_recompile pc=0x0000024e547bef00 method=java.util.stream.MatchOps$1MatchSink.accept(Ljava/lang/Object;)V @ 12 c2
Event: 6.931 Thread 0x0000024e6a133350 DEOPT PACKING pc=0x0000024e547bef00 sp=0x000000e5c1af8a90
Event: 6.931 Thread 0x0000024e6a133350 DEOPT UNPACKING pc=0x0000024e540c69a3 sp=0x000000e5c1af8a28 mode 2
Event: 6.931 Thread 0x0000024e6a133350 Uncommon trap: trap_request=0xffffffc6 fr.pc=0x0000024e547bef00 relative=0x00000000000002a0
Event: 6.931 Thread 0x0000024e6a133350 Uncommon trap: reason=bimorphic_or_optimized_type_check action=maybe_recompile pc=0x0000024e547bef00 method=java.util.stream.MatchOps$1MatchSink.accept(Ljava/lang/Object;)V @ 12 c2
Event: 6.931 Thread 0x0000024e6a133350 DEOPT PACKING pc=0x0000024e547bef00 sp=0x000000e5c1af8a90
Event: 6.931 Thread 0x0000024e6a133350 DEOPT UNPACKING pc=0x0000024e540c69a3 sp=0x000000e5c1af8a28 mode 2
Event: 6.931 Thread 0x0000024e6a133350 Uncommon trap: trap_request=0xffffffc6 fr.pc=0x0000024e547bef00 relative=0x00000000000002a0
Event: 6.931 Thread 0x0000024e6a133350 Uncommon trap: reason=bimorphic_or_optimized_type_check action=maybe_recompile pc=0x0000024e547bef00 method=java.util.stream.MatchOps$1MatchSink.accept(Ljava/lang/Object;)V @ 12 c2
Event: 6.931 Thread 0x0000024e6a133350 DEOPT PACKING pc=0x0000024e547bef00 sp=0x000000e5c1af8a90
Event: 6.931 Thread 0x0000024e6a133350 DEOPT UNPACKING pc=0x0000024e540c69a3 sp=0x000000e5c1af8a28 mode 2
Event: 6.936 Thread 0x0000024e6a133350 Uncommon trap: trap_request=0xffffff45 fr.pc=0x0000024e5470b300 relative=0x00000000000000e0
Event: 6.936 Thread 0x0000024e6a133350 Uncommon trap: reason=unstable_if action=reinterpret pc=0x0000024e5470b300 method=java.lang.ClassLoader.getClassLoadingLock(Ljava/lang/String;)Ljava/lang/Object; @ 6 c2
Event: 6.937 Thread 0x0000024e6a133350 DEOPT PACKING pc=0x0000024e5470b300 sp=0x000000e5c1af90c0
Event: 6.937 Thread 0x0000024e6a133350 DEOPT UNPACKING pc=0x0000024e540c69a3 sp=0x000000e5c1af9060 mode 2
Event: 6.939 Thread 0x0000024e6a133350 Uncommon trap: trap_request=0xffffff6e fr.pc=0x0000024e547e8cec relative=0x000000000000048c
Event: 6.939 Thread 0x0000024e6a133350 Uncommon trap: reason=loop_limit_check action=maybe_recompile pc=0x0000024e547e8cec method=java.util.regex.Pattern$Start.match(Ljava/util/regex/Matcher;ILjava/lang/CharSequence;)Z @ 34 c2
Event: 6.939 Thread 0x0000024e6a133350 DEOPT PACKING pc=0x0000024e547e8cec sp=0x000000e5c1af8e00
Event: 6.939 Thread 0x0000024e6a133350 DEOPT UNPACKING pc=0x0000024e540c69a3 sp=0x000000e5c1af8d40 mode 2

Classes unloaded (0 events):
No events

Classes redefined (0 events):
No events

Internal exceptions (20 events):
Event: 5.671 Thread 0x0000024e6a133350 Exception <a 'java/lang/NoSuchMethodError'{0x0000000083932e40}: 'java.lang.Object java.lang.invoke.DirectMethodHandle$Holder.invokeSpecial(java.lang.Object, java.lang.Object, java.lang.Object, java.lang.Object, java.lang.Object, java.lang.Object, java.lang.Object, java.lang.Object, java.lang.Object, java.lang.Object, java.lang.Object, java.lang.Object)'> (0x0000000083932e40) 
thrown [s\src\hotspot\share\interpreter\linkResolver.cpp, line 771]
Event: 5.671 Thread 0x0000024e6a133350 Exception <a 'java/lang/NoSuchMethodError'{0x00000000839384d8}: 'java.lang.Object java.lang.invoke.Invokers$Holder.linkToTargetMethod(java.lang.Object, java.lang.Object, java.lang.Object, java.lang.Object, java.lang.Object, java.lang.Object, java.lang.Object, java.lang.Object, java.lang.Object, java.lang.Object, java.lang.Object)'> (0x00000000839384d8) 
thrown [s\src\hotspot\share\interpreter\linkResolver.cpp, line 771]
Event: 5.714 Thread 0x0000024e6a133350 Exception <a 'java/lang/NoSuchMethodError'{0x00000000839c8140}: 'java.lang.Object java.lang.invoke.DirectMethodHandle$Holder.invokeStaticInit(java.lang.Object, java.lang.Object, java.lang.Object, java.lang.Object)'> (0x00000000839c8140) 
thrown [s\src\hotspot\share\interpreter\linkResolver.cpp, line 771]
Event: 5.807 Thread 0x0000024e6a133350 Implicit null exception at 0x0000024e54664d8f to 0x0000024e546652cc
Event: 6.076 Thread 0x0000024e6a133350 Exception <a 'java/lang/NoSuchMethodError'{0x00000000828a5278}: 'java.lang.Object java.lang.invoke.DirectMethodHandle$Holder.newInvokeSpecial(java.lang.Object, java.lang.Object, java.lang.Object, java.lang.Object, java.lang.Object, java.lang.Object, java.lang.Object, java.lang.Object)'> (0x00000000828a5278) 
thrown [s\src\hotspot\share\interpreter\linkResolver.cpp, line 771]
Event: 6.077 Thread 0x0000024e6a133350 Exception <a 'java/lang/NoSuchMethodError'{0x00000000828ab1d0}: 'java.lang.Object java.lang.invoke.DirectMethodHandle$Holder.invokeSpecial(java.lang.Object, java.lang.Object, java.lang.Object, java.lang.Object, java.lang.Object, java.lang.Object, java.lang.Object, java.lang.Object, java.lang.Object)'> (0x00000000828ab1d0) 
thrown [s\src\hotspot\share\interpreter\linkResolver.cpp, line 771]
Event: 6.077 Thread 0x0000024e6a133350 Exception <a 'java/lang/NoSuchMethodError'{0x00000000828b0ad0}: 'java.lang.Object java.lang.invoke.Invokers$Holder.linkToTargetMethod(java.lang.Object, java.lang.Object, java.lang.Object, java.lang.Object, java.lang.Object, java.lang.Object, java.lang.Object, java.lang.Object)'> (0x00000000828b0ad0) 
thrown [s\src\hotspot\share\interpreter\linkResolver.cpp, line 771]
Event: 6.286 Thread 0x0000024e6a133350 Exception <a 'java/lang/NoSuchMethodError'{0x0000000083b75590}: 'java.lang.Object java.lang.invoke.DirectMethodHandle$Holder.newInvokeSpecial(java.lang.Object, java.lang.Object, int, int)'> (0x0000000083b75590) 
thrown [s\src\hotspot\share\interpreter\linkResolver.cpp, line 771]
Event: 6.442 Thread 0x0000024e6a133350 Exception <a 'java/lang/NoSuchMethodError'{0x0000000084054da8}: 'void java.lang.invoke.DirectMethodHandle$Holder.invokeStaticInit(java.lang.Object, java.lang.Object, java.lang.Object)'> (0x0000000084054da8) 
thrown [s\src\hotspot\share\interpreter\linkResolver.cpp, line 771]
Event: 6.443 Thread 0x0000024e6a133350 Exception <a 'java/lang/NoSuchMethodError'{0x000000008405c248}: 'void java.lang.invoke.DirectMethodHandle$Holder.invokeStaticInit(java.lang.Object, java.lang.Object, java.lang.Object, java.lang.Object)'> (0x000000008405c248) 
thrown [s\src\hotspot\share\interpreter\linkResolver.cpp, line 771]
Event: 6.446 Thread 0x0000024e6a133350 Exception <a 'java/lang/NoSuchMethodError'{0x000000008407e498}: 'void java.lang.invoke.DirectMethodHandle$Holder.invokeStaticInit(java.lang.Object, java.lang.Object, java.lang.Object, java.lang.Object, java.lang.Object)'> (0x000000008407e498) 
thrown [s\src\hotspot\share\interpreter\linkResolver.cpp, line 771]
Event: 6.447 Thread 0x0000024e6a133350 Exception <a 'java/lang/NoSuchMethodError'{0x0000000084086260}: 'int java.lang.invoke.DirectMethodHandle$Holder.invokeStaticInit(java.lang.Object, java.lang.Object, java.lang.Object)'> (0x0000000084086260) 
thrown [s\src\hotspot\share\interpreter\linkResolver.cpp, line 771]
Event: 6.460 Thread 0x0000024e6a133350 Exception <a 'java/lang/NoSuchMethodError'{0x00000000840dc998}: 'int java.lang.invoke.DirectMethodHandle$Holder.invokeStaticInit(java.lang.Object, java.lang.Object, java.lang.Object, java.lang.Object)'> (0x00000000840dc998) 
thrown [s\src\hotspot\share\interpreter\linkResolver.cpp, line 771]
Event: 6.748 Thread 0x0000024e6a133350 Exception <a 'java/lang/ClassNotFoundException'{0x000000008343dac0}: groovy/lang/ExpandoMetaClassBeanInfo> (0x000000008343dac0) 
thrown [s\src\hotspot\share\classfile\systemDictionary.cpp, line 256]
Event: 6.749 Thread 0x0000024e6a133350 Exception <a 'java/lang/ClassNotFoundException'{0x00000000834544f8}: groovy/lang/MetaClassImplBeanInfo> (0x00000000834544f8) 
thrown [s\src\hotspot\share\classfile\systemDictionary.cpp, line 256]
Event: 6.750 Thread 0x0000024e6a133350 Exception <a 'java/lang/ClassNotFoundException'{0x0000000083459570}: java/lang/ObjectBeanInfo> (0x0000000083459570) 
thrown [s\src\hotspot\share\classfile\systemDictionary.cpp, line 256]
Event: 6.751 Thread 0x0000024e6a133350 Exception <a 'java/lang/ClassNotFoundException'{0x000000008345f820}: java/lang/ObjectCustomizer> (0x000000008345f820) 
thrown [s\src\hotspot\share\classfile\systemDictionary.cpp, line 256]
Event: 6.755 Thread 0x0000024e6a133350 Exception <a 'java/lang/IncompatibleClassChangeError'{0x000000008346f250}: Found class java.lang.Object, but interface was expected> (0x000000008346f250) 
thrown [s\src\hotspot\share\interpreter\linkResolver.cpp, line 838]
Event: 6.761 Thread 0x0000024e6a133350 Exception <a 'java/lang/ClassNotFoundException'{0x0000000083495bc8}: groovy/lang/MetaClassImplCustomizer> (0x0000000083495bc8) 
thrown [s\src\hotspot\share\classfile\systemDictionary.cpp, line 256]
Event: 6.766 Thread 0x0000024e6a133350 Exception <a 'java/lang/ClassNotFoundException'{0x00000000834cbca0}: groovy/lang/ExpandoMetaClassCustomizer> (0x00000000834cbca0) 
thrown [s\src\hotspot\share\classfile\systemDictionary.cpp, line 256]

VM Operations (20 events):
Event: 6.401 Executing VM operation: G1PauseRemark done
Event: 6.403 Executing VM operation: HandshakeAllThreads
Event: 6.403 Executing VM operation: HandshakeAllThreads done
Event: 6.408 Executing VM operation: G1PauseCleanup
Event: 6.408 Executing VM operation: G1PauseCleanup done
Event: 6.611 Executing VM operation: HandshakeAllThreads
Event: 6.611 Executing VM operation: HandshakeAllThreads done
Event: 6.663 Executing VM operation: HandshakeAllThreads
Event: 6.663 Executing VM operation: HandshakeAllThreads done
Event: 6.840 Executing VM operation: HandshakeAllThreads
Event: 6.840 Executing VM operation: HandshakeAllThreads done
Event: 6.841 Executing VM operation: HandshakeAllThreads
Event: 6.841 Executing VM operation: HandshakeAllThreads done
Event: 6.845 Executing VM operation: HandshakeAllThreads
Event: 6.846 Executing VM operation: HandshakeAllThreads done
Event: 6.946 Executing VM operation: HandshakeAllThreads
Event: 6.946 Executing VM operation: HandshakeAllThreads done
Event: 7.007 Executing VM operation: G1CollectForAllocation
Event: 7.013 Executing VM operation: G1CollectForAllocation done
Event: 7.017 Executing VM operation: G1CollectForAllocation

Events (20 events):
Event: 6.943 loading class jdk/internal/jimage/ImageReader$Directory
Event: 6.944 loading class jdk/internal/jimage/ImageReader$Node
Event: 6.944 loading class jdk/internal/jimage/ImageReader$Node done
Event: 6.944 loading class jdk/internal/jimage/ImageReader$Directory done
Event: 6.944 loading class jdk/internal/jrtfs/SystemImage$1
Event: 6.944 loading class jdk/internal/jrtfs/SystemImage$1 done
Event: 6.944 loading class jdk/internal/jimage/ImageReader$SharedImageReader$LocationVisitor
Event: 6.944 loading class jdk/internal/jimage/ImageReader$SharedImageReader$LocationVisitor done
Event: 6.945 loading class java/nio/ByteBufferAsIntBufferL
Event: 6.945 loading class java/nio/ByteBufferAsIntBufferL done
Event: 6.946 loading class jdk/internal/jrtfs/JrtFileAttributes
Event: 6.946 loading class jdk/internal/jrtfs/JrtFileAttributes done
Event: 6.946 loading class jdk/internal/jrtfs/JrtDirectoryStream
Event: 6.946 loading class jdk/internal/jrtfs/JrtDirectoryStream done
Event: 6.947 loading class jdk/internal/jrtfs/JrtDirectoryStream$1
Event: 6.947 loading class jdk/internal/jrtfs/JrtDirectoryStream$1 done
Event: 6.948 loading class java/util/function/BooleanSupplier
Event: 6.948 loading class java/util/function/BooleanSupplier done
Event: 6.948 loading class jdk/internal/jimage/ImageReader$Resource
Event: 6.948 loading class jdk/internal/jimage/ImageReader$Resource done


Dynamic libraries:
0x00007ff7dcd80000 - 0x00007ff7dcd8a000 	C:\Program Files\Android\Android Studio1\jbr\bin\java.exe
0x00007ff9e4c90000 - 0x00007ff9e4ea7000 	C:\WINDOWS\SYSTEM32\ntdll.dll
0x00007ff9e2b10000 - 0x00007ff9e2bd4000 	C:\WINDOWS\System32\KERNEL32.DLL
0x00007ff9e2470000 - 0x00007ff9e282a000 	C:\WINDOWS\System32\KERNELBASE.dll
0x00007ff9e2010000 - 0x00007ff9e2121000 	C:\WINDOWS\System32\ucrtbase.dll
0x00007ff9d8dc0000 - 0x00007ff9d8dd7000 	C:\Program Files\Android\Android Studio1\jbr\bin\jli.dll
0x00007ff9e4340000 - 0x00007ff9e44ee000 	C:\WINDOWS\System32\USER32.dll
0x00007ff9cb030000 - 0x00007ff9cb2c2000 	C:\WINDOWS\WinSxS\amd64_microsoft.windows.common-controls_6595b64144ccf1df_6.0.22621.4541_none_2710d1c57384c085\COMCTL32.dll
0x00007ff9e2970000 - 0x00007ff9e2996000 	C:\WINDOWS\System32\win32u.dll
0x00007ff9d1fd0000 - 0x00007ff9d1feb000 	C:\Program Files\Android\Android Studio1\jbr\bin\VCRUNTIME140.dll
0x00007ff9e4b70000 - 0x00007ff9e4c17000 	C:\WINDOWS\System32\msvcrt.dll
0x00007ff9e41e0000 - 0x00007ff9e4209000 	C:\WINDOWS\System32\GDI32.dll
0x00007ff9e2350000 - 0x00007ff9e246b000 	C:\WINDOWS\System32\gdi32full.dll
0x00007ff9e1f70000 - 0x00007ff9e200a000 	C:\WINDOWS\System32\msvcp_win.dll
0x00007ff9e44f0000 - 0x00007ff9e4521000 	C:\WINDOWS\System32\IMM32.DLL
0x00007ff9ca900000 - 0x00007ff9ca90c000 	C:\Program Files\Android\Android Studio1\jbr\bin\vcruntime140_1.dll
0x00007ff9b1db0000 - 0x00007ff9b1e3d000 	C:\Program Files\Android\Android Studio1\jbr\bin\msvcp140.dll
0x00007ff9a7b80000 - 0x00007ff9a8803000 	C:\Program Files\Android\Android Studio1\jbr\bin\server\jvm.dll
0x00007ff9e2be0000 - 0x00007ff9e2c92000 	C:\WINDOWS\System32\ADVAPI32.dll
0x00007ff9e4210000 - 0x00007ff9e42b7000 	C:\WINDOWS\System32\sechost.dll
0x00007ff9e2130000 - 0x00007ff9e2158000 	C:\WINDOWS\System32\bcrypt.dll
0x00007ff9e3080000 - 0x00007ff9e3194000 	C:\WINDOWS\System32\RPCRT4.dll
0x00007ff9cde00000 - 0x00007ff9cde09000 	C:\WINDOWS\SYSTEM32\WSOCK32.dll
0x00007ff9e1e40000 - 0x00007ff9e1e8d000 	C:\WINDOWS\SYSTEM32\POWRPROF.dll
0x00007ff9de020000 - 0x00007ff9de054000 	C:\WINDOWS\SYSTEM32\WINMM.dll
0x00007ff9e2fe0000 - 0x00007ff9e3051000 	C:\WINDOWS\System32\WS2_32.dll
0x00007ff9db1e0000 - 0x00007ff9db1ea000 	C:\WINDOWS\SYSTEM32\VERSION.dll
0x00007ff9e1e20000 - 0x00007ff9e1e33000 	C:\WINDOWS\SYSTEM32\UMPDC.dll
0x00007ff9e0fb0000 - 0x00007ff9e0fc8000 	C:\WINDOWS\SYSTEM32\kernel.appcore.dll
0x00007ff9dc130000 - 0x00007ff9dc13a000 	C:\Program Files\Android\Android Studio1\jbr\bin\jimage.dll
0x00007ff9d8eb0000 - 0x00007ff9d90e2000 	C:\WINDOWS\SYSTEM32\DBGHELP.DLL
0x00007ff9e3440000 - 0x00007ff9e37cf000 	C:\WINDOWS\System32\combase.dll
0x00007ff9e3360000 - 0x00007ff9e3437000 	C:\WINDOWS\System32\OLEAUT32.dll
0x00007ff9ca130000 - 0x00007ff9ca162000 	C:\WINDOWS\SYSTEM32\dbgcore.DLL
0x00007ff9e22d0000 - 0x00007ff9e234b000 	C:\WINDOWS\System32\bcryptPrimitives.dll
0x00007ff9dc180000 - 0x00007ff9dc18e000 	C:\Program Files\Android\Android Studio1\jbr\bin\instrument.dll
0x00007ff9d3160000 - 0x00007ff9d3185000 	C:\Program Files\Android\Android Studio1\jbr\bin\java.dll
0x00007ff9db260000 - 0x00007ff9db278000 	C:\Program Files\Android\Android Studio1\jbr\bin\zip.dll
0x00007ff9e3960000 - 0x00007ff9e41d8000 	C:\WINDOWS\System32\SHELL32.dll
0x00007ff9dfeb0000 - 0x00007ff9e07b8000 	C:\WINDOWS\SYSTEM32\windows.storage.dll
0x00007ff9dfd70000 - 0x00007ff9dfeaf000 	C:\WINDOWS\SYSTEM32\wintypes.dll
0x00007ff9e4a10000 - 0x00007ff9e4b0a000 	C:\WINDOWS\System32\SHCORE.dll
0x00007ff9e42c0000 - 0x00007ff9e431e000 	C:\WINDOWS\System32\shlwapi.dll
0x00007ff9e1ea0000 - 0x00007ff9e1ecb000 	C:\WINDOWS\SYSTEM32\profapi.dll
0x00007ff9dea60000 - 0x00007ff9dea79000 	C:\Program Files\Android\Android Studio1\jbr\bin\net.dll
0x00007ff9dde30000 - 0x00007ff9ddf66000 	C:\WINDOWS\SYSTEM32\WINHTTP.dll
0x00007ff9e1430000 - 0x00007ff9e1499000 	C:\WINDOWS\system32\mswsock.dll
0x00007ff9d8170000 - 0x00007ff9d8186000 	C:\Program Files\Android\Android Studio1\jbr\bin\nio.dll
0x00007ff9dea50000 - 0x00007ff9dea60000 	C:\Program Files\Android\Android Studio1\jbr\bin\verify.dll
0x00007ff9d2800000 - 0x00007ff9d2827000 	C:\Users\Lenovo\.gradle\native\c067742578af261105cb4f569cf0c3c89f3d7b1fecec35dd04571415982c5e48\windows-amd64\native-platform.dll
0x00007ff9ae850000 - 0x00007ff9ae994000 	C:\Users\Lenovo\.gradle\native\38dada09dfb8b06ba9b0570ebf7e218e3eb74d4ef43ca46872605cf95ebc2f47\windows-amd64\native-platform-file-events.dll
0x00007ff9de8d0000 - 0x00007ff9de8d9000 	C:\Program Files\Android\Android Studio1\jbr\bin\management.dll
0x00007ff9dc190000 - 0x00007ff9dc19b000 	C:\Program Files\Android\Android Studio1\jbr\bin\management_ext.dll
0x00007ff9e4330000 - 0x00007ff9e4338000 	C:\WINDOWS\System32\PSAPI.DLL
0x00007ff9e1690000 - 0x00007ff9e16ab000 	C:\WINDOWS\SYSTEM32\CRYPTSP.dll
0x00007ff9e0f10000 - 0x00007ff9e0f45000 	C:\WINDOWS\system32\rsaenh.dll
0x00007ff9e1520000 - 0x00007ff9e1548000 	C:\WINDOWS\SYSTEM32\USERENV.dll
0x00007ff9e1680000 - 0x00007ff9e168c000 	C:\WINDOWS\SYSTEM32\CRYPTBASE.dll
0x00007ff9e0a20000 - 0x00007ff9e0a4d000 	C:\WINDOWS\SYSTEM32\IPHLPAPI.DLL
0x00007ff9e4320000 - 0x00007ff9e4329000 	C:\WINDOWS\System32\NSI.dll
0x00007ff9de4e0000 - 0x00007ff9de4f9000 	C:\WINDOWS\SYSTEM32\dhcpcsvc6.DLL
0x00007ff9ddd30000 - 0x00007ff9ddd4f000 	C:\WINDOWS\SYSTEM32\dhcpcsvc.DLL
0x00007ff9e0a90000 - 0x00007ff9e0b92000 	C:\WINDOWS\SYSTEM32\DNSAPI.dll
0x00007ff9de8e0000 - 0x00007ff9de8e9000 	C:\Program Files\Android\Android Studio1\jbr\bin\extnet.dll
0x00007ff9c7ff0000 - 0x00007ff9c7ff8000 	C:\WINDOWS\system32\wshunix.dll

dbghelp: loaded successfully - version: 4.0.5 - missing functions: none
symbol engine: initialized successfully - sym options: 0x614 - pdb path: .;C:\Program Files\Android\Android Studio1\jbr\bin;C:\WINDOWS\SYSTEM32;C:\WINDOWS\WinSxS\amd64_microsoft.windows.common-controls_6595b64144ccf1df_6.0.22621.4541_none_2710d1c57384c085;C:\Program Files\Android\Android Studio1\jbr\bin\server;C:\Users\Lenovo\.gradle\native\c067742578af261105cb4f569cf0c3c89f3d7b1fecec35dd04571415982c5e48\windows-amd64;C:\Users\Lenovo\.gradle\native\38dada09dfb8b06ba9b0570ebf7e218e3eb74d4ef43ca46872605cf95ebc2f47\windows-amd64

VM Arguments:
jvm_args: --add-opens=java.base/java.util=ALL-UNNAMED --add-opens=java.base/java.lang=ALL-UNNAMED --add-opens=java.base/java.lang.invoke=ALL-UNNAMED --add-opens=java.prefs/java.util.prefs=ALL-UNNAMED --add-opens=java.base/java.nio.charset=ALL-UNNAMED --add-opens=java.base/java.net=ALL-UNNAMED --add-opens=java.base/java.util.concurrent.atomic=ALL-UNNAMED -Xmx2048m -Dfile.encoding=UTF-8 -Duser.country=US -Duser.language=en -Duser.variant -javaagent:C:\Users\Lenovo\.gradle\wrapper\dists\gradle-8.6-bin\afr5mpiioh2wthjmwnkmdsd5w\gradle-8.6\lib\agents\gradle-instrumentation-agent-8.6.jar 
java_command: org.gradle.launcher.daemon.bootstrap.GradleDaemon 8.6
java_class_path (initial): C:\Users\Lenovo\.gradle\wrapper\dists\gradle-8.6-bin\afr5mpiioh2wthjmwnkmdsd5w\gradle-8.6\lib\gradle-launcher-8.6.jar
Launcher Type: SUN_STANDARD

[Global flags]
     intx CICompilerCount                          = 4                                         {product} {ergonomic}
     uint ConcGCThreads                            = 3                                         {product} {ergonomic}
     uint G1ConcRefinementThreads                  = 10                                        {product} {ergonomic}
   size_t G1HeapRegionSize                         = 1048576                                   {product} {ergonomic}
    uintx GCDrainStackTargetSize                   = 64                                        {product} {ergonomic}
   size_t InitialHeapSize                          = 98566144                                  {product} {ergonomic}
   size_t MarkStackSize                            = 4194304                                   {product} {ergonomic}
   size_t MaxHeapSize                              = 2147483648                                {product} {command line}
   size_t MaxNewSize                               = 1287651328                                {product} {ergonomic}
   size_t MinHeapDeltaBytes                        = 1048576                                   {product} {ergonomic}
   size_t MinHeapSize                              = 8388608                                   {product} {ergonomic}
    uintx NonNMethodCodeHeapSize                   = 5839372                                {pd product} {ergonomic}
    uintx NonProfiledCodeHeapSize                  = 122909434                              {pd product} {ergonomic}
    uintx ProfiledCodeHeapSize                     = 122909434                              {pd product} {ergonomic}
    uintx ReservedCodeCacheSize                    = 251658240                              {pd product} {ergonomic}
     bool SegmentedCodeCache                       = true                                      {product} {ergonomic}
   size_t SoftMaxHeapSize                          = 2147483648                             {manageable} {ergonomic}
     bool UseCompressedClassPointers               = true                           {product lp64_product} {ergonomic}
     bool UseCompressedOops                        = true                           {product lp64_product} {ergonomic}
     bool UseG1GC                                  = true                                      {product} {ergonomic}
     bool UseLargePagesIndividualAllocation        = false                                  {pd product} {ergonomic}

Logging:
Log output configuration:
 #0: stdout all=warning uptime,level,tags
 #1: stderr all=off uptime,level,tags

Environment Variables:
JAVA_HOME=C:\Program Files\Java\jdk-23
PATH=C:\Program Files\Common Files\Oracle\Java\javapath;C:\Program Files (x86)\VMware\VMware Player\bin\;C:\Program Files (x86)\Common Files\Oracle\Java\javapath;C:\WINDOWS\system32;C:\WINDOWS;C:\WINDOWS\System32\Wbem;C:\WINDOWS\System32\WindowsPowerShell\v1.0\;C:\WINDOWS\System32\OpenSSH\;C:\MinGW\bin;C:\Program Files\Microsoft VS Code\bin;C:\Program Files\Git\cmd;C:\Program Files\MySQL\MySQL Shell 8.0\bin\;C:\Users\Lenovo\AppData\Local\Microsoft\WindowsApps;C:\Users\Lenovo\AppData\Local\Microsoft\WindowsApps;C:\Program Files\JetBrains\IntelliJ IDEA Educational Edition 2022.2.2\bin;;C:\Program Files\JetBrains\IntelliJ IDEA Community Edition 2023.3.4\bin;;C:\Program Files\Java\jdk-23\bin;
USERNAME=Lenovo
OS=Windows_NT
PROCESSOR_IDENTIFIER=AMD64 Family 23 Model 104 Stepping 1, AuthenticAMD
TMP=C:\temp
TEMP=C:\temp



Periodic native trim disabled

JNI global refs:
JNI global refs: 24, weak refs: 0

JNI global refs memory usage: 843, weak refs: 209

OOME stack traces (most recent first):
Classloader memory used:
Loader org.gradle.internal.classloader.VisitableURLClassLoader                         : 2297K
Loader bootstrap                                                                       : 2252K
Loader org.gradle.initialization.MixInLegacyTypesClassLoader                           : 448K
Loader jdk.internal.loader.ClassLoaders$PlatformClassLoader                            : 65741B
Loader jdk.internal.loader.ClassLoaders$AppClassLoader                                 : 28729B
Loader jdk.internal.reflect.DelegatingClassLoader                                      : 4421B

Classes loaded by more than one classloader:
Class org.gradle.internal.installation.GradleInstallation                             : loaded 2 times (x 73B)
Class org.gradle.internal.classpath.ClassPath                                         : loaded 2 times (x 68B)
Class org.gradle.api.internal.classpath.DefaultModuleRegistry                         : loaded 2 times (x 84B)
Class org.gradle.api.Action                                                           : loaded 2 times (x 68B)
Class org.gradle.api.internal.DefaultClassPathProvider                                : loaded 2 times (x 74B)
Class org.gradle.internal.installation.GradleInstallation$1                           : loaded 2 times (x 73B)
Class org.gradle.internal.classloader.FilteringClassLoader                            : loaded 2 times (x 103B)
Class org.gradle.internal.classpath.DefaultClassPath$ImmutableUniqueList$Builder      : loaded 2 times (x 73B)
Class org.gradle.internal.classloader.ClassLoaderVisitor                              : loaded 2 times (x 74B)
Class org.gradle.internal.service.DefaultServiceLocator                               : loaded 2 times (x 81B)
Class org.gradle.internal.service.UnknownServiceException                             : loaded 2 times (x 81B)
Class org.gradle.internal.classloader.DefaultClassLoaderFactory                       : loaded 2 times (x 80B)
Class org.gradle.internal.classloader.VisitableURLClassLoader$Spec                    : loaded 2 times (x 72B)
Class org.gradle.api.GradleException                                                  : loaded 2 times (x 80B)
Class org.gradle.api.internal.classpath.ModuleRegistry                                : loaded 2 times (x 68B)
Class org.gradle.api.internal.ClassPathProvider                                       : loaded 2 times (x 68B)
Class org.gradle.internal.classloader.ClasspathUtil$1                                 : loaded 2 times (x 74B)
Class org.gradle.internal.classloader.ClassLoaderFactory                              : loaded 2 times (x 68B)
Class org.gradle.api.internal.classpath.ManifestUtil                                  : loaded 2 times (x 69B)
Class org.gradle.api.specs.Spec                                                       : loaded 2 times (x 68B)
Class org.gradle.internal.IoActions                                                   : loaded 2 times (x 69B)
Class org.gradle.api.internal.classpath.EffectiveClassPath                            : loaded 2 times (x 88B)
Class org.gradle.internal.installation.CurrentGradleInstallation                      : loaded 2 times (x 71B)
Class org.gradle.internal.agents.InstrumentingClassLoader                             : loaded 2 times (x 68B)
Class org.gradle.internal.installation.CurrentGradleInstallationLocator               : loaded 2 times (x 69B)
Class org.gradle.api.internal.classpath.Module                                        : loaded 2 times (x 68B)
Class org.gradle.internal.service.CachingServiceLocator                               : loaded 2 times (x 80B)
Class org.gradle.internal.classpath.DefaultClassPath                                  : loaded 2 times (x 88B)
Class org.gradle.internal.classloader.SystemClassLoaderSpec                           : loaded 2 times (x 69B)
Class org.gradle.api.UncheckedIOException                                             : loaded 2 times (x 80B)
Class org.gradle.internal.classloader.ClasspathUtil                                   : loaded 2 times (x 69B)
Class org.gradle.api.internal.DefaultClassPathRegistry                                : loaded 2 times (x 74B)
Class org.gradle.api.internal.classpath.DefaultModuleRegistry$DefaultModule           : loaded 2 times (x 84B)
Class org.gradle.api.internal.classpath.UnknownModuleException                        : loaded 2 times (x 80B)
Class org.gradle.internal.service.ServiceLookupException                              : loaded 2 times (x 80B)
Class org.gradle.cache.GlobalCache                                                    : loaded 2 times (x 68B)
Class [Lorg.gradle.api.internal.ClassPathProvider;                                    : loaded 2 times (x 67B)
Class org.gradle.util.internal.GUtil                                                  : loaded 2 times (x 69B)
Class org.gradle.internal.classloader.ClassLoaderSpec                                 : loaded 2 times (x 69B)
Class org.gradle.internal.classloader.VisitableURLClassLoader                         : loaded 2 times (x 115B)
Class org.gradle.internal.Cast                                                        : loaded 2 times (x 69B)
Class org.gradle.api.internal.ClassPathRegistry                                       : loaded 2 times (x 68B)
Class org.gradle.internal.classloader.VisitableURLClassLoader$InstrumentingVisitableURLClassLoader: loaded 2 times (x 121B)
Class org.gradle.internal.classloader.ClassLoaderHierarchy                            : loaded 2 times (x 68B)
Class org.gradle.internal.InternalTransformer                                         : loaded 2 times (x 68B)
Class org.gradle.internal.service.ServiceLocator                                      : loaded 2 times (x 68B)
Class org.gradle.internal.classpath.DefaultClassPath$ImmutableUniqueList              : loaded 2 times (x 159B)
Class org.gradle.internal.classpath.TransformedClassPath                              : loaded 2 times (x 94B)


---------------  S Y S T E M  ---------------

OS:
 Windows 11 , 64 bit Build 22621 (10.0.22621.4391)
OS uptime: 3 days 5:18 hours

CPU: total 12 (initial active 12) (12 cores per cpu, 2 threads per core) family 23 model 104 stepping 1 microcode 0x0, cx8, cmov, fxsr, ht, mmx, 3dnowpref, sse, sse2, sse3, ssse3, sse4a, sse4.1, sse4.2, popcnt, lzcnt, tsc, tscinvbit, avx, avx2, aes, clmul, bmi1, bmi2, adx, sha, fma, vzeroupper, clflush, clflushopt
Processor Information for all 12 processors :
  Max Mhz: 2100, Current Mhz: 1686, Mhz Limit: 2100

Memory: 4k page, system-wide physical 5989M (663M free)
TotalPageFile size 24421M (AvailPageFile size 28M)
current process WorkingSet (physical memory assigned to process): 213M, peak: 216M
current process commit charge ("private bytes"): 250M, peak: 278M

vm_info: OpenJDK 64-Bit Server VM (17.0.10+0--11572160) for windows-amd64 JRE (17.0.10+0--11572160), built on Mar 13 2024 23:56:38 by "androidbuild" with MS VC++ 16.10 / 16.11 (VS2019)

END.
