#
# There is insufficient memory for the Java Runtime Environment to continue.
# Native memory allocation (malloc) failed to allocate 1397456 bytes for Chunk::new
# Possible reasons:
#   The system is out of physical RAM or swap space
#   The process is running with CompressedOops enabled, and the Java Heap may be blocking the growth of the native heap
# Possible solutions:
#   Reduce memory load on the system
#   Increase physical memory or swap space
#   Check if swap backing store is full
#   Decrease Java heap size (-Xmx/-Xms)
#   Decrease number of Java threads
#   Decrease Java thread stack sizes (-Xss)
#   Set larger code cache with -XX:ReservedCodeCacheSize=
#   JVM is running with Unscaled Compressed Oops mode in which the Java heap is
#     placed in the first 4GB address space. The Java Heap base address is the
#     maximum limit for the native heap growth. Please use -XX:HeapBaseMinAddress
#     to set the Java Heap base and to place the Java Heap above 4GB virtual address.
# This output file may be truncated or incomplete.
#
#  Out of Memory Error (arena.cpp:191), pid=7248, tid=22208
#
# JRE version: OpenJDK Runtime Environment (17.0.10) (build 17.0.10+0--11572160)
# Java VM: OpenJDK 64-Bit Server VM (17.0.10+0--11572160, mixed mode, tiered, compressed oops, compressed class ptrs, g1 gc, windows-amd64)
# No core dump will be written. Minidumps are not enabled by default on client versions of Windows
#

---------------  S U M M A R Y ------------

Command Line: --add-opens=java.base/java.util=ALL-UNNAMED --add-opens=java.base/java.lang=ALL-UNNAMED --add-opens=java.base/java.lang.invoke=ALL-UNNAMED --add-opens=java.prefs/java.util.prefs=ALL-UNNAMED --add-opens=java.base/java.nio.charset=ALL-UNNAMED --add-opens=java.base/java.net=ALL-UNNAMED --add-opens=java.base/java.util.concurrent.atomic=ALL-UNNAMED -Xmx2048m -Dfile.encoding=UTF-8 -Duser.country=US -Duser.language=en -Duser.variant -javaagent:C:\Users\Lenovo\.gradle\wrapper\dists\gradle-8.6-bin\afr5mpiioh2wthjmwnkmdsd5w\gradle-8.6\lib\agents\gradle-instrumentation-agent-8.6.jar org.gradle.launcher.daemon.bootstrap.GradleDaemon 8.6

Host: AMD Ryzen 5 5500U with Radeon Graphics         , 12 cores, 5G,  Windows 11 , 64 bit Build 22621 (10.0.22621.4391)
Time: Mon Dec  2 04:35:07 2024 India Standard Time elapsed time: 8.275478 seconds (0d 0h 0m 8s)

---------------  T H R E A D  ---------------

Current thread (0x00000151a0eee6f0):  JavaThread "C2 CompilerThread1" daemon [_thread_in_native, id=22208, stack(0x00000034bdc00000,0x00000034bdd00000)]


Current CompileTask:
C2:   8275 3964       4       groovy.lang.MetaClassImpl$1MOPIter::methodNameAction (325 bytes)

Stack: [0x00000034bdc00000,0x00000034bdd00000]
Native frames: (J=compiled Java code, j=interpreted, Vv=VM code, C=native code)
V  [jvm.dll+0x688e89]
V  [jvm.dll+0x84247a]
V  [jvm.dll+0x8440be]
V  [jvm.dll+0x844723]
V  [jvm.dll+0x24be0f]
V  [jvm.dll+0xac524]
V  [jvm.dll+0xacb6c]
V  [jvm.dll+0x36bd67]
V  [jvm.dll+0x1be002]
V  [jvm.dll+0x21dbf9]
V  [jvm.dll+0x21cec1]
V  [jvm.dll+0x1a60ad]
V  [jvm.dll+0x22cd78]
V  [jvm.dll+0x22aeb0]
V  [jvm.dll+0x7f6917]
V  [jvm.dll+0x7f0d1a]
V  [jvm.dll+0x687d05]
C  [ucrtbase.dll+0x29333]
C  [KERNEL32.DLL+0x1259d]
C  [ntdll.dll+0x5af38]


---------------  P R O C E S S  ---------------

Threads class SMR info:
_java_thread_list=0x00000151a068b4b0, length=36, elements={
0x00000151ffafce20, 0x0000015199ddc020, 0x0000015199ddcdb0, 0x0000015199dc87f0,
0x0000015199db3790, 0x0000015199db4650, 0x000001519e032c30, 0x000001519e053b40,
0x000001519e060310, 0x000001519e063330, 0x000001519e196f10, 0x000001519e3099a0,
0x00000151a097bc60, 0x00000151a0ac99a0, 0x000001519fa1a7d0, 0x00000151a0e2c1c0,
0x00000151a0f18020, 0x000001519fd30430, 0x000001519f5393a0, 0x000001519f4e83a0,
0x000001519f4e5610, 0x000001519f4e6a50, 0x000001519f4e6540, 0x000001519f4e6f60,
0x000001519f4e5b20, 0x00000151a0eee6f0, 0x00000151a0fc7f20, 0x00000151a0fcb1c0,
0x00000151a0fca7a0, 0x00000151a0fc8430, 0x00000151a0fc5190, 0x00000151a0fc8e50,
0x00000151a0fc9870, 0x00000151a27360c0, 0x00000151a0fcb6d0, 0x00000151a0fc4770
}

Java Threads: ( => current thread )
  0x00000151ffafce20 JavaThread "main" [_thread_blocked, id=14780, stack(0x00000034bb100000,0x00000034bb200000)]
  0x0000015199ddc020 JavaThread "Reference Handler" daemon [_thread_blocked, id=11072, stack(0x00000034bb800000,0x00000034bb900000)]
  0x0000015199ddcdb0 JavaThread "Finalizer" daemon [_thread_blocked, id=17628, stack(0x00000034bb900000,0x00000034bba00000)]
  0x0000015199dc87f0 JavaThread "Signal Dispatcher" daemon [_thread_blocked, id=11992, stack(0x00000034bba00000,0x00000034bbb00000)]
  0x0000015199db3790 JavaThread "Attach Listener" daemon [_thread_blocked, id=6176, stack(0x00000034bbb00000,0x00000034bbc00000)]
  0x0000015199db4650 JavaThread "Service Thread" daemon [_thread_blocked, id=11332, stack(0x00000034bbc00000,0x00000034bbd00000)]
  0x000001519e032c30 JavaThread "Monitor Deflation Thread" daemon [_thread_blocked, id=11488, stack(0x00000034bbd00000,0x00000034bbe00000)]
  0x000001519e053b40 JavaThread "C2 CompilerThread0" daemon [_thread_in_native, id=19800, stack(0x00000034bbe00000,0x00000034bbf00000)]
  0x000001519e060310 JavaThread "C1 CompilerThread0" daemon [_thread_blocked, id=13260, stack(0x00000034bbf00000,0x00000034bc000000)]
  0x000001519e063330 JavaThread "Sweeper thread" daemon [_thread_blocked, id=17284, stack(0x00000034bc000000,0x00000034bc100000)]
  0x000001519e196f10 JavaThread "Common-Cleaner" daemon [_thread_blocked, id=19592, stack(0x00000034bc100000,0x00000034bc200000)]
  0x000001519e3099a0 JavaThread "Notification Thread" daemon [_thread_blocked, id=22932, stack(0x00000034bc200000,0x00000034bc300000)]
  0x00000151a097bc60 JavaThread "Daemon health stats" [_thread_blocked, id=5116, stack(0x00000034bca00000,0x00000034bcb00000)]
  0x00000151a0ac99a0 JavaThread "Incoming local TCP Connector on port 63974" [_thread_in_native, id=4876, stack(0x00000034bcb00000,0x00000034bcc00000)]
  0x000001519fa1a7d0 JavaThread "Daemon periodic checks" [_thread_blocked, id=6064, stack(0x00000034bc900000,0x00000034bca00000)]
  0x00000151a0e2c1c0 JavaThread "Daemon" [_thread_blocked, id=19696, stack(0x00000034bcc00000,0x00000034bcd00000)]
  0x00000151a0f18020 JavaThread "Handler for socket connection from /127.0.0.1:63974 to /127.0.0.1:63975" [_thread_in_native, id=22724, stack(0x00000034bcd00000,0x00000034bce00000)]
  0x000001519fd30430 JavaThread "Cancel handler" [_thread_blocked, id=18008, stack(0x00000034bce00000,0x00000034bcf00000)]
  0x000001519f5393a0 JavaThread "Daemon worker" [_thread_in_Java, id=10696, stack(0x00000034bcf00000,0x00000034bd000000)]
  0x000001519f4e83a0 JavaThread "Asynchronous log dispatcher for DefaultDaemonConnection: socket connection from /127.0.0.1:63974 to /127.0.0.1:63975" [_thread_blocked, id=21496, stack(0x00000034bd000000,0x00000034bd100000)]
  0x000001519f4e5610 JavaThread "Stdin handler" [_thread_blocked, id=15704, stack(0x00000034bd100000,0x00000034bd200000)]
  0x000001519f4e6a50 JavaThread "Daemon client event forwarder" [_thread_blocked, id=20016, stack(0x00000034bd200000,0x00000034bd300000)]
  0x000001519f4e6540 JavaThread "Cache worker for journal cache (C:\Users\Lenovo\.gradle\caches\journal-1)" [_thread_blocked, id=11392, stack(0x00000034bc400000,0x00000034bc500000)]
  0x000001519f4e6f60 JavaThread "File lock request listener" [_thread_in_native, id=19216, stack(0x00000034bda00000,0x00000034bdb00000)]
  0x000001519f4e5b20 JavaThread "Cache worker for file hash cache (C:\Users\Lenovo\.gradle\caches\8.6\fileHashes)" [_thread_blocked, id=21932, stack(0x00000034bdb00000,0x00000034bdc00000)]
=>0x00000151a0eee6f0 JavaThread "C2 CompilerThread1" daemon [_thread_in_native, id=22208, stack(0x00000034bdc00000,0x00000034bdd00000)]
  0x00000151a0fc7f20 JavaThread "File watcher server" daemon [_thread_in_native, id=3516, stack(0x00000034bde00000,0x00000034bdf00000)]
  0x00000151a0fcb1c0 JavaThread "File watcher consumer" daemon [_thread_blocked, id=13808, stack(0x00000034bdf00000,0x00000034be000000)]
  0x00000151a0fca7a0 JavaThread "Cache worker for checksums cache (D:\project\.gradle\8.6\checksums)" [_thread_blocked, id=22644, stack(0x00000034bdd00000,0x00000034bde00000)]
  0x00000151a0fc8430 JavaThread "Cache worker for file hash cache (D:\project\.gradle\8.6\fileHashes)" [_thread_blocked, id=1700, stack(0x00000034be000000,0x00000034be100000)]
  0x00000151a0fc5190 JavaThread "Cache worker for cache directory md-supplier (C:\Users\Lenovo\.gradle\caches\8.6\md-supplier)" [_thread_blocked, id=904, stack(0x00000034be100000,0x00000034be200000)]
  0x00000151a0fc8e50 JavaThread "Cache worker for cache directory md-rule (C:\Users\Lenovo\.gradle\caches\8.6\md-rule)" [_thread_blocked, id=8592, stack(0x00000034be200000,0x00000034be300000)]
  0x00000151a0fc9870 JavaThread "Cache worker for file content cache (C:\Users\Lenovo\.gradle\caches\8.6\fileContent)" [_thread_blocked, id=8376, stack(0x00000034be300000,0x00000034be400000)]
  0x00000151a27360c0 JavaThread "C2 CompilerThread2" daemon [_thread_in_native, id=6676, stack(0x00000034be400000,0x00000034be500000)]
  0x00000151a0fcb6d0 JavaThread "jar transforms" [_thread_blocked, id=12596, stack(0x00000034be500000,0x00000034be600000)]
  0x00000151a0fc4770 JavaThread "jar transforms Thread 2" [_thread_blocked, id=12424, stack(0x00000034be600000,0x00000034be700000)]

Other Threads:
  0x0000015199dae110 VMThread "VM Thread" [stack: 0x00000034bb700000,0x00000034bb800000] [id=7184]
  0x00000151ffafdca0 WatcherThread [stack: 0x00000034bc300000,0x00000034bc400000] [id=16152]
  0x00000151ffb57f90 GCTaskThread "GC Thread#0" [stack: 0x00000034bb200000,0x00000034bb300000] [id=17044]
  0x000001519f20f8d0 GCTaskThread "GC Thread#1" [stack: 0x00000034bc600000,0x00000034bc700000] [id=23280]
  0x000001519f45a0d0 GCTaskThread "GC Thread#2" [stack: 0x00000034bc700000,0x00000034bc800000] [id=22092]
  0x000001519e3dcc50 GCTaskThread "GC Thread#3" [stack: 0x00000034bc800000,0x00000034bc900000] [id=3196]
  0x000001519e9e4800 GCTaskThread "GC Thread#4" [stack: 0x00000034bc500000,0x00000034bc600000] [id=18052]
  0x000001519fdfcd20 GCTaskThread "GC Thread#5" [stack: 0x00000034bd300000,0x00000034bd400000] [id=1788]
  0x00000151a09359b0 GCTaskThread "GC Thread#6" [stack: 0x00000034bd400000,0x00000034bd500000] [id=11276]
  0x000001519fd30910 GCTaskThread "GC Thread#7" [stack: 0x00000034bd500000,0x00000034bd600000] [id=8404]
  0x00000151a1087cb0 GCTaskThread "GC Thread#8" [stack: 0x00000034bd600000,0x00000034bd700000] [id=21720]
  0x000001519e052e60 GCTaskThread "GC Thread#9" [stack: 0x00000034bd700000,0x00000034bd800000] [id=11028]
  0x00000151ffb68ee0 ConcurrentGCThread "G1 Main Marker" [stack: 0x00000034bb300000,0x00000034bb400000] [id=20488]
  0x00000151ffb69900 ConcurrentGCThread "G1 Conc#0" [stack: 0x00000034bb400000,0x00000034bb500000] [id=19076]
  0x00000151a08463b0 ConcurrentGCThread "G1 Conc#1" [stack: 0x00000034bd800000,0x00000034bd900000] [id=17528]
  0x00000151a05fcb70 ConcurrentGCThread "G1 Conc#2" [stack: 0x00000034bd900000,0x00000034bda00000] [id=8900]
  0x00000151ffbae370 ConcurrentGCThread "G1 Refine#0" [stack: 0x00000034bb500000,0x00000034bb600000] [id=3620]
  0x0000015199c1e4f0 ConcurrentGCThread "G1 Service" [stack: 0x00000034bb600000,0x00000034bb700000] [id=4600]

Threads with active compile tasks:
C2 CompilerThread0     8301 4046   !   4       java.net.URLClassLoader$1::run (81 bytes)
C1 CompilerThread0     8301 4115       3       java.util.regex.Matcher::appendExpandedReplacement (510 bytes)
C2 CompilerThread1     8301 3964       4       groovy.lang.MetaClassImpl$1MOPIter::methodNameAction (325 bytes)
C2 CompilerThread2     8301 4045       4       java.net.URLClassLoader$1::run (5 bytes)

VM state: not at safepoint (normal execution)

VM Mutex/Monitor currently owned by a thread: None

Heap address: 0x0000000080000000, size: 2048 MB, Compressed Oops mode: 32-bit

CDS archive(s) not mapped
Compressed class space mapped at: 0x0000000100000000-0x0000000140000000, reserved size: 1073741824
Narrow klass base: 0x0000000000000000, Narrow klass shift: 3, Narrow klass range: 0x140000000

GC Precious Log:
 CPUs: 12 total, 12 available
 Memory: 5989M
 Large Page Support: Disabled
 NUMA Support: Disabled
 Compressed Oops: Enabled (32-bit)
 Heap Region Size: 1M
 Heap Min Capacity: 8M
 Heap Initial Capacity: 94M
 Heap Max Capacity: 2G
 Pre-touch: Disabled
 Parallel Workers: 10
 Concurrent Workers: 3
 Concurrent Refinement Workers: 10
 Periodic GC: Disabled

Heap:
 garbage-first heap   total 82944K, used 37979K [0x0000000080000000, 0x0000000100000000)
  region size 1024K, 9 young (9216K), 4 survivors (4096K)
 Metaspace       used 46421K, committed 46848K, reserved 1114112K
  class space    used 6174K, committed 6336K, reserved 1048576K

Heap Regions: E=young(eden), S=young(survivor), O=old, HS=humongous(starts), HC=humongous(continues), CS=collection set, F=free, OA=open archive, CA=closed archive, TAMS=top-at-mark-start (previous, next)
|   0|0x0000000080000000, 0x0000000080100000, 0x0000000080100000|100%|HS|  |TAMS 0x0000000080100000, 0x0000000080000000| Complete 
|   1|0x0000000080100000, 0x0000000080200000, 0x0000000080200000|100%|HC|  |TAMS 0x0000000080200000, 0x0000000080100000| Complete 
|   2|0x0000000080200000, 0x0000000080300000, 0x0000000080300000|100%|HC|  |TAMS 0x0000000080300000, 0x0000000080200000| Complete 
|   3|0x0000000080300000, 0x0000000080400000, 0x0000000080400000|100%|HC|  |TAMS 0x0000000080400000, 0x0000000080300000| Complete 
|   4|0x0000000080400000, 0x0000000080500000, 0x0000000080500000|100%| O|  |TAMS 0x0000000080500000, 0x0000000080400000| Untracked 
|   5|0x0000000080500000, 0x0000000080600000, 0x0000000080600000|100%| O|  |TAMS 0x0000000080600000, 0x0000000080500000| Untracked 
|   6|0x0000000080600000, 0x0000000080700000, 0x0000000080700000|100%| O|  |TAMS 0x0000000080700000, 0x0000000080600000| Untracked 
|   7|0x0000000080700000, 0x0000000080800000, 0x0000000080800000|100%| O|  |TAMS 0x0000000080800000, 0x0000000080700000| Untracked 
|   8|0x0000000080800000, 0x0000000080900000, 0x0000000080900000|100%| O|  |TAMS 0x0000000080900000, 0x0000000080800000| Untracked 
|   9|0x0000000080900000, 0x0000000080a00000, 0x0000000080a00000|100%| O|  |TAMS 0x0000000080a00000, 0x0000000080900000| Untracked 
|  10|0x0000000080a00000, 0x0000000080b00000, 0x0000000080b00000|100%| O|  |TAMS 0x0000000080b00000, 0x0000000080a00000| Untracked 
|  11|0x0000000080b00000, 0x0000000080c00000, 0x0000000080c00000|100%| O|  |TAMS 0x0000000080c00000, 0x0000000080b00000| Untracked 
|  12|0x0000000080c00000, 0x0000000080cb3a00, 0x0000000080d00000| 70%| O|  |TAMS 0x0000000080cb3a00, 0x0000000080c00000| Untracked 
|  13|0x0000000080d00000, 0x0000000080e00000, 0x0000000080e00000|100%| O|  |TAMS 0x0000000080e00000, 0x0000000080d00000| Untracked 
|  14|0x0000000080e00000, 0x0000000080f00000, 0x0000000080f00000|100%| O|  |TAMS 0x0000000080f00000, 0x0000000080e00000| Untracked 
|  15|0x0000000080f00000, 0x0000000081000000, 0x0000000081000000|100%| O|  |TAMS 0x0000000081000000, 0x0000000080f00000| Untracked 
|  16|0x0000000081000000, 0x0000000081100000, 0x0000000081100000|100%| O|  |TAMS 0x0000000081100000, 0x0000000081000000| Untracked 
|  17|0x0000000081100000, 0x0000000081200000, 0x0000000081200000|100%| O|  |TAMS 0x0000000081200000, 0x0000000081100000| Untracked 
|  18|0x0000000081200000, 0x0000000081300000, 0x0000000081300000|100%| O|  |TAMS 0x0000000081300000, 0x0000000081200000| Untracked 
|  19|0x0000000081300000, 0x0000000081400000, 0x0000000081400000|100%| O|  |TAMS 0x0000000081400000, 0x0000000081300000| Untracked 
|  20|0x0000000081400000, 0x0000000081500000, 0x0000000081500000|100%| O|  |TAMS 0x0000000081480400, 0x0000000081400000| Untracked 
|  21|0x0000000081500000, 0x0000000081600000, 0x0000000081600000|100%| O|  |TAMS 0x0000000081500000, 0x0000000081500000| Untracked 
|  22|0x0000000081600000, 0x0000000081700000, 0x0000000081700000|100%| O|  |TAMS 0x0000000081600000, 0x0000000081600000| Untracked 
|  23|0x0000000081700000, 0x0000000081800000, 0x0000000081800000|100%| O|  |TAMS 0x0000000081700000, 0x0000000081700000| Untracked 
|  24|0x0000000081800000, 0x0000000081900000, 0x0000000081900000|100%| O|  |TAMS 0x0000000081800000, 0x0000000081800000| Untracked 
|  25|0x0000000081900000, 0x0000000081a00000, 0x0000000081a00000|100%| O|  |TAMS 0x0000000081900000, 0x0000000081900000| Untracked 
|  26|0x0000000081a00000, 0x0000000081b00000, 0x0000000081b00000|100%| O|  |TAMS 0x0000000081a00000, 0x0000000081a00000| Untracked 
|  27|0x0000000081b00000, 0x0000000081c00000, 0x0000000081c00000|100%| O|  |TAMS 0x0000000081b00000, 0x0000000081b00000| Untracked 
|  28|0x0000000081c00000, 0x0000000081c00000, 0x0000000081d00000|  0%| F|  |TAMS 0x0000000081c00000, 0x0000000081c00000| Untracked 
|  29|0x0000000081d00000, 0x0000000081d00000, 0x0000000081e00000|  0%| F|  |TAMS 0x0000000081d00000, 0x0000000081d00000| Untracked 
|  30|0x0000000081e00000, 0x0000000081e00000, 0x0000000081f00000|  0%| F|  |TAMS 0x0000000081e00000, 0x0000000081e00000| Untracked 
|  31|0x0000000081f00000, 0x0000000081f00000, 0x0000000082000000|  0%| F|  |TAMS 0x0000000081f00000, 0x0000000081f00000| Untracked 
|  32|0x0000000082000000, 0x0000000082000000, 0x0000000082100000|  0%| F|  |TAMS 0x0000000082000000, 0x0000000082000000| Untracked 
|  33|0x0000000082100000, 0x0000000082200000, 0x0000000082200000|100%| O|  |TAMS 0x0000000082100000, 0x0000000082100000| Untracked 
|  34|0x0000000082200000, 0x0000000082300000, 0x0000000082300000|100%| O|  |TAMS 0x0000000082200000, 0x0000000082200000| Untracked 
|  35|0x0000000082300000, 0x000000008231f800, 0x0000000082400000| 12%| O|  |TAMS 0x0000000082300000, 0x0000000082300000| Untracked 
|  36|0x0000000082400000, 0x0000000082400000, 0x0000000082500000|  0%| F|  |TAMS 0x0000000082400000, 0x0000000082400000| Untracked 
|  37|0x0000000082500000, 0x0000000082500000, 0x0000000082600000|  0%| F|  |TAMS 0x0000000082500000, 0x0000000082500000| Untracked 
|  38|0x0000000082600000, 0x0000000082600000, 0x0000000082700000|  0%| F|  |TAMS 0x0000000082600000, 0x0000000082600000| Untracked 
|  39|0x0000000082700000, 0x0000000082700000, 0x0000000082800000|  0%| F|  |TAMS 0x0000000082700000, 0x0000000082700000| Untracked 
|  40|0x0000000082800000, 0x0000000082800000, 0x0000000082900000|  0%| F|  |TAMS 0x0000000082800000, 0x0000000082800000| Untracked 
|  41|0x0000000082900000, 0x0000000082900000, 0x0000000082a00000|  0%| F|  |TAMS 0x0000000082900000, 0x0000000082900000| Untracked 
|  42|0x0000000082a00000, 0x0000000082a00000, 0x0000000082b00000|  0%| F|  |TAMS 0x0000000082a00000, 0x0000000082a00000| Untracked 
|  43|0x0000000082b00000, 0x0000000082b00000, 0x0000000082c00000|  0%| F|  |TAMS 0x0000000082b00000, 0x0000000082b00000| Untracked 
|  44|0x0000000082c00000, 0x0000000082c00000, 0x0000000082d00000|  0%| F|  |TAMS 0x0000000082c00000, 0x0000000082c00000| Untracked 
|  45|0x0000000082d00000, 0x0000000082d00000, 0x0000000082e00000|  0%| F|  |TAMS 0x0000000082d00000, 0x0000000082d00000| Untracked 
|  46|0x0000000082e00000, 0x0000000082e43d00, 0x0000000082f00000| 26%| S|CS|TAMS 0x0000000082e00000, 0x0000000082e00000| Complete 
|  47|0x0000000082f00000, 0x0000000083000000, 0x0000000083000000|100%| S|CS|TAMS 0x0000000082f00000, 0x0000000082f00000| Complete 
|  48|0x0000000083000000, 0x0000000083100000, 0x0000000083100000|100%| S|CS|TAMS 0x0000000083000000, 0x0000000083000000| Complete 
|  49|0x0000000083100000, 0x0000000083200000, 0x0000000083200000|100%| S|CS|TAMS 0x0000000083100000, 0x0000000083100000| Complete 
|  50|0x0000000083200000, 0x0000000083200000, 0x0000000083300000|  0%| F|  |TAMS 0x0000000083200000, 0x0000000083200000| Untracked 
|  51|0x0000000083300000, 0x0000000083300000, 0x0000000083400000|  0%| F|  |TAMS 0x0000000083300000, 0x0000000083300000| Untracked 
|  52|0x0000000083400000, 0x0000000083400000, 0x0000000083500000|  0%| F|  |TAMS 0x0000000083400000, 0x0000000083400000| Untracked 
|  53|0x0000000083500000, 0x0000000083500000, 0x0000000083600000|  0%| F|  |TAMS 0x0000000083500000, 0x0000000083500000| Untracked 
|  54|0x0000000083600000, 0x0000000083600000, 0x0000000083700000|  0%| F|  |TAMS 0x0000000083600000, 0x0000000083600000| Untracked 
|  55|0x0000000083700000, 0x0000000083700000, 0x0000000083800000|  0%| F|  |TAMS 0x0000000083700000, 0x0000000083700000| Untracked 
|  56|0x0000000083800000, 0x0000000083800000, 0x0000000083900000|  0%| F|  |TAMS 0x0000000083800000, 0x0000000083800000| Untracked 
|  57|0x0000000083900000, 0x0000000083900000, 0x0000000083a00000|  0%| F|  |TAMS 0x0000000083900000, 0x0000000083900000| Untracked 
|  58|0x0000000083a00000, 0x0000000083a00000, 0x0000000083b00000|  0%| F|  |TAMS 0x0000000083a00000, 0x0000000083a00000| Untracked 
|  59|0x0000000083b00000, 0x0000000083b00000, 0x0000000083c00000|  0%| F|  |TAMS 0x0000000083b00000, 0x0000000083b00000| Untracked 
|  60|0x0000000083c00000, 0x0000000083c00000, 0x0000000083d00000|  0%| F|  |TAMS 0x0000000083c00000, 0x0000000083c00000| Untracked 
|  61|0x0000000083d00000, 0x0000000083d00000, 0x0000000083e00000|  0%| F|  |TAMS 0x0000000083d00000, 0x0000000083d00000| Untracked 
|  62|0x0000000083e00000, 0x0000000083e00000, 0x0000000083f00000|  0%| F|  |TAMS 0x0000000083e00000, 0x0000000083e00000| Untracked 
|  63|0x0000000083f00000, 0x0000000083f00000, 0x0000000084000000|  0%| F|  |TAMS 0x0000000083f00000, 0x0000000083f00000| Untracked 
|  64|0x0000000084000000, 0x0000000084000000, 0x0000000084100000|  0%| F|  |TAMS 0x0000000084000000, 0x0000000084000000| Untracked 
|  65|0x0000000084100000, 0x0000000084100000, 0x0000000084200000|  0%| F|  |TAMS 0x0000000084100000, 0x0000000084100000| Untracked 
|  66|0x0000000084200000, 0x0000000084200000, 0x0000000084300000|  0%| F|  |TAMS 0x0000000084200000, 0x0000000084200000| Untracked 
|  67|0x0000000084300000, 0x0000000084300000, 0x0000000084400000|  0%| F|  |TAMS 0x0000000084300000, 0x0000000084300000| Untracked 
|  68|0x0000000084400000, 0x0000000084400000, 0x0000000084500000|  0%| F|  |TAMS 0x0000000084400000, 0x0000000084400000| Untracked 
|  69|0x0000000084500000, 0x0000000084500000, 0x0000000084600000|  0%| F|  |TAMS 0x0000000084500000, 0x0000000084500000| Untracked 
|  70|0x0000000084600000, 0x0000000084600000, 0x0000000084700000|  0%| F|  |TAMS 0x0000000084600000, 0x0000000084600000| Untracked 
|  71|0x0000000084700000, 0x0000000084700000, 0x0000000084800000|  0%| F|  |TAMS 0x0000000084700000, 0x0000000084700000| Untracked 
|  72|0x0000000084800000, 0x0000000084800000, 0x0000000084900000|  0%| F|  |TAMS 0x0000000084800000, 0x0000000084800000| Untracked 
|  73|0x0000000084900000, 0x0000000084900000, 0x0000000084a00000|  0%| F|  |TAMS 0x0000000084900000, 0x0000000084900000| Untracked 
|  74|0x0000000084a00000, 0x0000000084a00000, 0x0000000084b00000|  0%| F|  |TAMS 0x0000000084a00000, 0x0000000084a00000| Untracked 
|  75|0x0000000084b00000, 0x0000000084b80800, 0x0000000084c00000| 50%| E|  |TAMS 0x0000000084b00000, 0x0000000084b00000| Complete 
|  76|0x0000000084c00000, 0x0000000084d00000, 0x0000000084d00000|100%| E|CS|TAMS 0x0000000084c00000, 0x0000000084c00000| Complete 
|  77|0x0000000084d00000, 0x0000000084e00000, 0x0000000084e00000|100%| E|CS|TAMS 0x0000000084d00000, 0x0000000084d00000| Complete 
|  78|0x0000000084e00000, 0x0000000084f00000, 0x0000000084f00000|100%| E|CS|TAMS 0x0000000084e00000, 0x0000000084e00000| Complete 
|  79|0x0000000084f00000, 0x0000000085000000, 0x0000000085000000|100%| E|CS|TAMS 0x0000000084f00000, 0x0000000084f00000| Complete 
|  93|0x0000000085d00000, 0x0000000085e00000, 0x0000000085e00000|100%| E|CS|TAMS 0x0000000085d00000, 0x0000000085d00000| Complete 

Card table byte_map: [0x0000015192930000,0x0000015192d30000] _byte_map_base: 0x0000015192530000

Marking Bits (Prev, Next): (CMBitMap*) 0x00000151ffb585b0, (CMBitMap*) 0x00000151ffb585f0
 Prev Bits: [0x0000015193130000, 0x0000015195130000)
 Next Bits: [0x0000015195130000, 0x0000015197130000)

Polling page: 0x00000151ff2b0000

Metaspace:

Usage:
  Non-class:     39.31 MB used.
      Class:      6.03 MB used.
       Both:     45.34 MB used.

Virtual space:
  Non-class space:       64.00 MB reserved,      39.56 MB ( 62%) committed,  1 nodes.
      Class space:        1.00 GB reserved,       6.19 MB ( <1%) committed,  1 nodes.
             Both:        1.06 GB reserved,      45.75 MB (  4%) committed. 

Chunk freelists:
   Non-Class:  8.08 MB
       Class:  9.80 MB
        Both:  17.88 MB

MaxMetaspaceSize: unlimited
CompressedClassSpaceSize: 1.00 GB
Initial GC threshold: 21.00 MB
Current GC threshold: 58.75 MB
CDS: off
MetaspaceReclaimPolicy: balanced
 - commit_granule_bytes: 65536.
 - commit_granule_words: 8192.
 - virtual_space_node_default_size: 8388608.
 - enlarge_chunks_in_place: 1.
 - new_chunks_are_fully_committed: 0.
 - uncommit_free_chunks: 1.
 - use_allocation_guard: 0.
 - handle_deallocations: 1.


Internal statistics:

num_allocs_failed_limit: 6.
num_arena_births: 346.
num_arena_deaths: 0.
num_vsnodes_births: 2.
num_vsnodes_deaths: 0.
num_space_committed: 732.
num_space_uncommitted: 0.
num_chunks_returned_to_freelist: 6.
num_chunks_taken_from_freelist: 1719.
num_chunk_merges: 6.
num_chunk_splits: 1142.
num_chunks_enlarged: 816.
num_inconsistent_stats: 0.

CodeHeap 'non-profiled nmethods': size=120000Kb used=2360Kb max_used=2360Kb free=117639Kb
 bounds [0x000001518aef0000, 0x000001518b160000, 0x0000015192420000]
CodeHeap 'profiled nmethods': size=120000Kb used=8575Kb max_used=8575Kb free=111424Kb
 bounds [0x0000015183420000, 0x0000015183c80000, 0x000001518a950000]
CodeHeap 'non-nmethods': size=5760Kb used=2290Kb max_used=2317Kb free=3469Kb
 bounds [0x000001518a950000, 0x000001518abc0000, 0x000001518aef0000]
 total_blobs=4886 nmethods=4089 adapters=709
 compilation: enabled
              stopped_count=0, restarted_count=0
 full_count=0

Compilation events (20 events):
Event: 8.249 Thread 0x000001519e060310 4098       3       org.gradle.internal.instantiation.generator.AbstractClassGenerator$NamePropertyHandler::visitProperty (13 bytes)
Event: 8.250 Thread 0x000001519e060310 nmethod 4098 0x0000015183c79810 code [0x0000015183c799c0, 0x0000015183c79be8]
Event: 8.250 Thread 0x000001519e060310 4099       3       org.gradle.internal.instantiation.generator.AbstractClassGenerator$ManagedPropertiesHandler::visitProperty (37 bytes)
Event: 8.250 Thread 0x000001519e060310 nmethod 4099 0x0000015183c79d10 code [0x0000015183c79f60, 0x0000015183c7a6b8]
Event: 8.250 Thread 0x000001519e060310 4103       3       org.gradle.model.internal.asm.ClassVisitorScope::addField (11 bytes)
Event: 8.251 Thread 0x000001519e060310 nmethod 4103 0x0000015183c7a990 code [0x0000015183c7ab40, 0x0000015183c7ad58]
Event: 8.251 Thread 0x000001519e060310 4100       3       org.gradle.internal.instantiation.generator.AbstractClassGenerator::access$1800 (5 bytes)
Event: 8.252 Thread 0x000001519e060310 nmethod 4100 0x0000015183c7ae90 code [0x0000015183c7b0a0, 0x0000015183c7b6a8]
Event: 8.252 Thread 0x000001519e060310 4104       3       org.gradle.model.internal.asm.MethodVisitorScope::_IFNONNULL (9 bytes)
Event: 8.252 Thread 0x000001519e060310 nmethod 4104 0x0000015183c7b890 code [0x0000015183c7ba40, 0x0000015183c7bca8]
Event: 8.252 Thread 0x000001519e060310 4105       3       org.gradle.model.internal.asm.MethodVisitorScope::_INVOKESPECIAL (13 bytes)
Event: 8.252 Thread 0x000001519e060310 nmethod 4105 0x0000015183c7bd90 code [0x0000015183c7bf40, 0x0000015183c7c1d8]
Event: 8.252 Thread 0x000001519e060310 4101       3       org.gradle.internal.instantiation.generator.AbstractClassGenerator::isEagerAttachProperty (30 bytes)
Event: 8.253 Thread 0x000001519e060310 nmethod 4101 0x0000015183c7c310 code [0x0000015183c7c520, 0x0000015183c7cac8]
Event: 8.253 Thread 0x000001519e060310 4102       3       org.gradle.internal.instantiation.generator.AbstractClassGenerator::access$1900 (5 bytes)
Event: 8.253 Thread 0x000001519e060310 nmethod 4102 0x0000015183c7cc90 code [0x0000015183c7ce40, 0x0000015183c7d018]
Event: 8.263 Thread 0x000001519e060310 4110       3       java.lang.invoke.MethodHandles$Lookup::makeHiddenClassDefiner (22 bytes)
Event: 8.264 Thread 0x000001519e060310 nmethod 4110 0x0000015183c7d110 code [0x0000015183c7d2c0, 0x0000015183c7d4a8]
Event: 8.264 Thread 0x000001519e060310 4111       3       java.lang.invoke.MethodHandles$Lookup$ClassDefiner::defineClassAsLookup (19 bytes)
Event: 8.264 Thread 0x000001519e060310 nmethod 4111 0x0000015183c7d610 code [0x0000015183c7d7c0, 0x0000015183c7d9b8]

GC Heap History (20 events):
Event: 1.183 GC heap before
{Heap before GC invocations=0 (full 0):
 garbage-first heap   total 96256K, used 26624K [0x0000000080000000, 0x0000000100000000)
  region size 1024K, 23 young (23552K), 0 survivors (0K)
 Metaspace       used 10445K, committed 10624K, reserved 1114112K
  class space    used 1087K, committed 1152K, reserved 1048576K
}
Event: 1.192 GC heap after
{Heap after GC invocations=1 (full 0):
 garbage-first heap   total 96256K, used 10640K [0x0000000080000000, 0x0000000100000000)
  region size 1024K, 3 young (3072K), 3 survivors (3072K)
 Metaspace       used 10445K, committed 10624K, reserved 1114112K
  class space    used 1087K, committed 1152K, reserved 1048576K
}
Event: 2.063 GC heap before
{Heap before GC invocations=1 (full 0):
 garbage-first heap   total 96256K, used 38288K [0x0000000080000000, 0x0000000100000000)
  region size 1024K, 30 young (30720K), 3 survivors (3072K)
 Metaspace       used 11425K, committed 11584K, reserved 1114112K
  class space    used 1195K, committed 1280K, reserved 1048576K
}
Event: 2.069 GC heap after
{Heap after GC invocations=2 (full 0):
 garbage-first heap   total 96256K, used 11341K [0x0000000080000000, 0x0000000100000000)
  region size 1024K, 1 young (1024K), 1 survivors (1024K)
 Metaspace       used 11425K, committed 11584K, reserved 1114112K
  class space    used 1195K, committed 1280K, reserved 1048576K
}
Event: 3.811 GC heap before
{Heap before GC invocations=2 (full 0):
 garbage-first heap   total 96256K, used 61517K [0x0000000080000000, 0x0000000100000000)
  region size 1024K, 51 young (52224K), 1 survivors (1024K)
 Metaspace       used 21263K, committed 21504K, reserved 1114112K
  class space    used 2501K, committed 2624K, reserved 1048576K
}
Event: 3.826 GC heap after
{Heap after GC invocations=3 (full 0):
 garbage-first heap   total 96256K, used 19150K [0x0000000080000000, 0x0000000100000000)
  region size 1024K, 7 young (7168K), 7 survivors (7168K)
 Metaspace       used 21263K, committed 21504K, reserved 1114112K
  class space    used 2501K, committed 2624K, reserved 1048576K
}
Event: 4.681 GC heap before
{Heap before GC invocations=4 (full 0):
 garbage-first heap   total 68608K, used 52942K [0x0000000080000000, 0x0000000100000000)
  region size 1024K, 40 young (40960K), 7 survivors (7168K)
 Metaspace       used 26484K, committed 26752K, reserved 1114112K
  class space    used 3408K, committed 3520K, reserved 1048576K
}
Event: 4.689 GC heap after
{Heap after GC invocations=5 (full 0):
 garbage-first heap   total 68608K, used 20896K [0x0000000080000000, 0x0000000100000000)
  region size 1024K, 2 young (2048K), 2 survivors (2048K)
 Metaspace       used 26484K, committed 26752K, reserved 1114112K
  class space    used 3408K, committed 3520K, reserved 1048576K
}
Event: 5.427 GC heap before
{Heap before GC invocations=5 (full 0):
 garbage-first heap   total 68608K, used 48544K [0x0000000080000000, 0x0000000100000000)
  region size 1024K, 29 young (29696K), 2 survivors (2048K)
 Metaspace       used 30186K, committed 30464K, reserved 1114112K
  class space    used 4050K, committed 4160K, reserved 1048576K
}
Event: 5.433 GC heap after
{Heap after GC invocations=6 (full 0):
 garbage-first heap   total 68608K, used 22463K [0x0000000080000000, 0x0000000100000000)
  region size 1024K, 4 young (4096K), 4 survivors (4096K)
 Metaspace       used 30186K, committed 30464K, reserved 1114112K
  class space    used 4050K, committed 4160K, reserved 1048576K
}
Event: 6.087 GC heap before
{Heap before GC invocations=6 (full 0):
 garbage-first heap   total 68608K, used 49087K [0x0000000080000000, 0x0000000100000000)
  region size 1024K, 31 young (31744K), 4 survivors (4096K)
 Metaspace       used 33567K, committed 33920K, reserved 1114112K
  class space    used 4590K, committed 4736K, reserved 1048576K
}
Event: 6.094 GC heap after
{Heap after GC invocations=7 (full 0):
 garbage-first heap   total 68608K, used 23704K [0x0000000080000000, 0x0000000100000000)
  region size 1024K, 3 young (3072K), 3 survivors (3072K)
 Metaspace       used 33567K, committed 33920K, reserved 1114112K
  class space    used 4590K, committed 4736K, reserved 1048576K
}
Event: 6.383 GC heap before
{Heap before GC invocations=7 (full 0):
 garbage-first heap   total 68608K, used 33944K [0x0000000080000000, 0x0000000100000000)
  region size 1024K, 15 young (15360K), 3 survivors (3072K)
 Metaspace       used 35625K, committed 35968K, reserved 1114112K
  class space    used 4881K, committed 5056K, reserved 1048576K
}
Event: 6.388 GC heap after
{Heap after GC invocations=8 (full 0):
 garbage-first heap   total 68608K, used 24415K [0x0000000080000000, 0x0000000100000000)
  region size 1024K, 2 young (2048K), 2 survivors (2048K)
 Metaspace       used 35625K, committed 35968K, reserved 1114112K
  class space    used 4881K, committed 5056K, reserved 1048576K
}
Event: 7.033 GC heap before
{Heap before GC invocations=9 (full 0):
 garbage-first heap   total 68608K, used 51039K [0x0000000080000000, 0x0000000100000000)
  region size 1024K, 29 young (29696K), 2 survivors (2048K)
 Metaspace       used 40759K, committed 41088K, reserved 1114112K
  class space    used 5411K, committed 5568K, reserved 1048576K
}
Event: 7.041 GC heap after
{Heap after GC invocations=10 (full 0):
 garbage-first heap   total 68608K, used 27815K [0x0000000080000000, 0x0000000100000000)
  region size 1024K, 4 young (4096K), 4 survivors (4096K)
 Metaspace       used 40759K, committed 41088K, reserved 1114112K
  class space    used 5411K, committed 5568K, reserved 1048576K
}
Event: 7.502 GC heap before
{Heap before GC invocations=10 (full 0):
 garbage-first heap   total 68608K, used 51367K [0x0000000080000000, 0x0000000100000000)
  region size 1024K, 28 young (28672K), 4 survivors (4096K)
 Metaspace       used 42751K, committed 43136K, reserved 1114112K
  class space    used 5721K, committed 5888K, reserved 1048576K
}
Event: 7.510 GC heap after
{Heap after GC invocations=11 (full 0):
 garbage-first heap   total 82944K, used 30871K [0x0000000080000000, 0x0000000100000000)
  region size 1024K, 3 young (3072K), 3 survivors (3072K)
 Metaspace       used 42751K, committed 43136K, reserved 1114112K
  class space    used 5721K, committed 5888K, reserved 1048576K
}
Event: 8.187 GC heap before
{Heap before GC invocations=11 (full 0):
 garbage-first heap   total 82944K, used 67735K [0x0000000080000000, 0x0000000100000000)
  region size 1024K, 34 young (34816K), 3 survivors (3072K)
 Metaspace       used 45797K, committed 46144K, reserved 1114112K
  class space    used 6076K, committed 6208K, reserved 1048576K
}
Event: 8.195 GC heap after
{Heap after GC invocations=12 (full 0):
 garbage-first heap   total 82944K, used 33883K [0x0000000080000000, 0x0000000100000000)
  region size 1024K, 4 young (4096K), 4 survivors (4096K)
 Metaspace       used 45797K, committed 46144K, reserved 1114112K
  class space    used 6076K, committed 6208K, reserved 1048576K
}

Dll operation events (3 events):
Event: 0.014 Loaded shared library C:\Program Files\Android\Android Studio1\jbr\bin\java.dll
Event: 0.217 Loaded shared library C:\Program Files\Android\Android Studio1\jbr\bin\zip.dll
Event: 0.770 Loaded shared library C:\Program Files\Android\Android Studio1\jbr\bin\verify.dll

Deoptimization events (20 events):
Event: 7.708 Thread 0x00000151a097bc60 Uncommon trap: trap_request=0xffffffc6 fr.pc=0x000001518b0d92bc relative=0x000000000000009c
Event: 7.708 Thread 0x00000151a097bc60 Uncommon trap: reason=bimorphic_or_optimized_type_check action=maybe_recompile pc=0x000001518b0d92bc method=java.util.stream.Sink$ChainedReference.cancellationRequested()Z @ 4 c2
Event: 7.708 Thread 0x00000151a097bc60 DEOPT PACKING pc=0x000001518b0d92bc sp=0x00000034bcafeda0
Event: 7.708 Thread 0x00000151a097bc60 DEOPT UNPACKING pc=0x000001518a9a69a3 sp=0x00000034bcafed28 mode 2
Event: 7.708 Thread 0x00000151a097bc60 Uncommon trap: trap_request=0xffffffc6 fr.pc=0x000001518b0d92bc relative=0x000000000000009c
Event: 7.708 Thread 0x00000151a097bc60 Uncommon trap: reason=bimorphic_or_optimized_type_check action=maybe_recompile pc=0x000001518b0d92bc method=java.util.stream.Sink$ChainedReference.cancellationRequested()Z @ 4 c2
Event: 7.708 Thread 0x00000151a097bc60 DEOPT PACKING pc=0x000001518b0d92bc sp=0x00000034bcafeda0
Event: 7.708 Thread 0x00000151a097bc60 DEOPT UNPACKING pc=0x000001518a9a69a3 sp=0x00000034bcafed28 mode 2
Event: 7.841 Thread 0x000001519f5393a0 Uncommon trap: trap_request=0xffffff45 fr.pc=0x000001518b0838ac relative=0x000000000000010c
Event: 7.841 Thread 0x000001519f5393a0 Uncommon trap: reason=unstable_if action=reinterpret pc=0x000001518b0838ac method=java.util.Arrays.hashCode([Ljava/lang/Object;)I @ 34 c2
Event: 7.841 Thread 0x000001519f5393a0 DEOPT PACKING pc=0x000001518b0838ac sp=0x00000034bcff0e30
Event: 7.841 Thread 0x000001519f5393a0 DEOPT UNPACKING pc=0x000001518a9a69a3 sp=0x00000034bcff0da8 mode 2
Event: 8.068 Thread 0x000001519f5393a0 Uncommon trap: trap_request=0xffffffde fr.pc=0x000001518b03bc18 relative=0x0000000000000078
Event: 8.068 Thread 0x000001519f5393a0 Uncommon trap: reason=class_check action=maybe_recompile pc=0x000001518b03bc18 method=java.util.Collections$SetFromMap.remove(Ljava/lang/Object;)Z @ 5 c2
Event: 8.068 Thread 0x000001519f5393a0 DEOPT PACKING pc=0x000001518b03bc18 sp=0x00000034bcffb090
Event: 8.068 Thread 0x000001519f5393a0 DEOPT UNPACKING pc=0x000001518a9a69a3 sp=0x00000034bcffb028 mode 2
Event: 8.100 Thread 0x000001519f5393a0 Uncommon trap: trap_request=0xffffffde fr.pc=0x000001518b0e1d6c relative=0x00000000000031ac
Event: 8.100 Thread 0x000001519f5393a0 Uncommon trap: reason=class_check action=maybe_recompile pc=0x000001518b0e1d6c method=java.util.regex.Pattern$CharProperty.study(Ljava/util/regex/Pattern$TreeInfo;)Z @ 25 c2
Event: 8.100 Thread 0x000001519f5393a0 DEOPT PACKING pc=0x000001518b0e1d6c sp=0x00000034bcff9d30
Event: 8.100 Thread 0x000001519f5393a0 DEOPT UNPACKING pc=0x000001518a9a69a3 sp=0x00000034bcff9c28 mode 2

Classes unloaded (0 events):
No events

Classes redefined (0 events):
No events

Internal exceptions (20 events):
Event: 7.864 Thread 0x000001519f5393a0 Exception <a 'java/lang/IncompatibleClassChangeError'{0x0000000083e9d6a0}: Found class java.lang.Object, but interface was expected> (0x0000000083e9d6a0) 
thrown [s\src\hotspot\share\interpreter\linkResolver.cpp, line 838]
Event: 7.903 Thread 0x000001519f5393a0 Exception <a 'java/lang/ClassNotFoundException'{0x0000000083dc9230}: settings_6os02szjzom308lbtvbjoqh80BeanInfo> (0x0000000083dc9230) 
thrown [s\src\hotspot\share\classfile\systemDictionary.cpp, line 256]
Event: 7.903 Thread 0x000001519f5393a0 Exception <a 'java/lang/ClassNotFoundException'{0x0000000083dcfb48}: settings_6os02szjzom308lbtvbjoqh80Customizer> (0x0000000083dcfb48) 
thrown [s\src\hotspot\share\classfile\systemDictionary.cpp, line 256]
Event: 7.923 Thread 0x000001519f5393a0 Exception <a 'java/lang/ClassNotFoundException'{0x0000000083ccded8}: org/gradle/internal/management/DefaultDependencyResolutionManagement_DecoratedBeanInfo> (0x0000000083ccded8) 
thrown [s\src\hotspot\share\classfile\systemDictionary.cpp, line 256]
Event: 7.924 Thread 0x000001519f5393a0 Exception <a 'java/lang/ClassNotFoundException'{0x0000000083ce2c08}: org/gradle/internal/management/DefaultDependencyResolutionManagementBeanInfo> (0x0000000083ce2c08) 
thrown [s\src\hotspot\share\classfile\systemDictionary.cpp, line 256]
Event: 7.925 Thread 0x000001519f5393a0 Exception <a 'java/lang/ClassNotFoundException'{0x0000000083cf7c20}: org/gradle/internal/management/DefaultDependencyResolutionManagementCustomizer> (0x0000000083cf7c20) 
thrown [s\src\hotspot\share\classfile\systemDictionary.cpp, line 256]
Event: 7.926 Thread 0x000001519f5393a0 Exception <a 'java/lang/ClassNotFoundException'{0x0000000083b1fd48}: org/gradle/internal/management/DefaultDependencyResolutionManagement_DecoratedCustomizer> (0x0000000083b1fd48) 
thrown [s\src\hotspot\share\classfile\systemDictionary.cpp, line 256]
Event: 7.932 Thread 0x000001519f5393a0 Exception <a 'java/lang/ClassNotFoundException'{0x0000000083b72868}: org/gradle/api/initialization/resolve/RepositoriesModeBeanInfo> (0x0000000083b72868) 
thrown [s\src\hotspot\share\classfile\systemDictionary.cpp, line 256]
Event: 7.932 Thread 0x000001519f5393a0 Exception <a 'java/lang/ClassNotFoundException'{0x0000000083b77950}: java/lang/EnumBeanInfo> (0x0000000083b77950) 
thrown [s\src\hotspot\share\classfile\systemDictionary.cpp, line 256]
Event: 7.932 Thread 0x000001519f5393a0 Exception <a 'java/lang/ClassNotFoundException'{0x0000000083b7c7b0}: java/lang/EnumCustomizer> (0x0000000083b7c7b0) 
thrown [s\src\hotspot\share\classfile\systemDictionary.cpp, line 256]
Event: 7.934 Thread 0x000001519f5393a0 Exception <a 'java/lang/ClassNotFoundException'{0x0000000083b959e0}: org/gradle/api/initialization/resolve/RepositoriesModeCustomizer> (0x0000000083b959e0) 
thrown [s\src\hotspot\share\classfile\systemDictionary.cpp, line 256]
Event: 7.943 Thread 0x000001519f5393a0 Exception <a 'java/lang/ClassNotFoundException'{0x0000000083a10f80}: org/gradle/api/internal/provider/DefaultPropertyBeanInfo> (0x0000000083a10f80) 
thrown [s\src\hotspot\share\classfile\systemDictionary.cpp, line 256]
Event: 7.944 Thread 0x000001519f5393a0 Exception <a 'java/lang/ClassNotFoundException'{0x0000000083a22e08}: org/gradle/api/internal/provider/AbstractPropertyBeanInfo> (0x0000000083a22e08) 
thrown [s\src\hotspot\share\classfile\systemDictionary.cpp, line 256]
Event: 7.945 Thread 0x000001519f5393a0 Exception <a 'java/lang/ClassNotFoundException'{0x0000000083a35068}: org/gradle/api/internal/provider/AbstractMinimalProviderBeanInfo> (0x0000000083a35068) 
thrown [s\src\hotspot\share\classfile\systemDictionary.cpp, line 256]
Event: 7.946 Thread 0x000001519f5393a0 Exception <a 'java/lang/ClassNotFoundException'{0x0000000083a47598}: org/gradle/api/internal/provider/AbstractMinimalProviderCustomizer> (0x0000000083a47598) 
thrown [s\src\hotspot\share\classfile\systemDictionary.cpp, line 256]
Event: 7.949 Thread 0x000001519f5393a0 Exception <a 'java/lang/ClassNotFoundException'{0x0000000083a749b0}: org/gradle/api/internal/provider/AbstractPropertyCustomizer> (0x0000000083a749b0) 
thrown [s\src\hotspot\share\classfile\systemDictionary.cpp, line 256]
Event: 7.950 Thread 0x000001519f5393a0 Exception <a 'java/lang/ClassNotFoundException'{0x0000000083a93178}: org/gradle/api/internal/provider/DefaultPropertyCustomizer> (0x0000000083a93178) 
thrown [s\src\hotspot\share\classfile\systemDictionary.cpp, line 256]
Event: 8.021 Thread 0x000001519f5393a0 Exception <a 'java/lang/ClassNotFoundException'{0x00000000838a5fd8}: org/gradle/initialization/DefaultProjectDescriptorBeanInfo> (0x00000000838a5fd8) 
thrown [s\src\hotspot\share\classfile\systemDictionary.cpp, line 256]
Event: 8.022 Thread 0x000001519f5393a0 Exception <a 'java/lang/ClassNotFoundException'{0x00000000838b4948}: org/gradle/initialization/DefaultProjectDescriptorCustomizer> (0x00000000838b4948) 
thrown [s\src\hotspot\share\classfile\systemDictionary.cpp, line 256]
Event: 8.260 Thread 0x000001519f5393a0 Exception <a 'java/lang/NoSuchMethodError'{0x0000000084d03cf8}: 'java.lang.Object java.lang.invoke.DirectMethodHandle$Holder.newInvokeSpecial(java.lang.Object, int, java.lang.Object)'> (0x0000000084d03cf8) 
thrown [s\src\hotspot\share\interpreter\linkResolver.cpp, line 771]

VM Operations (20 events):
Event: 6.862 Executing VM operation: HandshakeAllThreads
Event: 6.863 Executing VM operation: HandshakeAllThreads done
Event: 6.863 Executing VM operation: HandshakeAllThreads
Event: 6.863 Executing VM operation: HandshakeAllThreads done
Event: 6.868 Executing VM operation: HandshakeAllThreads
Event: 6.868 Executing VM operation: HandshakeAllThreads done
Event: 6.975 Executing VM operation: HandshakeAllThreads
Event: 6.975 Executing VM operation: HandshakeAllThreads done
Event: 7.033 Executing VM operation: G1CollectForAllocation
Event: 7.041 Executing VM operation: G1CollectForAllocation done
Event: 7.259 Executing VM operation: HandshakeAllThreads
Event: 7.259 Executing VM operation: HandshakeAllThreads done
Event: 7.501 Executing VM operation: G1CollectForAllocation
Event: 7.510 Executing VM operation: G1CollectForAllocation done
Event: 8.113 Executing VM operation: ICBufferFull
Event: 8.113 Executing VM operation: ICBufferFull done
Event: 8.186 Executing VM operation: G1CollectForAllocation
Event: 8.195 Executing VM operation: G1CollectForAllocation done
Event: 8.199 Executing VM operation: HandshakeAllThreads
Event: 8.199 Executing VM operation: HandshakeAllThreads done

Events (20 events):
Event: 7.699 loading class sun/reflect/generics/reflectiveObjects/GenericArrayTypeImpl done
Event: 7.889 Thread 0x00000151a0fc4770 Thread added: 0x00000151a0fc4770
Event: 7.932 loading class java/lang/EnumBeanInfo
Event: 7.932 loading class java/lang/EnumBeanInfo done
Event: 7.932 loading class java/lang/EnumBeanInfo
Event: 7.932 loading class java/lang/EnumBeanInfo done
Event: 7.932 loading class java/lang/EnumCustomizer
Event: 7.932 loading class java/lang/EnumCustomizer done
Event: 7.932 loading class java/lang/EnumCustomizer
Event: 7.932 loading class java/lang/EnumCustomizer done
Event: 7.963 loading class sun/reflect/MagicAccessorImpl
Event: 7.963 loading class sun/reflect/MagicAccessorImpl done
Event: 8.028 loading class java/lang/StringIndexOutOfBoundsException
Event: 8.028 loading class java/lang/StringIndexOutOfBoundsException done
Event: 8.035 loading class jdk/internal/math/FDBigInteger
Event: 8.035 loading class jdk/internal/math/FDBigInteger done
Event: 8.051 loading class java/util/zip/GZIPOutputStream
Event: 8.051 loading class java/util/zip/GZIPOutputStream done
Event: 8.051 loading class java/util/zip/GZIPInputStream
Event: 8.051 loading class java/util/zip/GZIPInputStream done


Dynamic libraries:
0x00007ff7dcd80000 - 0x00007ff7dcd8a000 	C:\Program Files\Android\Android Studio1\jbr\bin\java.exe
0x00007ff9e4c90000 - 0x00007ff9e4ea7000 	C:\WINDOWS\SYSTEM32\ntdll.dll
0x00007ff9e2b10000 - 0x00007ff9e2bd4000 	C:\WINDOWS\System32\KERNEL32.DLL
0x00007ff9e2470000 - 0x00007ff9e282a000 	C:\WINDOWS\System32\KERNELBASE.dll
0x00007ff9e2010000 - 0x00007ff9e2121000 	C:\WINDOWS\System32\ucrtbase.dll
0x00007ff9d8dc0000 - 0x00007ff9d8dd7000 	C:\Program Files\Android\Android Studio1\jbr\bin\jli.dll
0x00007ff9c8b80000 - 0x00007ff9c8b9b000 	C:\Program Files\Android\Android Studio1\jbr\bin\VCRUNTIME140.dll
0x00007ff9e4340000 - 0x00007ff9e44ee000 	C:\WINDOWS\System32\USER32.dll
0x00007ff9e2970000 - 0x00007ff9e2996000 	C:\WINDOWS\System32\win32u.dll
0x00007ff9cb030000 - 0x00007ff9cb2c2000 	C:\WINDOWS\WinSxS\amd64_microsoft.windows.common-controls_6595b64144ccf1df_6.0.22621.4541_none_2710d1c57384c085\COMCTL32.dll
0x00007ff9e41e0000 - 0x00007ff9e4209000 	C:\WINDOWS\System32\GDI32.dll
0x00007ff9e2350000 - 0x00007ff9e246b000 	C:\WINDOWS\System32\gdi32full.dll
0x00007ff9e4b70000 - 0x00007ff9e4c17000 	C:\WINDOWS\System32\msvcrt.dll
0x00007ff9e1f70000 - 0x00007ff9e200a000 	C:\WINDOWS\System32\msvcp_win.dll
0x00007ff9e44f0000 - 0x00007ff9e4521000 	C:\WINDOWS\System32\IMM32.DLL
0x00007ff9ca900000 - 0x00007ff9ca90c000 	C:\Program Files\Android\Android Studio1\jbr\bin\vcruntime140_1.dll
0x00007ff9b1a70000 - 0x00007ff9b1afd000 	C:\Program Files\Android\Android Studio1\jbr\bin\msvcp140.dll
0x00007ff9a7b80000 - 0x00007ff9a8803000 	C:\Program Files\Android\Android Studio1\jbr\bin\server\jvm.dll
0x00007ff9e2be0000 - 0x00007ff9e2c92000 	C:\WINDOWS\System32\ADVAPI32.dll
0x00007ff9e4210000 - 0x00007ff9e42b7000 	C:\WINDOWS\System32\sechost.dll
0x00007ff9e2130000 - 0x00007ff9e2158000 	C:\WINDOWS\System32\bcrypt.dll
0x00007ff9e3080000 - 0x00007ff9e3194000 	C:\WINDOWS\System32\RPCRT4.dll
0x00007ff9e1e40000 - 0x00007ff9e1e8d000 	C:\WINDOWS\SYSTEM32\POWRPROF.dll
0x00007ff9cde00000 - 0x00007ff9cde09000 	C:\WINDOWS\SYSTEM32\WSOCK32.dll
0x00007ff9de020000 - 0x00007ff9de054000 	C:\WINDOWS\SYSTEM32\WINMM.dll
0x00007ff9e2fe0000 - 0x00007ff9e3051000 	C:\WINDOWS\System32\WS2_32.dll
0x00007ff9db1e0000 - 0x00007ff9db1ea000 	C:\WINDOWS\SYSTEM32\VERSION.dll
0x00007ff9e1e20000 - 0x00007ff9e1e33000 	C:\WINDOWS\SYSTEM32\UMPDC.dll
0x00007ff9e0fb0000 - 0x00007ff9e0fc8000 	C:\WINDOWS\SYSTEM32\kernel.appcore.dll
0x00007ff9dc130000 - 0x00007ff9dc13a000 	C:\Program Files\Android\Android Studio1\jbr\bin\jimage.dll
0x00007ff9d8eb0000 - 0x00007ff9d90e2000 	C:\WINDOWS\SYSTEM32\DBGHELP.DLL
0x00007ff9e3440000 - 0x00007ff9e37cf000 	C:\WINDOWS\System32\combase.dll
0x00007ff9e3360000 - 0x00007ff9e3437000 	C:\WINDOWS\System32\OLEAUT32.dll
0x00007ff9ca130000 - 0x00007ff9ca162000 	C:\WINDOWS\SYSTEM32\dbgcore.DLL
0x00007ff9e22d0000 - 0x00007ff9e234b000 	C:\WINDOWS\System32\bcryptPrimitives.dll
0x00007ff9dc180000 - 0x00007ff9dc18e000 	C:\Program Files\Android\Android Studio1\jbr\bin\instrument.dll
0x00007ff9d3160000 - 0x00007ff9d3185000 	C:\Program Files\Android\Android Studio1\jbr\bin\java.dll
0x00007ff9db260000 - 0x00007ff9db278000 	C:\Program Files\Android\Android Studio1\jbr\bin\zip.dll
0x00007ff9e3960000 - 0x00007ff9e41d8000 	C:\WINDOWS\System32\SHELL32.dll
0x00007ff9dfeb0000 - 0x00007ff9e07b8000 	C:\WINDOWS\SYSTEM32\windows.storage.dll
0x00007ff9dfd70000 - 0x00007ff9dfeaf000 	C:\WINDOWS\SYSTEM32\wintypes.dll
0x00007ff9e4a10000 - 0x00007ff9e4b0a000 	C:\WINDOWS\System32\SHCORE.dll
0x00007ff9e42c0000 - 0x00007ff9e431e000 	C:\WINDOWS\System32\shlwapi.dll
0x00007ff9e1ea0000 - 0x00007ff9e1ecb000 	C:\WINDOWS\SYSTEM32\profapi.dll
0x00007ff9dea60000 - 0x00007ff9dea79000 	C:\Program Files\Android\Android Studio1\jbr\bin\net.dll
0x00007ff9dde30000 - 0x00007ff9ddf66000 	C:\WINDOWS\SYSTEM32\WINHTTP.dll
0x00007ff9e1430000 - 0x00007ff9e1499000 	C:\WINDOWS\system32\mswsock.dll
0x00007ff9d8170000 - 0x00007ff9d8186000 	C:\Program Files\Android\Android Studio1\jbr\bin\nio.dll
0x00007ff9dea50000 - 0x00007ff9dea60000 	C:\Program Files\Android\Android Studio1\jbr\bin\verify.dll
0x00007ff9d2800000 - 0x00007ff9d2827000 	C:\Users\Lenovo\.gradle\native\c067742578af261105cb4f569cf0c3c89f3d7b1fecec35dd04571415982c5e48\windows-amd64\native-platform.dll
0x00007ff9abc50000 - 0x00007ff9abd94000 	C:\Users\Lenovo\.gradle\native\38dada09dfb8b06ba9b0570ebf7e218e3eb74d4ef43ca46872605cf95ebc2f47\windows-amd64\native-platform-file-events.dll
0x00007ff9de8d0000 - 0x00007ff9de8d9000 	C:\Program Files\Android\Android Studio1\jbr\bin\management.dll
0x00007ff9dc190000 - 0x00007ff9dc19b000 	C:\Program Files\Android\Android Studio1\jbr\bin\management_ext.dll
0x00007ff9e4330000 - 0x00007ff9e4338000 	C:\WINDOWS\System32\PSAPI.DLL
0x00007ff9e1690000 - 0x00007ff9e16ab000 	C:\WINDOWS\SYSTEM32\CRYPTSP.dll
0x00007ff9e0f10000 - 0x00007ff9e0f45000 	C:\WINDOWS\system32\rsaenh.dll
0x00007ff9e1520000 - 0x00007ff9e1548000 	C:\WINDOWS\SYSTEM32\USERENV.dll
0x00007ff9e1680000 - 0x00007ff9e168c000 	C:\WINDOWS\SYSTEM32\CRYPTBASE.dll
0x00007ff9e0a20000 - 0x00007ff9e0a4d000 	C:\WINDOWS\SYSTEM32\IPHLPAPI.DLL
0x00007ff9e4320000 - 0x00007ff9e4329000 	C:\WINDOWS\System32\NSI.dll
0x00007ff9de4e0000 - 0x00007ff9de4f9000 	C:\WINDOWS\SYSTEM32\dhcpcsvc6.DLL
0x00007ff9ddd30000 - 0x00007ff9ddd4f000 	C:\WINDOWS\SYSTEM32\dhcpcsvc.DLL
0x00007ff9e0a90000 - 0x00007ff9e0b92000 	C:\WINDOWS\SYSTEM32\DNSAPI.dll
0x00007ff9de8e0000 - 0x00007ff9de8e9000 	C:\Program Files\Android\Android Studio1\jbr\bin\extnet.dll
0x00007ff9c7ff0000 - 0x00007ff9c7ff8000 	C:\WINDOWS\system32\wshunix.dll

dbghelp: loaded successfully - version: 4.0.5 - missing functions: none
symbol engine: initialized successfully - sym options: 0x614 - pdb path: .;C:\Program Files\Android\Android Studio1\jbr\bin;C:\WINDOWS\SYSTEM32;C:\WINDOWS\WinSxS\amd64_microsoft.windows.common-controls_6595b64144ccf1df_6.0.22621.4541_none_2710d1c57384c085;C:\Program Files\Android\Android Studio1\jbr\bin\server;C:\Users\Lenovo\.gradle\native\c067742578af261105cb4f569cf0c3c89f3d7b1fecec35dd04571415982c5e48\windows-amd64;C:\Users\Lenovo\.gradle\native\38dada09dfb8b06ba9b0570ebf7e218e3eb74d4ef43ca46872605cf95ebc2f47\windows-amd64

VM Arguments:
jvm_args: --add-opens=java.base/java.util=ALL-UNNAMED --add-opens=java.base/java.lang=ALL-UNNAMED --add-opens=java.base/java.lang.invoke=ALL-UNNAMED --add-opens=java.prefs/java.util.prefs=ALL-UNNAMED --add-opens=java.base/java.nio.charset=ALL-UNNAMED --add-opens=java.base/java.net=ALL-UNNAMED --add-opens=java.base/java.util.concurrent.atomic=ALL-UNNAMED -Xmx2048m -Dfile.encoding=UTF-8 -Duser.country=US -Duser.language=en -Duser.variant -javaagent:C:\Users\Lenovo\.gradle\wrapper\dists\gradle-8.6-bin\afr5mpiioh2wthjmwnkmdsd5w\gradle-8.6\lib\agents\gradle-instrumentation-agent-8.6.jar 
java_command: org.gradle.launcher.daemon.bootstrap.GradleDaemon 8.6
java_class_path (initial): C:\Users\Lenovo\.gradle\wrapper\dists\gradle-8.6-bin\afr5mpiioh2wthjmwnkmdsd5w\gradle-8.6\lib\gradle-launcher-8.6.jar
Launcher Type: SUN_STANDARD

[Global flags]
     intx CICompilerCount                          = 4                                         {product} {ergonomic}
     uint ConcGCThreads                            = 3                                         {product} {ergonomic}
     uint G1ConcRefinementThreads                  = 10                                        {product} {ergonomic}
   size_t G1HeapRegionSize                         = 1048576                                   {product} {ergonomic}
    uintx GCDrainStackTargetSize                   = 64                                        {product} {ergonomic}
   size_t InitialHeapSize                          = 98566144                                  {product} {ergonomic}
   size_t MarkStackSize                            = 4194304                                   {product} {ergonomic}
   size_t MaxHeapSize                              = 2147483648                                {product} {command line}
   size_t MaxNewSize                               = 1287651328                                {product} {ergonomic}
   size_t MinHeapDeltaBytes                        = 1048576                                   {product} {ergonomic}
   size_t MinHeapSize                              = 8388608                                   {product} {ergonomic}
    uintx NonNMethodCodeHeapSize                   = 5839372                                {pd product} {ergonomic}
    uintx NonProfiledCodeHeapSize                  = 122909434                              {pd product} {ergonomic}
    uintx ProfiledCodeHeapSize                     = 122909434                              {pd product} {ergonomic}
    uintx ReservedCodeCacheSize                    = 251658240                              {pd product} {ergonomic}
     bool SegmentedCodeCache                       = true                                      {product} {ergonomic}
   size_t SoftMaxHeapSize                          = 2147483648                             {manageable} {ergonomic}
     bool UseCompressedClassPointers               = true                           {product lp64_product} {ergonomic}
     bool UseCompressedOops                        = true                           {product lp64_product} {ergonomic}
     bool UseG1GC                                  = true                                      {product} {ergonomic}
     bool UseLargePagesIndividualAllocation        = false                                  {pd product} {ergonomic}

Logging:
Log output configuration:
 #0: stdout all=warning uptime,level,tags
 #1: stderr all=off uptime,level,tags

Environment Variables:
JAVA_HOME=C:\Program Files\Java\jdk-23
PATH=C:\Program Files\Common Files\Oracle\Java\javapath;C:\Program Files (x86)\VMware\VMware Player\bin\;C:\Program Files (x86)\Common Files\Oracle\Java\javapath;C:\WINDOWS\system32;C:\WINDOWS;C:\WINDOWS\System32\Wbem;C:\WINDOWS\System32\WindowsPowerShell\v1.0\;C:\WINDOWS\System32\OpenSSH\;C:\MinGW\bin;C:\Program Files\Microsoft VS Code\bin;C:\Program Files\Git\cmd;C:\Program Files\MySQL\MySQL Shell 8.0\bin\;C:\Users\Lenovo\AppData\Local\Microsoft\WindowsApps;C:\Users\Lenovo\AppData\Local\Microsoft\WindowsApps;C:\Program Files\JetBrains\IntelliJ IDEA Educational Edition 2022.2.2\bin;;C:\Program Files\JetBrains\IntelliJ IDEA Community Edition 2023.3.4\bin;;C:\Program Files\Java\jdk-23\bin;
USERNAME=Lenovo
OS=Windows_NT
PROCESSOR_IDENTIFIER=AMD64 Family 23 Model 104 Stepping 1, AuthenticAMD
TMP=C:\temp
TEMP=C:\temp



Periodic native trim disabled

JNI global refs:
JNI global refs: 25, weak refs: 0

JNI global refs memory usage: 843, weak refs: 841

OOME stack traces (most recent first):
Classloader memory used:
Loader org.gradle.internal.classloader.VisitableURLClassLoader                         : 2826K
Loader bootstrap                                                                       : 2313K
Loader org.gradle.initialization.MixInLegacyTypesClassLoader                           : 565K
Loader jdk.internal.loader.ClassLoaders$PlatformClassLoader                            : 65589B
Loader jdk.internal.loader.ClassLoaders$AppClassLoader                                 : 28729B
Loader org.gradle.groovy.scripts.internal.DefaultScriptCompilationHandler$ScriptClassLoader: 8495B
Loader jdk.internal.reflect.DelegatingClassLoader                                      : 4428B
Loader org.codehaus.groovy.runtime.callsite.CallSiteClassLoader                        : 353B

Classes loaded by more than one classloader:
Class org.gradle.internal.installation.GradleInstallation                             : loaded 2 times (x 73B)
Class org.gradle.internal.classpath.ClassPath                                         : loaded 2 times (x 68B)
Class org.gradle.api.internal.classpath.DefaultModuleRegistry                         : loaded 2 times (x 84B)
Class org.gradle.api.Action                                                           : loaded 2 times (x 68B)
Class settings_6os02szjzom308lbtvbjoqh80$_run_closure1                                : loaded 2 times (x 137B)
Class org.gradle.api.internal.DefaultClassPathProvider                                : loaded 2 times (x 74B)
Class org.gradle.internal.installation.GradleInstallation$1                           : loaded 2 times (x 73B)
Class org.gradle.internal.classloader.FilteringClassLoader                            : loaded 2 times (x 103B)
Class org.gradle.internal.classpath.DefaultClassPath$ImmutableUniqueList$Builder      : loaded 2 times (x 73B)
Class org.gradle.internal.classloader.ClassLoaderVisitor                              : loaded 2 times (x 74B)
Class org.gradle.internal.service.DefaultServiceLocator                               : loaded 2 times (x 81B)
Class org.gradle.internal.service.UnknownServiceException                             : loaded 2 times (x 81B)
Class org.gradle.internal.classloader.DefaultClassLoaderFactory                       : loaded 2 times (x 80B)
Class org.gradle.internal.classloader.VisitableURLClassLoader$Spec                    : loaded 2 times (x 72B)
Class org.gradle.api.GradleException                                                  : loaded 2 times (x 80B)
Class org.gradle.api.internal.classpath.ModuleRegistry                                : loaded 2 times (x 68B)
Class org.gradle.api.internal.ClassPathProvider                                       : loaded 2 times (x 68B)
Class org.gradle.internal.classloader.ClasspathUtil$1                                 : loaded 2 times (x 74B)
Class org.gradle.internal.classloader.ClassLoaderFactory                              : loaded 2 times (x 68B)
Class org.gradle.api.internal.classpath.ManifestUtil                                  : loaded 2 times (x 69B)
Class org.gradle.api.specs.Spec                                                       : loaded 2 times (x 68B)
Class org.gradle.internal.IoActions                                                   : loaded 2 times (x 69B)
Class settings_6os02szjzom308lbtvbjoqh80                                              : loaded 2 times (x 177B)
Class org.gradle.api.internal.classpath.EffectiveClassPath                            : loaded 2 times (x 88B)
Class org.gradle.internal.installation.CurrentGradleInstallation                      : loaded 2 times (x 71B)
Class org.gradle.internal.agents.InstrumentingClassLoader                             : loaded 2 times (x 68B)
Class org.gradle.internal.installation.CurrentGradleInstallationLocator               : loaded 2 times (x 69B)
Class org.gradle.api.internal.classpath.Module                                        : loaded 2 times (x 68B)
Class org.gradle.internal.service.CachingServiceLocator                               : loaded 2 times (x 80B)
Class org.gradle.internal.classpath.DefaultClassPath                                  : loaded 2 times (x 88B)
Class org.gradle.internal.classloader.SystemClassLoaderSpec                           : loaded 2 times (x 69B)
Class org.gradle.api.UncheckedIOException                                             : loaded 2 times (x 80B)
Class org.gradle.internal.classloader.ClasspathUtil                                   : loaded 2 times (x 69B)
Class org.gradle.api.internal.DefaultClassPathRegistry                                : loaded 2 times (x 74B)
Class org.gradle.api.internal.classpath.DefaultModuleRegistry$DefaultModule           : loaded 2 times (x 84B)
Class org.gradle.api.internal.classpath.UnknownModuleException                        : loaded 2 times (x 80B)
Class org.gradle.internal.service.ServiceLookupException                              : loaded 2 times (x 80B)
Class org.gradle.cache.GlobalCache                                                    : loaded 2 times (x 68B)
Class [Lorg.gradle.api.internal.ClassPathProvider;                                    : loaded 2 times (x 67B)
Class org.gradle.util.internal.GUtil                                                  : loaded 2 times (x 69B)
Class settings_6os02szjzom308lbtvbjoqh80$_run_closure1$_closure2                      : loaded 2 times (x 137B)
Class org.gradle.internal.classloader.ClassLoaderSpec                                 : loaded 2 times (x 69B)
Class org.gradle.internal.classloader.VisitableURLClassLoader                         : loaded 2 times (x 115B)
Class org.gradle.internal.Cast                                                        : loaded 2 times (x 69B)
Class org.gradle.api.internal.ClassPathRegistry                                       : loaded 2 times (x 68B)
Class org.gradle.internal.classloader.VisitableURLClassLoader$InstrumentingVisitableURLClassLoader: loaded 2 times (x 121B)
Class org.gradle.internal.classloader.ClassLoaderHierarchy                            : loaded 2 times (x 68B)
Class settings_6os02szjzom308lbtvbjoqh80$_run_closure1$_closure2$_closure3            : loaded 2 times (x 137B)
Class org.gradle.internal.InternalTransformer                                         : loaded 2 times (x 68B)
Class org.gradle.internal.service.ServiceLocator                                      : loaded 2 times (x 68B)
Class org.gradle.internal.classpath.DefaultClassPath$ImmutableUniqueList              : loaded 2 times (x 159B)
Class org.gradle.internal.classpath.TransformedClassPath                              : loaded 2 times (x 94B)


---------------  S Y S T E M  ---------------

OS:
 Windows 11 , 64 bit Build 22621 (10.0.22621.4391)
OS uptime: 3 days 5:18 hours

CPU: total 12 (initial active 12) (12 cores per cpu, 2 threads per core) family 23 model 104 stepping 1 microcode 0x0, cx8, cmov, fxsr, ht, mmx, 3dnowpref, sse, sse2, sse3, ssse3, sse4a, sse4.1, sse4.2, popcnt, lzcnt, tsc, tscinvbit, avx, avx2, aes, clmul, bmi1, bmi2, adx, sha, fma, vzeroupper, clflush, clflushopt
Processor Information for all 12 processors :
  Max Mhz: 2100, Current Mhz: 1686, Mhz Limit: 2100

Memory: 4k page, system-wide physical 5989M (669M free)
TotalPageFile size 24421M (AvailPageFile size 6M)
current process WorkingSet (physical memory assigned to process): 247M, peak: 247M
current process commit charge ("private bytes"): 285M, peak: 286M

vm_info: OpenJDK 64-Bit Server VM (17.0.10+0--11572160) for windows-amd64 JRE (17.0.10+0--11572160), built on Mar 13 2024 23:56:38 by "androidbuild" with MS VC++ 16.10 / 16.11 (VS2019)

END.
