#
# There is insufficient memory for the Java Runtime Environment to continue.
# Native memory allocation (mmap) failed to map 14680064 bytes for G1 virtual space
# Possible reasons:
#   The system is out of physical RAM or swap space
#   The process is running with CompressedOops enabled, and the Java Heap may be blocking the growth of the native heap
# Possible solutions:
#   Reduce memory load on the system
#   Increase physical memory or swap space
#   Check if swap backing store is full
#   Decrease Java heap size (-Xmx/-Xms)
#   Decrease number of Java threads
#   Decrease Java thread stack sizes (-Xss)
#   Set larger code cache with -XX:ReservedCodeCacheSize=
#   JVM is running with Unscaled Compressed Oops mode in which the Java heap is
#     placed in the first 4GB address space. The Java Heap base address is the
#     maximum limit for the native heap growth. Please use -XX:HeapBaseMinAddress
#     to set the Java Heap base and to place the Java Heap above 4GB virtual address.
# This output file may be truncated or incomplete.
#
#  Out of Memory Error (os_windows.cpp:3825), pid=18928, tid=13544
#
# JRE version: OpenJDK Runtime Environment (17.0.10) (build 17.0.10+0--11572160)
# Java VM: OpenJDK 64-Bit Server VM (17.0.10+0--11572160, mixed mode, tiered, compressed oops, compressed class ptrs, g1 gc, windows-amd64)
# No core dump will be written. Minidumps are not enabled by default on client versions of Windows
#

---------------  S U M M A R Y ------------

Command Line: --add-opens=java.base/java.util=ALL-UNNAMED --add-opens=java.base/java.lang=ALL-UNNAMED --add-opens=java.base/java.lang.invoke=ALL-UNNAMED --add-opens=java.prefs/java.util.prefs=ALL-UNNAMED --add-opens=java.base/java.nio.charset=ALL-UNNAMED --add-opens=java.base/java.net=ALL-UNNAMED --add-opens=java.base/java.util.concurrent.atomic=ALL-UNNAMED -Xmx2048m -Dfile.encoding=UTF-8 -Duser.country=US -Duser.language=en -Duser.variant -javaagent:C:\Users\Lenovo\.gradle\wrapper\dists\gradle-8.6-bin\afr5mpiioh2wthjmwnkmdsd5w\gradle-8.6\lib\agents\gradle-instrumentation-agent-8.6.jar org.gradle.launcher.daemon.bootstrap.GradleDaemon 8.6

Host: AMD Ryzen 5 5500U with Radeon Graphics         , 12 cores, 5G,  Windows 11 , 64 bit Build 22621 (10.0.22621.4391)
Time: Mon Dec  2 04:34:25 2024 India Standard Time elapsed time: 8.628882 seconds (0d 0h 0m 8s)

---------------  T H R E A D  ---------------

Current thread (0x0000020dd21f8630):  VMThread "VM Thread" [stack: 0x0000003a5fe00000,0x0000003a5ff00000] [id=13544]

Stack: [0x0000003a5fe00000,0x0000003a5ff00000]
Native frames: (J=compiled Java code, j=interpreted, Vv=VM code, C=native code)
V  [jvm.dll+0x688e89]
V  [jvm.dll+0x84247a]
V  [jvm.dll+0x8440be]
V  [jvm.dll+0x844723]
V  [jvm.dll+0x24be0f]
V  [jvm.dll+0x685c59]
V  [jvm.dll+0x67a50a]
V  [jvm.dll+0x30cbab]
V  [jvm.dll+0x314056]
V  [jvm.dll+0x363dce]
V  [jvm.dll+0x363fff]
V  [jvm.dll+0x2e2978]
V  [jvm.dll+0x2e0b54]
V  [jvm.dll+0x2e015c]
V  [jvm.dll+0x32502b]
V  [jvm.dll+0x848e1b]
V  [jvm.dll+0x849b61]
V  [jvm.dll+0x84a07d]
V  [jvm.dll+0x84a454]
V  [jvm.dll+0x84a520]
V  [jvm.dll+0x7f0d1a]
V  [jvm.dll+0x687d05]
C  [ucrtbase.dll+0x29333]
C  [KERNEL32.DLL+0x1259d]
C  [ntdll.dll+0x5af38]

VM_Operation (0x0000003a615f7ca0): G1CollectForAllocation, mode: safepoint, requested by thread 0x0000020dd864e4d0


---------------  P R O C E S S  ---------------

Threads class SMR info:
_java_thread_list=0x0000020dd9602530, length=35, elements={
0x0000020db7de3d10, 0x0000020dd221a020, 0x0000020dd221adb0, 0x0000020dd22426b0,
0x0000020dd2244190, 0x0000020dd2246c60, 0x0000020dd2247620, 0x0000020dd2248310,
0x0000020dd2250dd0, 0x0000020dd2276cf0, 0x0000020dd23565d0, 0x0000020dd2581a70,
0x0000020dd885b850, 0x0000020dd9175030, 0x0000020dd8251b70, 0x0000020dd774bfb0,
0x0000020dd82dc330, 0x0000020dd864dff0, 0x0000020dd864e4d0, 0x0000020dd7f077b0,
0x0000020dd7f09100, 0x0000020dd7f07cc0, 0x0000020dd7f086e0, 0x0000020dd7f08bf0,
0x0000020dd7c9b990, 0x0000020dd7c99110, 0x0000020dd7c986f0, 0x0000020dd7c9a550,
0x0000020dd7c9a040, 0x0000020dd7c9b480, 0x0000020dd7c98c00, 0x0000020dd77344b0,
0x0000020dd7c9bea0, 0x0000020dd77314e0, 0x0000020dd7c99620
}

Java Threads: ( => current thread )
  0x0000020db7de3d10 JavaThread "main" [_thread_blocked, id=20328, stack(0x0000003a5f800000,0x0000003a5f900000)]
  0x0000020dd221a020 JavaThread "Reference Handler" daemon [_thread_blocked, id=16608, stack(0x0000003a5ff00000,0x0000003a60000000)]
  0x0000020dd221adb0 JavaThread "Finalizer" daemon [_thread_blocked, id=18708, stack(0x0000003a60000000,0x0000003a60100000)]
  0x0000020dd22426b0 JavaThread "Signal Dispatcher" daemon [_thread_blocked, id=22468, stack(0x0000003a60100000,0x0000003a60200000)]
  0x0000020dd2244190 JavaThread "Attach Listener" daemon [_thread_blocked, id=18888, stack(0x0000003a60200000,0x0000003a60300000)]
  0x0000020dd2246c60 JavaThread "Service Thread" daemon [_thread_blocked, id=13956, stack(0x0000003a60300000,0x0000003a60400000)]
  0x0000020dd2247620 JavaThread "Monitor Deflation Thread" daemon [_thread_blocked, id=20764, stack(0x0000003a60400000,0x0000003a60500000)]
  0x0000020dd2248310 JavaThread "C2 CompilerThread0" daemon [_thread_in_native, id=22920, stack(0x0000003a60500000,0x0000003a60600000)]
  0x0000020dd2250dd0 JavaThread "C1 CompilerThread0" daemon [_thread_blocked, id=7916, stack(0x0000003a60600000,0x0000003a60700000)]
  0x0000020dd2276cf0 JavaThread "Sweeper thread" daemon [_thread_blocked, id=19452, stack(0x0000003a60700000,0x0000003a60800000)]
  0x0000020dd23565d0 JavaThread "Common-Cleaner" daemon [_thread_blocked, id=18396, stack(0x0000003a60800000,0x0000003a60900000)]
  0x0000020dd2581a70 JavaThread "Notification Thread" daemon [_thread_blocked, id=11752, stack(0x0000003a60900000,0x0000003a60a00000)]
  0x0000020dd885b850 JavaThread "Daemon health stats" [_thread_blocked, id=17772, stack(0x0000003a61000000,0x0000003a61100000)]
  0x0000020dd9175030 JavaThread "Incoming local TCP Connector on port 63952" [_thread_in_native, id=8148, stack(0x0000003a60b00000,0x0000003a60c00000)]
  0x0000020dd8251b70 JavaThread "Daemon periodic checks" [_thread_blocked, id=1936, stack(0x0000003a61100000,0x0000003a61200000)]
  0x0000020dd774bfb0 JavaThread "Daemon" [_thread_blocked, id=23172, stack(0x0000003a61200000,0x0000003a61300000)]
  0x0000020dd82dc330 JavaThread "Handler for socket connection from /127.0.0.1:63952 to /127.0.0.1:63953" [_thread_in_native, id=20560, stack(0x0000003a61300000,0x0000003a61400000)]
  0x0000020dd864dff0 JavaThread "Cancel handler" [_thread_blocked, id=22632, stack(0x0000003a61400000,0x0000003a61500000)]
  0x0000020dd864e4d0 JavaThread "Daemon worker" [_thread_blocked, id=21992, stack(0x0000003a61500000,0x0000003a61600000)]
  0x0000020dd7f077b0 JavaThread "Asynchronous log dispatcher for DefaultDaemonConnection: socket connection from /127.0.0.1:63952 to /127.0.0.1:63953" [_thread_blocked, id=4084, stack(0x0000003a61600000,0x0000003a61700000)]
  0x0000020dd7f09100 JavaThread "Stdin handler" [_thread_blocked, id=13768, stack(0x0000003a61700000,0x0000003a61800000)]
  0x0000020dd7f07cc0 JavaThread "Daemon client event forwarder" [_thread_blocked, id=17156, stack(0x0000003a61800000,0x0000003a61900000)]
  0x0000020dd7f086e0 JavaThread "Cache worker for journal cache (C:\Users\Lenovo\.gradle\caches\journal-1)" [_thread_blocked, id=23472, stack(0x0000003a62000000,0x0000003a62100000)]
  0x0000020dd7f08bf0 JavaThread "File lock request listener" [_thread_in_native, id=2196, stack(0x0000003a62100000,0x0000003a62200000)]
  0x0000020dd7c9b990 JavaThread "Cache worker for file hash cache (C:\Users\Lenovo\.gradle\caches\8.6\fileHashes)" [_thread_blocked, id=11016, stack(0x0000003a62200000,0x0000003a62300000)]
  0x0000020dd7c99110 JavaThread "File watcher server" daemon [_thread_in_native, id=18172, stack(0x0000003a62300000,0x0000003a62400000)]
  0x0000020dd7c986f0 JavaThread "File watcher consumer" daemon [_thread_blocked, id=18796, stack(0x0000003a62400000,0x0000003a62500000)]
  0x0000020dd7c9a550 JavaThread "Cache worker for checksums cache (D:\project\.gradle\8.6\checksums)" [_thread_blocked, id=21568, stack(0x0000003a62500000,0x0000003a62600000)]
  0x0000020dd7c9a040 JavaThread "Cache worker for file hash cache (D:\project\.gradle\8.6\fileHashes)" [_thread_blocked, id=14376, stack(0x0000003a62600000,0x0000003a62700000)]
  0x0000020dd7c9b480 JavaThread "Cache worker for cache directory md-supplier (C:\Users\Lenovo\.gradle\caches\8.6\md-supplier)" [_thread_blocked, id=17072, stack(0x0000003a62700000,0x0000003a62800000)]
  0x0000020dd7c98c00 JavaThread "Cache worker for cache directory md-rule (C:\Users\Lenovo\.gradle\caches\8.6\md-rule)" [_thread_blocked, id=22236, stack(0x0000003a62800000,0x0000003a62900000)]
  0x0000020dd77344b0 JavaThread "C2 CompilerThread1" daemon [_thread_in_native, id=9800, stack(0x0000003a62900000,0x0000003a62a00000)]
  0x0000020dd7c9bea0 JavaThread "Cache worker for file content cache (C:\Users\Lenovo\.gradle\caches\8.6\fileContent)" [_thread_blocked, id=8492, stack(0x0000003a62a00000,0x0000003a62b00000)]
  0x0000020dd77314e0 JavaThread "C2 CompilerThread2" daemon [_thread_blocked, id=12796, stack(0x0000003a62b00000,0x0000003a62c00000)]
  0x0000020dd7c99620 JavaThread "jar transforms" [_thread_blocked, id=12848, stack(0x0000003a62c00000,0x0000003a62d00000)]

Other Threads:
=>0x0000020dd21f8630 VMThread "VM Thread" [stack: 0x0000003a5fe00000,0x0000003a5ff00000] [id=13544]
  0x0000020db7de49a0 WatcherThread [stack: 0x0000003a60a00000,0x0000003a60b00000] [id=21812]
  0x0000020db7e3fbc0 GCTaskThread "GC Thread#0" [stack: 0x0000003a5f900000,0x0000003a5fa00000] [id=14464]
  0x0000020dd7417c50 GCTaskThread "GC Thread#1" [stack: 0x0000003a60c00000,0x0000003a60d00000] [id=18700]
  0x0000020dd282c3b0 GCTaskThread "GC Thread#2" [stack: 0x0000003a60d00000,0x0000003a60e00000] [id=14136]
  0x0000020dd2c4b660 GCTaskThread "GC Thread#3" [stack: 0x0000003a60e00000,0x0000003a60f00000] [id=2184]
  0x0000020dd742ced0 GCTaskThread "GC Thread#4" [stack: 0x0000003a60f00000,0x0000003a61000000] [id=23028]
  0x0000020dd8252050 GCTaskThread "GC Thread#5" [stack: 0x0000003a61900000,0x0000003a61a00000] [id=8892]
  0x0000020dd852bdb0 GCTaskThread "GC Thread#6" [stack: 0x0000003a61a00000,0x0000003a61b00000] [id=21576]
  0x0000020dd7740c70 GCTaskThread "GC Thread#7" [stack: 0x0000003a61b00000,0x0000003a61c00000] [id=18952]
  0x0000020dd864f450 GCTaskThread "GC Thread#8" [stack: 0x0000003a61c00000,0x0000003a61d00000] [id=8344]
  0x0000020dd7de6fa0 GCTaskThread "GC Thread#9" [stack: 0x0000003a61d00000,0x0000003a61e00000] [id=22160]
  0x0000020db5ccdfe0 ConcurrentGCThread "G1 Main Marker" [stack: 0x0000003a5fa00000,0x0000003a5fb00000] [id=19348]
  0x0000020db5ccea00 ConcurrentGCThread "G1 Conc#0" [stack: 0x0000003a5fb00000,0x0000003a5fc00000] [id=11592]
  0x0000020dd86d5720 ConcurrentGCThread "G1 Conc#1" [stack: 0x0000003a61e00000,0x0000003a61f00000] [id=3140]
  0x0000020dd86d4c20 ConcurrentGCThread "G1 Conc#2" [stack: 0x0000003a61f00000,0x0000003a62000000] [id=21920]
  0x0000020dd1be5cd0 ConcurrentGCThread "G1 Refine#0" [stack: 0x0000003a5fc00000,0x0000003a5fd00000] [id=3508]
  0x0000020dd1be6610 ConcurrentGCThread "G1 Service" [stack: 0x0000003a5fd00000,0x0000003a5fe00000] [id=19048]

Threads with active compile tasks:
C2 CompilerThread0     8665 3511   !   4       java.net.URLClassLoader$1::run (81 bytes)
C2 CompilerThread1     8665 3508   !   4       java.net.URLClassLoader::findClass (47 bytes)
C2 CompilerThread2     8665 3604       4       java.net.URLClassLoader$1::run (5 bytes)

VM state: at safepoint (normal execution)

VM Mutex/Monitor currently owned by a thread:  ([mutex/lock_event])
[0x0000020db7ddfc10] Threads_lock - owner thread: 0x0000020dd21f8630
[0x0000020db7ddf5e0] Heap_lock - owner thread: 0x0000020dd864e4d0

Heap address: 0x0000000080000000, size: 2048 MB, Compressed Oops mode: 32-bit

CDS archive(s) not mapped
Compressed class space mapped at: 0x0000000100000000-0x0000000140000000, reserved size: 1073741824
Narrow klass base: 0x0000000000000000, Narrow klass shift: 3, Narrow klass range: 0x140000000

GC Precious Log:
 CPUs: 12 total, 12 available
 Memory: 5989M
 Large Page Support: Disabled
 NUMA Support: Disabled
 Compressed Oops: Enabled (32-bit)
 Heap Region Size: 1M
 Heap Min Capacity: 8M
 Heap Initial Capacity: 94M
 Heap Max Capacity: 2G
 Pre-touch: Disabled
 Parallel Workers: 10
 Concurrent Workers: 3
 Concurrent Refinement Workers: 10
 Periodic GC: Disabled

Heap:
 garbage-first heap   total 68608K, used 30978K [0x0000000080000000, 0x0000000100000000)
  region size 1024K, 3 young (3072K), 3 survivors (3072K)
 Metaspace       used 42758K, committed 43136K, reserved 1114112K
  class space    used 5725K, committed 5888K, reserved 1048576K

Heap Regions: E=young(eden), S=young(survivor), O=old, HS=humongous(starts), HC=humongous(continues), CS=collection set, F=free, OA=open archive, CA=closed archive, TAMS=top-at-mark-start (previous, next)
|   0|0x0000000080000000, 0x0000000080100000, 0x0000000080100000|100%|HS|  |TAMS 0x0000000080100000, 0x0000000080000000| Complete 
|   1|0x0000000080100000, 0x0000000080200000, 0x0000000080200000|100%|HC|  |TAMS 0x0000000080200000, 0x0000000080100000| Complete 
|   2|0x0000000080200000, 0x0000000080300000, 0x0000000080300000|100%|HC|  |TAMS 0x0000000080300000, 0x0000000080200000| Complete 
|   3|0x0000000080300000, 0x0000000080400000, 0x0000000080400000|100%|HC|  |TAMS 0x0000000080400000, 0x0000000080300000| Complete 
|   4|0x0000000080400000, 0x0000000080500000, 0x0000000080500000|100%| O|  |TAMS 0x0000000080500000, 0x0000000080400000| Untracked 
|   5|0x0000000080500000, 0x0000000080600000, 0x0000000080600000|100%| O|  |TAMS 0x0000000080600000, 0x0000000080500000| Untracked 
|   6|0x0000000080600000, 0x0000000080700000, 0x0000000080700000|100%| O|  |TAMS 0x0000000080700000, 0x0000000080600000| Untracked 
|   7|0x0000000080700000, 0x0000000080800000, 0x0000000080800000|100%| O|  |TAMS 0x0000000080800000, 0x0000000080700000| Untracked 
|   8|0x0000000080800000, 0x0000000080900000, 0x0000000080900000|100%| O|  |TAMS 0x0000000080900000, 0x0000000080800000| Untracked 
|   9|0x0000000080900000, 0x0000000080a00000, 0x0000000080a00000|100%| O|  |TAMS 0x0000000080a00000, 0x0000000080900000| Untracked 
|  10|0x0000000080a00000, 0x0000000080b00000, 0x0000000080b00000|100%| O|  |TAMS 0x0000000080b00000, 0x0000000080a00000| Untracked 
|  11|0x0000000080b00000, 0x0000000080c00000, 0x0000000080c00000|100%| O|  |TAMS 0x0000000080c00000, 0x0000000080b00000| Untracked 
|  12|0x0000000080c00000, 0x0000000080cce000, 0x0000000080d00000| 80%| O|  |TAMS 0x0000000080cce000, 0x0000000080c00000| Untracked 
|  13|0x0000000080d00000, 0x0000000080e00000, 0x0000000080e00000|100%| O|  |TAMS 0x0000000080e00000, 0x0000000080d00000| Untracked 
|  14|0x0000000080e00000, 0x0000000080f00000, 0x0000000080f00000|100%| O|  |TAMS 0x0000000080f00000, 0x0000000080e00000| Untracked 
|  15|0x0000000080f00000, 0x0000000081000000, 0x0000000081000000|100%| O|  |TAMS 0x0000000081000000, 0x0000000080f00000| Untracked 
|  16|0x0000000081000000, 0x0000000081100000, 0x0000000081100000|100%| O|  |TAMS 0x0000000081100000, 0x0000000081000000| Untracked 
|  17|0x0000000081100000, 0x0000000081200000, 0x0000000081200000|100%| O|  |TAMS 0x0000000081200000, 0x0000000081100000| Untracked 
|  18|0x0000000081200000, 0x0000000081300000, 0x0000000081300000|100%| O|  |TAMS 0x0000000081300000, 0x0000000081200000| Untracked 
|  19|0x0000000081300000, 0x0000000081400000, 0x0000000081400000|100%| O|  |TAMS 0x0000000081400000, 0x0000000081300000| Untracked 
|  20|0x0000000081400000, 0x0000000081500000, 0x0000000081500000|100%| O|  |TAMS 0x00000000814aec00, 0x0000000081400000| Untracked 
|  21|0x0000000081500000, 0x0000000081600000, 0x0000000081600000|100%| O|  |TAMS 0x0000000081500000, 0x0000000081500000| Untracked 
|  22|0x0000000081600000, 0x0000000081700000, 0x0000000081700000|100%| O|  |TAMS 0x0000000081600000, 0x0000000081600000| Untracked 
|  23|0x0000000081700000, 0x0000000081800000, 0x0000000081800000|100%| O|  |TAMS 0x0000000081700000, 0x0000000081700000| Untracked 
|  24|0x0000000081800000, 0x0000000081900000, 0x0000000081900000|100%| O|  |TAMS 0x0000000081800000, 0x0000000081800000| Untracked 
|  25|0x0000000081900000, 0x0000000081a00000, 0x0000000081a00000|100%| O|  |TAMS 0x0000000081900000, 0x0000000081900000| Untracked 
|  26|0x0000000081a00000, 0x0000000081b00000, 0x0000000081b00000|100%| O|  |TAMS 0x0000000081a00000, 0x0000000081a00000| Untracked 
|  27|0x0000000081b00000, 0x0000000081ba0400, 0x0000000081c00000| 62%| O|  |TAMS 0x0000000081b00000, 0x0000000081b00000| Untracked 
|  28|0x0000000081c00000, 0x0000000081c00000, 0x0000000081d00000|  0%| F|  |TAMS 0x0000000081c00000, 0x0000000081c00000| Untracked 
|  29|0x0000000081d00000, 0x0000000081d00000, 0x0000000081e00000|  0%| F|  |TAMS 0x0000000081d00000, 0x0000000081d00000| Untracked 
|  30|0x0000000081e00000, 0x0000000081e00000, 0x0000000081f00000|  0%| F|  |TAMS 0x0000000081e00000, 0x0000000081e00000| Untracked 
|  31|0x0000000081f00000, 0x0000000081f00000, 0x0000000082000000|  0%| F|  |TAMS 0x0000000081f00000, 0x0000000081f00000| Untracked 
|  32|0x0000000082000000, 0x0000000082000000, 0x0000000082100000|  0%| F|  |TAMS 0x0000000082000000, 0x0000000082000000| Untracked 
|  33|0x0000000082100000, 0x0000000082100000, 0x0000000082200000|  0%| F|  |TAMS 0x0000000082100000, 0x0000000082100000| Untracked 
|  34|0x0000000082200000, 0x0000000082200000, 0x0000000082300000|  0%| F|  |TAMS 0x0000000082200000, 0x0000000082200000| Untracked 
|  35|0x0000000082300000, 0x0000000082300000, 0x0000000082400000|  0%| F|  |TAMS 0x0000000082300000, 0x0000000082300000| Untracked 
|  36|0x0000000082400000, 0x0000000082400000, 0x0000000082500000|  0%| F|  |TAMS 0x0000000082400000, 0x0000000082400000| Untracked 
|  37|0x0000000082500000, 0x0000000082500000, 0x0000000082600000|  0%| F|  |TAMS 0x0000000082500000, 0x0000000082500000| Untracked 
|  38|0x0000000082600000, 0x0000000082600000, 0x0000000082700000|  0%| F|  |TAMS 0x0000000082600000, 0x0000000082600000| Untracked 
|  39|0x0000000082700000, 0x0000000082700000, 0x0000000082800000|  0%| F|  |TAMS 0x0000000082700000, 0x0000000082700000| Untracked 
|  40|0x0000000082800000, 0x00000000828d26c0, 0x0000000082900000| 82%| S|CS|TAMS 0x0000000082800000, 0x0000000082800000| Complete 
|  41|0x0000000082900000, 0x0000000082a00000, 0x0000000082a00000|100%| S|CS|TAMS 0x0000000082900000, 0x0000000082900000| Complete 
|  42|0x0000000082a00000, 0x0000000082b00000, 0x0000000082b00000|100%| S|CS|TAMS 0x0000000082a00000, 0x0000000082a00000| Complete 
|  43|0x0000000082b00000, 0x0000000082b00000, 0x0000000082c00000|  0%| F|  |TAMS 0x0000000082b00000, 0x0000000082b00000| Untracked 
|  44|0x0000000082c00000, 0x0000000082c00000, 0x0000000082d00000|  0%| F|  |TAMS 0x0000000082c00000, 0x0000000082c00000| Untracked 
|  45|0x0000000082d00000, 0x0000000082d00000, 0x0000000082e00000|  0%| F|  |TAMS 0x0000000082d00000, 0x0000000082d00000| Untracked 
|  46|0x0000000082e00000, 0x0000000082e00000, 0x0000000082f00000|  0%| F|  |TAMS 0x0000000082e00000, 0x0000000082e00000| Untracked 
|  47|0x0000000082f00000, 0x0000000082f00000, 0x0000000083000000|  0%| F|  |TAMS 0x0000000082f00000, 0x0000000082f00000| Untracked 
|  48|0x0000000083000000, 0x0000000083000000, 0x0000000083100000|  0%| F|  |TAMS 0x0000000083000000, 0x0000000083000000| Untracked 
|  49|0x0000000083100000, 0x0000000083100000, 0x0000000083200000|  0%| F|  |TAMS 0x0000000083100000, 0x0000000083100000| Untracked 
|  50|0x0000000083200000, 0x0000000083200000, 0x0000000083300000|  0%| F|  |TAMS 0x0000000083200000, 0x0000000083200000| Untracked 
|  51|0x0000000083300000, 0x0000000083300000, 0x0000000083400000|  0%| F|  |TAMS 0x0000000083300000, 0x0000000083300000| Untracked 
|  52|0x0000000083400000, 0x0000000083400000, 0x0000000083500000|  0%| F|  |TAMS 0x0000000083400000, 0x0000000083400000| Untracked 
|  53|0x0000000083500000, 0x0000000083500000, 0x0000000083600000|  0%| F|  |TAMS 0x0000000083500000, 0x0000000083500000| Untracked 
|  54|0x0000000083600000, 0x0000000083600000, 0x0000000083700000|  0%| F|  |TAMS 0x0000000083600000, 0x0000000083600000| Untracked 
|  55|0x0000000083700000, 0x0000000083700000, 0x0000000083800000|  0%| F|  |TAMS 0x0000000083700000, 0x0000000083700000| Untracked 
|  56|0x0000000083800000, 0x0000000083800000, 0x0000000083900000|  0%| F|  |TAMS 0x0000000083800000, 0x0000000083800000| Untracked 
|  57|0x0000000083900000, 0x0000000083900000, 0x0000000083a00000|  0%| F|  |TAMS 0x0000000083900000, 0x0000000083900000| Untracked 
|  58|0x0000000083a00000, 0x0000000083a00000, 0x0000000083b00000|  0%| F|  |TAMS 0x0000000083a00000, 0x0000000083a00000| Untracked 
|  59|0x0000000083b00000, 0x0000000083b00000, 0x0000000083c00000|  0%| F|  |TAMS 0x0000000083b00000, 0x0000000083b00000| Untracked 
|  60|0x0000000083c00000, 0x0000000083c00000, 0x0000000083d00000|  0%| F|  |TAMS 0x0000000083c00000, 0x0000000083c00000| Untracked 
|  61|0x0000000083d00000, 0x0000000083d00000, 0x0000000083e00000|  0%| F|  |TAMS 0x0000000083d00000, 0x0000000083d00000| Untracked 
|  62|0x0000000083e00000, 0x0000000083e00000, 0x0000000083f00000|  0%| F|  |TAMS 0x0000000083e00000, 0x0000000083e00000| Untracked 
|  63|0x0000000083f00000, 0x0000000083f00000, 0x0000000084000000|  0%| F|  |TAMS 0x0000000083f00000, 0x0000000083f00000| Untracked 
|  64|0x0000000084000000, 0x0000000084000000, 0x0000000084100000|  0%| F|  |TAMS 0x0000000084000000, 0x0000000084000000| Untracked 
|  65|0x0000000084100000, 0x0000000084100000, 0x0000000084200000|  0%| F|  |TAMS 0x0000000084100000, 0x0000000084100000| Untracked 
|  93|0x0000000085d00000, 0x0000000085d00000, 0x0000000085e00000|  0%| F|  |TAMS 0x0000000085d00000, 0x0000000085d00000| Untracked 

Card table byte_map: [0x0000020dcac00000,0x0000020dcb000000] _byte_map_base: 0x0000020dca800000

Marking Bits (Prev, Next): (CMBitMap*) 0x0000020db7e401e0, (CMBitMap*) 0x0000020db7e40220
 Prev Bits: [0x0000020dcb400000, 0x0000020dcd400000)
 Next Bits: [0x0000020dcd400000, 0x0000020dcf400000)

Polling page: 0x0000020db5d40000

Metaspace:

Usage:
  Non-class:     36.16 MB used.
      Class:      5.59 MB used.
       Both:     41.76 MB used.

Virtual space:
  Non-class space:       64.00 MB reserved,      36.38 MB ( 57%) committed,  1 nodes.
      Class space:        1.00 GB reserved,       5.75 MB ( <1%) committed,  1 nodes.
             Both:        1.06 GB reserved,      42.12 MB (  4%) committed. 

Chunk freelists:
   Non-Class:  11.30 MB
       Class:  10.21 MB
        Both:  21.51 MB

MaxMetaspaceSize: unlimited
CompressedClassSpaceSize: 1.00 GB
Initial GC threshold: 21.00 MB
Current GC threshold: 58.88 MB
CDS: off
MetaspaceReclaimPolicy: balanced
 - commit_granule_bytes: 65536.
 - commit_granule_words: 8192.
 - virtual_space_node_default_size: 8388608.
 - enlarge_chunks_in_place: 1.
 - new_chunks_are_fully_committed: 0.
 - uncommit_free_chunks: 1.
 - use_allocation_guard: 0.
 - handle_deallocations: 1.


Internal statistics:

num_allocs_failed_limit: 6.
num_arena_births: 334.
num_arena_deaths: 0.
num_vsnodes_births: 2.
num_vsnodes_deaths: 0.
num_space_committed: 674.
num_space_uncommitted: 0.
num_chunks_returned_to_freelist: 6.
num_chunks_taken_from_freelist: 1555.
num_chunk_merges: 3.
num_chunk_splits: 1025.
num_chunks_enlarged: 732.
num_inconsistent_stats: 0.

CodeHeap 'non-profiled nmethods': size=120000Kb used=1855Kb max_used=1855Kb free=118144Kb
 bounds [0x0000020dc2d80000, 0x0000020dc2ff0000, 0x0000020dca2b0000]
CodeHeap 'profiled nmethods': size=120000Kb used=7632Kb max_used=7632Kb free=112367Kb
 bounds [0x0000020dbb2b0000, 0x0000020dbba30000, 0x0000020dc27e0000]
CodeHeap 'non-nmethods': size=5760Kb used=1591Kb max_used=1642Kb free=4168Kb
 bounds [0x0000020dc27e0000, 0x0000020dc2a50000, 0x0000020dc2d80000]
 total_blobs=4322 nmethods=3666 adapters=568
 compilation: enabled
              stopped_count=0, restarted_count=0
 full_count=0

Compilation events (20 events):
Event: 8.605 Thread 0x0000020dd2250dd0 3682       3       org.codehaus.groovy.util.ComplexKeyHashMap$1::hasNext (13 bytes)
Event: 8.605 Thread 0x0000020dd2250dd0 nmethod 3682 0x0000020dbba1d110 code [0x0000020dbba1d2a0, 0x0000020dbba1d418]
Event: 8.606 Thread 0x0000020dd2250dd0 3683       3       groovy.lang.MetaBeanProperty::<init> (18 bytes)
Event: 8.606 Thread 0x0000020dd2250dd0 nmethod 3683 0x0000020dbba1d490 code [0x0000020dbba1d640, 0x0000020dbba1d978]
Event: 8.606 Thread 0x0000020dd2250dd0 3684       3       groovy.lang.MetaClassImpl::createMetaBeanProperty (35 bytes)
Event: 8.607 Thread 0x0000020dd2250dd0 nmethod 3684 0x0000020dbba1da90 code [0x0000020dbba1dc60, 0x0000020dbba1e108]
Event: 8.607 Thread 0x0000020dd2250dd0 3685       3       groovy.lang.MetaClassImpl::makeReplacementMetaProperty (241 bytes)
Event: 8.610 Thread 0x0000020dd2250dd0 nmethod 3685 0x0000020dbba1e310 code [0x0000020dbba1e720, 0x0000020dbba20d08]
Event: 8.610 Thread 0x0000020dd2250dd0 3686       1       groovy.lang.MetaProperty::getType (5 bytes)
Event: 8.611 Thread 0x0000020dd2250dd0 nmethod 3686 0x0000020dc2f4f490 code [0x0000020dc2f4f620, 0x0000020dc2f4f6f8]
Event: 8.613 Thread 0x0000020dd2250dd0 3688       3       org.codehaus.groovy.reflection.CachedMethod::compareToMethod (125 bytes)
Event: 8.615 Thread 0x0000020dd2250dd0 nmethod 3688 0x0000020dbba21610 code [0x0000020dbba218e0, 0x0000020dbba22768]
Event: 8.615 Thread 0x0000020dd2250dd0 3687       3       org.codehaus.groovy.reflection.CachedMethod$MyComparator::compare (43 bytes)
Event: 8.616 Thread 0x0000020dd2250dd0 nmethod 3687 0x0000020dbba22d90 code [0x0000020dbba23000, 0x0000020dbba23de8]
Event: 8.616 Thread 0x0000020dd2250dd0 3689       3       org.codehaus.groovy.util.ComplexKeyHashMap$1::next (5 bytes)
Event: 8.616 Thread 0x0000020dd2250dd0 nmethod 3689 0x0000020dbba24010 code [0x0000020dbba241c0, 0x0000020dbba24308]
Event: 8.616 Thread 0x0000020dd2250dd0 3690       1       groovy.lang.MetaBeanProperty::getGetter (5 bytes)
Event: 8.616 Thread 0x0000020dd2250dd0 nmethod 3690 0x0000020dc2f4f790 code [0x0000020dc2f4f920, 0x0000020dc2f4f9f8]
Event: 8.616 Thread 0x0000020dd2250dd0 3691       1       groovy.lang.MetaBeanProperty::getField (5 bytes)
Event: 8.616 Thread 0x0000020dd2250dd0 nmethod 3691 0x0000020dc2f4fa90 code [0x0000020dc2f4fc20, 0x0000020dc2f4fcf8]

GC Heap History (17 events):
Event: 1.356 GC heap before
{Heap before GC invocations=0 (full 0):
 garbage-first heap   total 96256K, used 26624K [0x0000000080000000, 0x0000000100000000)
  region size 1024K, 23 young (23552K), 0 survivors (0K)
 Metaspace       used 10468K, committed 10624K, reserved 1114112K
  class space    used 1088K, committed 1152K, reserved 1048576K
}
Event: 1.365 GC heap after
{Heap after GC invocations=1 (full 0):
 garbage-first heap   total 96256K, used 10680K [0x0000000080000000, 0x0000000100000000)
  region size 1024K, 3 young (3072K), 3 survivors (3072K)
 Metaspace       used 10468K, committed 10624K, reserved 1114112K
  class space    used 1088K, committed 1152K, reserved 1048576K
}
Event: 2.354 GC heap before
{Heap before GC invocations=1 (full 0):
 garbage-first heap   total 96256K, used 38328K [0x0000000080000000, 0x0000000100000000)
  region size 1024K, 30 young (30720K), 3 survivors (3072K)
 Metaspace       used 11432K, committed 11584K, reserved 1114112K
  class space    used 1195K, committed 1280K, reserved 1048576K
}
Event: 2.360 GC heap after
{Heap after GC invocations=2 (full 0):
 garbage-first heap   total 96256K, used 11720K [0x0000000080000000, 0x0000000100000000)
  region size 1024K, 1 young (1024K), 1 survivors (1024K)
 Metaspace       used 11432K, committed 11584K, reserved 1114112K
  class space    used 1195K, committed 1280K, reserved 1048576K
}
Event: 4.306 GC heap before
{Heap before GC invocations=2 (full 0):
 garbage-first heap   total 96256K, used 61896K [0x0000000080000000, 0x0000000100000000)
  region size 1024K, 51 young (52224K), 1 survivors (1024K)
 Metaspace       used 21322K, committed 21504K, reserved 1114112K
  class space    used 2505K, committed 2624K, reserved 1048576K
}
Event: 4.318 GC heap after
{Heap after GC invocations=3 (full 0):
 garbage-first heap   total 96256K, used 19256K [0x0000000080000000, 0x0000000100000000)
  region size 1024K, 7 young (7168K), 7 survivors (7168K)
 Metaspace       used 21322K, committed 21504K, reserved 1114112K
  class space    used 2505K, committed 2624K, reserved 1048576K
}
Event: 5.325 GC heap before
{Heap before GC invocations=4 (full 0):
 garbage-first heap   total 68608K, used 53048K [0x0000000080000000, 0x0000000100000000)
  region size 1024K, 40 young (40960K), 7 survivors (7168K)
 Metaspace       used 26544K, committed 26816K, reserved 1114112K
  class space    used 3417K, committed 3520K, reserved 1048576K
}
Event: 5.334 GC heap after
{Heap after GC invocations=5 (full 0):
 garbage-first heap   total 68608K, used 21280K [0x0000000080000000, 0x0000000100000000)
  region size 1024K, 3 young (3072K), 3 survivors (3072K)
 Metaspace       used 26544K, committed 26816K, reserved 1114112K
  class space    used 3417K, committed 3520K, reserved 1048576K
}
Event: 6.069 GC heap before
{Heap before GC invocations=5 (full 0):
 garbage-first heap   total 68608K, used 46880K [0x0000000080000000, 0x0000000100000000)
  region size 1024K, 29 young (29696K), 3 survivors (3072K)
 Metaspace       used 30084K, committed 30400K, reserved 1114112K
  class space    used 4025K, committed 4160K, reserved 1048576K
}
Event: 6.075 GC heap after
{Heap after GC invocations=6 (full 0):
 garbage-first heap   total 68608K, used 22621K [0x0000000080000000, 0x0000000100000000)
  region size 1024K, 4 young (4096K), 4 survivors (4096K)
 Metaspace       used 30084K, committed 30400K, reserved 1114112K
  class space    used 4025K, committed 4160K, reserved 1048576K
}
Event: 6.859 GC heap before
{Heap before GC invocations=6 (full 0):
 garbage-first heap   total 68608K, used 50269K [0x0000000080000000, 0x0000000100000000)
  region size 1024K, 31 young (31744K), 4 survivors (4096K)
 Metaspace       used 33453K, committed 33792K, reserved 1114112K
  class space    used 4567K, committed 4736K, reserved 1048576K
}
Event: 6.868 GC heap after
{Heap after GC invocations=7 (full 0):
 garbage-first heap   total 68608K, used 23950K [0x0000000080000000, 0x0000000100000000)
  region size 1024K, 3 young (3072K), 3 survivors (3072K)
 Metaspace       used 33453K, committed 33792K, reserved 1114112K
  class space    used 4567K, committed 4736K, reserved 1048576K
}
Event: 7.259 GC heap before
{Heap before GC invocations=7 (full 0):
 garbage-first heap   total 68608K, used 37262K [0x0000000080000000, 0x0000000100000000)
  region size 1024K, 17 young (17408K), 3 survivors (3072K)
 Metaspace       used 35783K, committed 36096K, reserved 1114112K
  class space    used 4913K, committed 5056K, reserved 1048576K
}
Event: 7.265 GC heap after
{Heap after GC invocations=8 (full 0):
 garbage-first heap   total 68608K, used 24786K [0x0000000080000000, 0x0000000100000000)
  region size 1024K, 3 young (3072K), 3 survivors (3072K)
 Metaspace       used 35783K, committed 36096K, reserved 1114112K
  class space    used 4913K, committed 5056K, reserved 1048576K
}
Event: 8.000 GC heap before
{Heap before GC invocations=9 (full 0):
 garbage-first heap   total 68608K, used 50386K [0x0000000080000000, 0x0000000100000000)
  region size 1024K, 29 young (29696K), 3 survivors (3072K)
 Metaspace       used 40768K, committed 41152K, reserved 1114112K
  class space    used 5413K, committed 5568K, reserved 1048576K
}
Event: 8.009 GC heap after
{Heap after GC invocations=10 (full 0):
 garbage-first heap   total 68608K, used 28041K [0x0000000080000000, 0x0000000100000000)
  region size 1024K, 4 young (4096K), 4 survivors (4096K)
 Metaspace       used 40768K, committed 41152K, reserved 1114112K
  class space    used 5413K, committed 5568K, reserved 1048576K
}
Event: 8.616 GC heap before
{Heap before GC invocations=10 (full 0):
 garbage-first heap   total 68608K, used 51593K [0x0000000080000000, 0x0000000100000000)
  region size 1024K, 28 young (28672K), 4 survivors (4096K)
 Metaspace       used 42758K, committed 43136K, reserved 1114112K
  class space    used 5725K, committed 5888K, reserved 1048576K
}

Dll operation events (3 events):
Event: 0.014 Loaded shared library C:\Program Files\Android\Android Studio1\jbr\bin\java.dll
Event: 0.286 Loaded shared library C:\Program Files\Android\Android Studio1\jbr\bin\zip.dll
Event: 0.896 Loaded shared library C:\Program Files\Android\Android Studio1\jbr\bin\verify.dll

Deoptimization events (20 events):
Event: 8.564 Thread 0x0000020dd864e4d0 Uncommon trap: trap_request=0xffffffde fr.pc=0x0000020dc2f36b80 relative=0x0000000000000420
Event: 8.564 Thread 0x0000020dd864e4d0 Uncommon trap: reason=class_check action=maybe_recompile pc=0x0000020dc2f36b80 method=java.util.regex.Pattern$Start.match(Ljava/util/regex/Matcher;ILjava/lang/CharSequence;)Z @ 44 c2
Event: 8.564 Thread 0x0000020dd864e4d0 DEOPT PACKING pc=0x0000020dc2f36b80 sp=0x0000003a615f85d0
Event: 8.564 Thread 0x0000020dd864e4d0 DEOPT UNPACKING pc=0x0000020dc28369a3 sp=0x0000003a615f8498 mode 2
Event: 8.594 Thread 0x0000020dd864e4d0 Uncommon trap: trap_request=0xffffffde fr.pc=0x0000020dc2f36b80 relative=0x0000000000000420
Event: 8.594 Thread 0x0000020dd864e4d0 Uncommon trap: reason=class_check action=maybe_recompile pc=0x0000020dc2f36b80 method=java.util.regex.Pattern$Start.match(Ljava/util/regex/Matcher;ILjava/lang/CharSequence;)Z @ 44 c2
Event: 8.594 Thread 0x0000020dd864e4d0 DEOPT PACKING pc=0x0000020dc2f36b80 sp=0x0000003a615f8cf0
Event: 8.594 Thread 0x0000020dd864e4d0 DEOPT UNPACKING pc=0x0000020dc28369a3 sp=0x0000003a615f8bb8 mode 2
Event: 8.595 Thread 0x0000020dd864e4d0 Uncommon trap: trap_request=0xffffffde fr.pc=0x0000020dc2f36b80 relative=0x0000000000000420
Event: 8.595 Thread 0x0000020dd864e4d0 Uncommon trap: reason=class_check action=maybe_recompile pc=0x0000020dc2f36b80 method=java.util.regex.Pattern$Start.match(Ljava/util/regex/Matcher;ILjava/lang/CharSequence;)Z @ 44 c2
Event: 8.595 Thread 0x0000020dd864e4d0 DEOPT PACKING pc=0x0000020dc2f36b80 sp=0x0000003a615f8cf0
Event: 8.595 Thread 0x0000020dd864e4d0 DEOPT UNPACKING pc=0x0000020dc28369a3 sp=0x0000003a615f8bb8 mode 2
Event: 8.595 Thread 0x0000020dd864e4d0 Uncommon trap: trap_request=0xffffffde fr.pc=0x0000020dc2f2b5e0 relative=0x0000000000000400
Event: 8.595 Thread 0x0000020dd864e4d0 Uncommon trap: reason=class_check action=maybe_recompile pc=0x0000020dc2f2b5e0 method=java.util.regex.Pattern$Start.match(Ljava/util/regex/Matcher;ILjava/lang/CharSequence;)Z @ 44 c2
Event: 8.595 Thread 0x0000020dd864e4d0 DEOPT PACKING pc=0x0000020dc2f2b5e0 sp=0x0000003a615f8c70
Event: 8.595 Thread 0x0000020dd864e4d0 DEOPT UNPACKING pc=0x0000020dc28369a3 sp=0x0000003a615f8bb0 mode 2
Event: 8.596 Thread 0x0000020dd864e4d0 Uncommon trap: trap_request=0xffffffde fr.pc=0x0000020dc2f31788 relative=0x00000000000002c8
Event: 8.596 Thread 0x0000020dd864e4d0 Uncommon trap: reason=class_check action=maybe_recompile pc=0x0000020dc2f31788 method=java.util.regex.Pattern$Start.match(Ljava/util/regex/Matcher;ILjava/lang/CharSequence;)Z @ 44 c2
Event: 8.596 Thread 0x0000020dd864e4d0 DEOPT PACKING pc=0x0000020dc2f31788 sp=0x0000003a615f8bf0
Event: 8.596 Thread 0x0000020dd864e4d0 DEOPT UNPACKING pc=0x0000020dc28369a3 sp=0x0000003a615f8bb0 mode 2

Classes unloaded (0 events):
No events

Classes redefined (0 events):
No events

Internal exceptions (20 events):
Event: 8.533 Thread 0x0000020dd864e4d0 Exception <a 'java/lang/ClassNotFoundException'{0x0000000082f914d8}: groovy/lang/BindingBeanInfo> (0x0000000082f914d8) 
thrown [s\src\hotspot\share\classfile\systemDictionary.cpp, line 256]
Event: 8.533 Thread 0x0000020dd864e4d0 Exception <a 'java/lang/ClassNotFoundException'{0x0000000082fa90e0}: groovy/lang/BindingCustomizer> (0x0000000082fa90e0) 
thrown [s\src\hotspot\share\classfile\systemDictionary.cpp, line 256]
Event: 8.553 Thread 0x0000020dd864e4d0 Exception <a 'java/lang/ClassNotFoundException'{0x0000000082d00968}: settings_6os02szjzom308lbtvbjoqh80BeanInfo> (0x0000000082d00968) 
thrown [s\src\hotspot\share\classfile\systemDictionary.cpp, line 256]
Event: 8.553 Thread 0x0000020dd864e4d0 Exception <a 'java/lang/ClassNotFoundException'{0x0000000082d0b0b8}: org/gradle/initialization/SettingsScriptBeanInfo> (0x0000000082d0b0b8) 
thrown [s\src\hotspot\share\classfile\systemDictionary.cpp, line 256]
Event: 8.554 Thread 0x0000020dd864e4d0 Exception <a 'java/lang/ClassNotFoundException'{0x0000000082d15968}: org/gradle/plugin/use/internal/PluginsAwareScriptBeanInfo> (0x0000000082d15968) 
thrown [s\src\hotspot\share\classfile\systemDictionary.cpp, line 256]
Event: 8.555 Thread 0x0000020dd864e4d0 Exception <a 'java/lang/ClassNotFoundException'{0x0000000082d20100}: org/gradle/groovy/scripts/DefaultScriptBeanInfo> (0x0000000082d20100) 
thrown [s\src\hotspot\share\classfile\systemDictionary.cpp, line 256]
Event: 8.555 Thread 0x0000020dd864e4d0 Exception <a 'java/lang/ClassNotFoundException'{0x0000000082d2a830}: org/gradle/groovy/scripts/BasicScriptBeanInfo> (0x0000000082d2a830) 
thrown [s\src\hotspot\share\classfile\systemDictionary.cpp, line 256]
Event: 8.556 Thread 0x0000020dd864e4d0 Exception <a 'java/lang/ClassNotFoundException'{0x0000000082d34ef0}: org/gradle/groovy/scripts/ScriptBeanInfo> (0x0000000082d34ef0) 
thrown [s\src\hotspot\share\classfile\systemDictionary.cpp, line 256]
Event: 8.557 Thread 0x0000020dd864e4d0 Exception <a 'java/lang/ClassNotFoundException'{0x0000000082d4cb08}: groovy/lang/ScriptBeanInfo> (0x0000000082d4cb08) 
thrown [s\src\hotspot\share\classfile\systemDictionary.cpp, line 256]
Event: 8.558 Thread 0x0000020dd864e4d0 Exception <a 'java/lang/ClassNotFoundException'{0x0000000082d64710}: groovy/lang/ScriptCustomizer> (0x0000000082d64710) 
thrown [s\src\hotspot\share\classfile\systemDictionary.cpp, line 256]
Event: 8.560 Thread 0x0000020dd864e4d0 Exception <a 'java/lang/ClassNotFoundException'{0x0000000082d76d38}: org/gradle/groovy/scripts/ScriptCustomizer> (0x0000000082d76d38) 
thrown [s\src\hotspot\share\classfile\systemDictionary.cpp, line 256]
Event: 8.561 Thread 0x0000020dd864e4d0 Exception <a 'java/lang/ClassNotFoundException'{0x0000000082d88158}: org/gradle/groovy/scripts/BasicScriptCustomizer> (0x0000000082d88158) 
thrown [s\src\hotspot\share\classfile\systemDictionary.cpp, line 256]
Event: 8.563 Thread 0x0000020dd864e4d0 Exception <a 'java/lang/ClassNotFoundException'{0x0000000082d9f1b8}: org/gradle/groovy/scripts/DefaultScriptCustomizer> (0x0000000082d9f1b8) 
thrown [s\src\hotspot\share\classfile\systemDictionary.cpp, line 256]
Event: 8.567 Thread 0x0000020dd864e4d0 Exception <a 'java/lang/ClassNotFoundException'{0x0000000082dc7678}: org/gradle/plugin/use/internal/PluginsAwareScriptCustomizer> (0x0000000082dc7678) 
thrown [s\src\hotspot\share\classfile\systemDictionary.cpp, line 256]
Event: 8.568 Thread 0x0000020dd864e4d0 Exception <a 'java/lang/ClassNotFoundException'{0x0000000082dd9ee8}: org/gradle/initialization/SettingsScriptCustomizer> (0x0000000082dd9ee8) 
thrown [s\src\hotspot\share\classfile\systemDictionary.cpp, line 256]
Event: 8.570 Thread 0x0000020dd864e4d0 Exception <a 'java/lang/ClassNotFoundException'{0x0000000082de81d8}: settings_6os02szjzom308lbtvbjoqh80Customizer> (0x0000000082de81d8) 
thrown [s\src\hotspot\share\classfile\systemDictionary.cpp, line 256]
Event: 8.591 Thread 0x0000020dd864e4d0 Exception <a 'java/lang/ClassNotFoundException'{0x0000000082c9aeb0}: groovy/lang/Closure$1BeanInfo> (0x0000000082c9aeb0) 
thrown [s\src\hotspot\share\classfile\systemDictionary.cpp, line 256]
Event: 8.592 Thread 0x0000020dd864e4d0 Exception <a 'java/lang/ClassNotFoundException'{0x0000000082cbda30}: groovy/lang/ClosureBeanInfo> (0x0000000082cbda30) 
thrown [s\src\hotspot\share\classfile\systemDictionary.cpp, line 256]
Event: 8.593 Thread 0x0000020dd864e4d0 Exception <a 'java/lang/ClassNotFoundException'{0x0000000082ce0358}: groovy/lang/ClosureCustomizer> (0x0000000082ce0358) 
thrown [s\src\hotspot\share\classfile\systemDictionary.cpp, line 256]
Event: 8.598 Thread 0x0000020dd864e4d0 Exception <a 'java/lang/ClassNotFoundException'{0x0000000082b26cb8}: groovy/lang/Closure$1Customizer> (0x0000000082b26cb8) 
thrown [s\src\hotspot\share\classfile\systemDictionary.cpp, line 256]

VM Operations (20 events):
Event: 7.286 Executing VM operation: G1PauseRemark done
Event: 7.293 Executing VM operation: G1PauseCleanup
Event: 7.293 Executing VM operation: G1PauseCleanup done
Event: 7.505 Executing VM operation: HandshakeAllThreads
Event: 7.505 Executing VM operation: HandshakeAllThreads done
Event: 7.578 Executing VM operation: HandshakeAllThreads
Event: 7.578 Executing VM operation: HandshakeAllThreads done
Event: 7.809 Executing VM operation: HandshakeAllThreads
Event: 7.809 Executing VM operation: HandshakeAllThreads done
Event: 7.810 Executing VM operation: HandshakeAllThreads
Event: 7.810 Executing VM operation: HandshakeAllThreads done
Event: 7.816 Executing VM operation: HandshakeAllThreads
Event: 7.816 Executing VM operation: HandshakeAllThreads done
Event: 7.928 Executing VM operation: HandshakeAllThreads
Event: 7.929 Executing VM operation: HandshakeAllThreads done
Event: 8.000 Executing VM operation: G1CollectForAllocation
Event: 8.009 Executing VM operation: G1CollectForAllocation done
Event: 8.316 Executing VM operation: HandshakeAllThreads
Event: 8.317 Executing VM operation: HandshakeAllThreads done
Event: 8.616 Executing VM operation: G1CollectForAllocation

Events (20 events):
Event: 8.167 loading class java/math/MutableBigInteger done
Event: 8.229 loading class java/lang/ProcessBuilder
Event: 8.230 loading class java/lang/ProcessBuilder done
Event: 8.334 loading class java/nio/charset/CharacterCodingException
Event: 8.334 loading class java/nio/charset/CharacterCodingException done
Event: 8.380 Thread 0x0000020dd7c99620 Thread added: 0x0000020dd7c99620
Event: 8.437 loading class java/util/stream/Streams$RangeIntSpliterator
Event: 8.438 loading class java/util/stream/Streams$RangeIntSpliterator done
Event: 8.441 loading class java/util/stream/Nodes$FixedNodeBuilder
Event: 8.441 loading class java/util/stream/Nodes$ArrayNode
Event: 8.442 loading class java/util/stream/Nodes$ArrayNode done
Event: 8.442 loading class java/util/stream/Nodes$FixedNodeBuilder done
Event: 8.598 loading class com/sun/beans/finder/MethodFinder
Event: 8.598 loading class com/sun/beans/finder/AbstractFinder
Event: 8.599 loading class com/sun/beans/finder/AbstractFinder done
Event: 8.599 loading class com/sun/beans/finder/MethodFinder done
Event: 8.600 loading class com/sun/beans/finder/MethodFinder$1
Event: 8.600 loading class com/sun/beans/finder/MethodFinder$1 done
Event: 8.600 loading class com/sun/beans/finder/FinderUtils
Event: 8.600 loading class com/sun/beans/finder/FinderUtils done


Dynamic libraries:
0x00007ff7dcd80000 - 0x00007ff7dcd8a000 	C:\Program Files\Android\Android Studio1\jbr\bin\java.exe
0x00007ff9e4c90000 - 0x00007ff9e4ea7000 	C:\WINDOWS\SYSTEM32\ntdll.dll
0x00007ff9e2b10000 - 0x00007ff9e2bd4000 	C:\WINDOWS\System32\KERNEL32.DLL
0x00007ff9e2470000 - 0x00007ff9e282a000 	C:\WINDOWS\System32\KERNELBASE.dll
0x00007ff9e2010000 - 0x00007ff9e2121000 	C:\WINDOWS\System32\ucrtbase.dll
0x00007ff9d8dc0000 - 0x00007ff9d8dd7000 	C:\Program Files\Android\Android Studio1\jbr\bin\jli.dll
0x00007ff9e4340000 - 0x00007ff9e44ee000 	C:\WINDOWS\System32\USER32.dll
0x00007ff9e2970000 - 0x00007ff9e2996000 	C:\WINDOWS\System32\win32u.dll
0x00007ff9cb030000 - 0x00007ff9cb2c2000 	C:\WINDOWS\WinSxS\amd64_microsoft.windows.common-controls_6595b64144ccf1df_6.0.22621.4541_none_2710d1c57384c085\COMCTL32.dll
0x00007ff9e4b70000 - 0x00007ff9e4c17000 	C:\WINDOWS\System32\msvcrt.dll
0x00007ff9e41e0000 - 0x00007ff9e4209000 	C:\WINDOWS\System32\GDI32.dll
0x00007ff9c8b80000 - 0x00007ff9c8b9b000 	C:\Program Files\Android\Android Studio1\jbr\bin\VCRUNTIME140.dll
0x00007ff9e2350000 - 0x00007ff9e246b000 	C:\WINDOWS\System32\gdi32full.dll
0x00007ff9e1f70000 - 0x00007ff9e200a000 	C:\WINDOWS\System32\msvcp_win.dll
0x00007ff9e44f0000 - 0x00007ff9e4521000 	C:\WINDOWS\System32\IMM32.DLL
0x00007ff9ca900000 - 0x00007ff9ca90c000 	C:\Program Files\Android\Android Studio1\jbr\bin\vcruntime140_1.dll
0x00007ff9b1a70000 - 0x00007ff9b1afd000 	C:\Program Files\Android\Android Studio1\jbr\bin\msvcp140.dll
0x00007ff9a7b80000 - 0x00007ff9a8803000 	C:\Program Files\Android\Android Studio1\jbr\bin\server\jvm.dll
0x00007ff9e2be0000 - 0x00007ff9e2c92000 	C:\WINDOWS\System32\ADVAPI32.dll
0x00007ff9e4210000 - 0x00007ff9e42b7000 	C:\WINDOWS\System32\sechost.dll
0x00007ff9e2130000 - 0x00007ff9e2158000 	C:\WINDOWS\System32\bcrypt.dll
0x00007ff9e3080000 - 0x00007ff9e3194000 	C:\WINDOWS\System32\RPCRT4.dll
0x00007ff9cde00000 - 0x00007ff9cde09000 	C:\WINDOWS\SYSTEM32\WSOCK32.dll
0x00007ff9e1e40000 - 0x00007ff9e1e8d000 	C:\WINDOWS\SYSTEM32\POWRPROF.dll
0x00007ff9de020000 - 0x00007ff9de054000 	C:\WINDOWS\SYSTEM32\WINMM.dll
0x00007ff9e2fe0000 - 0x00007ff9e3051000 	C:\WINDOWS\System32\WS2_32.dll
0x00007ff9db1e0000 - 0x00007ff9db1ea000 	C:\WINDOWS\SYSTEM32\VERSION.dll
0x00007ff9e1e20000 - 0x00007ff9e1e33000 	C:\WINDOWS\SYSTEM32\UMPDC.dll
0x00007ff9e0fb0000 - 0x00007ff9e0fc8000 	C:\WINDOWS\SYSTEM32\kernel.appcore.dll
0x00007ff9dc130000 - 0x00007ff9dc13a000 	C:\Program Files\Android\Android Studio1\jbr\bin\jimage.dll
0x00007ff9d8eb0000 - 0x00007ff9d90e2000 	C:\WINDOWS\SYSTEM32\DBGHELP.DLL
0x00007ff9e3440000 - 0x00007ff9e37cf000 	C:\WINDOWS\System32\combase.dll
0x00007ff9e3360000 - 0x00007ff9e3437000 	C:\WINDOWS\System32\OLEAUT32.dll
0x00007ff9ca130000 - 0x00007ff9ca162000 	C:\WINDOWS\SYSTEM32\dbgcore.DLL
0x00007ff9e22d0000 - 0x00007ff9e234b000 	C:\WINDOWS\System32\bcryptPrimitives.dll
0x00007ff9dc180000 - 0x00007ff9dc18e000 	C:\Program Files\Android\Android Studio1\jbr\bin\instrument.dll
0x00007ff9d3160000 - 0x00007ff9d3185000 	C:\Program Files\Android\Android Studio1\jbr\bin\java.dll
0x00007ff9db260000 - 0x00007ff9db278000 	C:\Program Files\Android\Android Studio1\jbr\bin\zip.dll
0x00007ff9e3960000 - 0x00007ff9e41d8000 	C:\WINDOWS\System32\SHELL32.dll
0x00007ff9dfeb0000 - 0x00007ff9e07b8000 	C:\WINDOWS\SYSTEM32\windows.storage.dll
0x00007ff9dfd70000 - 0x00007ff9dfeaf000 	C:\WINDOWS\SYSTEM32\wintypes.dll
0x00007ff9e4a10000 - 0x00007ff9e4b0a000 	C:\WINDOWS\System32\SHCORE.dll
0x00007ff9e42c0000 - 0x00007ff9e431e000 	C:\WINDOWS\System32\shlwapi.dll
0x00007ff9e1ea0000 - 0x00007ff9e1ecb000 	C:\WINDOWS\SYSTEM32\profapi.dll
0x00007ff9dea60000 - 0x00007ff9dea79000 	C:\Program Files\Android\Android Studio1\jbr\bin\net.dll
0x00007ff9dde30000 - 0x00007ff9ddf66000 	C:\WINDOWS\SYSTEM32\WINHTTP.dll
0x00007ff9e1430000 - 0x00007ff9e1499000 	C:\WINDOWS\system32\mswsock.dll
0x00007ff9d8170000 - 0x00007ff9d8186000 	C:\Program Files\Android\Android Studio1\jbr\bin\nio.dll
0x00007ff9dea50000 - 0x00007ff9dea60000 	C:\Program Files\Android\Android Studio1\jbr\bin\verify.dll
0x00007ff9d2800000 - 0x00007ff9d2827000 	C:\Users\Lenovo\.gradle\native\c067742578af261105cb4f569cf0c3c89f3d7b1fecec35dd04571415982c5e48\windows-amd64\native-platform.dll
0x00007ff9abc50000 - 0x00007ff9abd94000 	C:\Users\Lenovo\.gradle\native\38dada09dfb8b06ba9b0570ebf7e218e3eb74d4ef43ca46872605cf95ebc2f47\windows-amd64\native-platform-file-events.dll
0x00007ff9de8d0000 - 0x00007ff9de8d9000 	C:\Program Files\Android\Android Studio1\jbr\bin\management.dll
0x00007ff9dc190000 - 0x00007ff9dc19b000 	C:\Program Files\Android\Android Studio1\jbr\bin\management_ext.dll
0x00007ff9e4330000 - 0x00007ff9e4338000 	C:\WINDOWS\System32\PSAPI.DLL
0x00007ff9e1690000 - 0x00007ff9e16ab000 	C:\WINDOWS\SYSTEM32\CRYPTSP.dll
0x00007ff9e0f10000 - 0x00007ff9e0f45000 	C:\WINDOWS\system32\rsaenh.dll
0x00007ff9e1520000 - 0x00007ff9e1548000 	C:\WINDOWS\SYSTEM32\USERENV.dll
0x00007ff9e1680000 - 0x00007ff9e168c000 	C:\WINDOWS\SYSTEM32\CRYPTBASE.dll
0x00007ff9e0a20000 - 0x00007ff9e0a4d000 	C:\WINDOWS\SYSTEM32\IPHLPAPI.DLL
0x00007ff9e4320000 - 0x00007ff9e4329000 	C:\WINDOWS\System32\NSI.dll
0x00007ff9de4e0000 - 0x00007ff9de4f9000 	C:\WINDOWS\SYSTEM32\dhcpcsvc6.DLL
0x00007ff9ddd30000 - 0x00007ff9ddd4f000 	C:\WINDOWS\SYSTEM32\dhcpcsvc.DLL
0x00007ff9e0a90000 - 0x00007ff9e0b92000 	C:\WINDOWS\SYSTEM32\DNSAPI.dll
0x00007ff9de8e0000 - 0x00007ff9de8e9000 	C:\Program Files\Android\Android Studio1\jbr\bin\extnet.dll
0x00007ff9c7ff0000 - 0x00007ff9c7ff8000 	C:\WINDOWS\system32\wshunix.dll

dbghelp: loaded successfully - version: 4.0.5 - missing functions: none
symbol engine: initialized successfully - sym options: 0x614 - pdb path: .;C:\Program Files\Android\Android Studio1\jbr\bin;C:\WINDOWS\SYSTEM32;C:\WINDOWS\WinSxS\amd64_microsoft.windows.common-controls_6595b64144ccf1df_6.0.22621.4541_none_2710d1c57384c085;C:\Program Files\Android\Android Studio1\jbr\bin\server;C:\Users\Lenovo\.gradle\native\c067742578af261105cb4f569cf0c3c89f3d7b1fecec35dd04571415982c5e48\windows-amd64;C:\Users\Lenovo\.gradle\native\38dada09dfb8b06ba9b0570ebf7e218e3eb74d4ef43ca46872605cf95ebc2f47\windows-amd64

VM Arguments:
jvm_args: --add-opens=java.base/java.util=ALL-UNNAMED --add-opens=java.base/java.lang=ALL-UNNAMED --add-opens=java.base/java.lang.invoke=ALL-UNNAMED --add-opens=java.prefs/java.util.prefs=ALL-UNNAMED --add-opens=java.base/java.nio.charset=ALL-UNNAMED --add-opens=java.base/java.net=ALL-UNNAMED --add-opens=java.base/java.util.concurrent.atomic=ALL-UNNAMED -Xmx2048m -Dfile.encoding=UTF-8 -Duser.country=US -Duser.language=en -Duser.variant -javaagent:C:\Users\Lenovo\.gradle\wrapper\dists\gradle-8.6-bin\afr5mpiioh2wthjmwnkmdsd5w\gradle-8.6\lib\agents\gradle-instrumentation-agent-8.6.jar 
java_command: org.gradle.launcher.daemon.bootstrap.GradleDaemon 8.6
java_class_path (initial): C:\Users\Lenovo\.gradle\wrapper\dists\gradle-8.6-bin\afr5mpiioh2wthjmwnkmdsd5w\gradle-8.6\lib\gradle-launcher-8.6.jar
Launcher Type: SUN_STANDARD

[Global flags]
     intx CICompilerCount                          = 4                                         {product} {ergonomic}
     uint ConcGCThreads                            = 3                                         {product} {ergonomic}
     uint G1ConcRefinementThreads                  = 10                                        {product} {ergonomic}
   size_t G1HeapRegionSize                         = 1048576                                   {product} {ergonomic}
    uintx GCDrainStackTargetSize                   = 64                                        {product} {ergonomic}
   size_t InitialHeapSize                          = 98566144                                  {product} {ergonomic}
   size_t MarkStackSize                            = 4194304                                   {product} {ergonomic}
   size_t MaxHeapSize                              = 2147483648                                {product} {command line}
   size_t MaxNewSize                               = 1287651328                                {product} {ergonomic}
   size_t MinHeapDeltaBytes                        = 1048576                                   {product} {ergonomic}
   size_t MinHeapSize                              = 8388608                                   {product} {ergonomic}
    uintx NonNMethodCodeHeapSize                   = 5839372                                {pd product} {ergonomic}
    uintx NonProfiledCodeHeapSize                  = 122909434                              {pd product} {ergonomic}
    uintx ProfiledCodeHeapSize                     = 122909434                              {pd product} {ergonomic}
    uintx ReservedCodeCacheSize                    = 251658240                              {pd product} {ergonomic}
     bool SegmentedCodeCache                       = true                                      {product} {ergonomic}
   size_t SoftMaxHeapSize                          = 2147483648                             {manageable} {ergonomic}
     bool UseCompressedClassPointers               = true                           {product lp64_product} {ergonomic}
     bool UseCompressedOops                        = true                           {product lp64_product} {ergonomic}
     bool UseG1GC                                  = true                                      {product} {ergonomic}
     bool UseLargePagesIndividualAllocation        = false                                  {pd product} {ergonomic}

Logging:
Log output configuration:
 #0: stdout all=warning uptime,level,tags
 #1: stderr all=off uptime,level,tags

Environment Variables:
JAVA_HOME=C:\Program Files\Java\jdk-23
PATH=C:\Program Files\Common Files\Oracle\Java\javapath;C:\Program Files (x86)\VMware\VMware Player\bin\;C:\Program Files (x86)\Common Files\Oracle\Java\javapath;C:\WINDOWS\system32;C:\WINDOWS;C:\WINDOWS\System32\Wbem;C:\WINDOWS\System32\WindowsPowerShell\v1.0\;C:\WINDOWS\System32\OpenSSH\;C:\MinGW\bin;C:\Program Files\Microsoft VS Code\bin;C:\Program Files\Git\cmd;C:\Program Files\MySQL\MySQL Shell 8.0\bin\;C:\Users\Lenovo\AppData\Local\Microsoft\WindowsApps;C:\Users\Lenovo\AppData\Local\Microsoft\WindowsApps;C:\Program Files\JetBrains\IntelliJ IDEA Educational Edition 2022.2.2\bin;;C:\Program Files\JetBrains\IntelliJ IDEA Community Edition 2023.3.4\bin;;C:\Program Files\Java\jdk-23\bin;
USERNAME=Lenovo
OS=Windows_NT
PROCESSOR_IDENTIFIER=AMD64 Family 23 Model 104 Stepping 1, AuthenticAMD
TMP=C:\temp
TEMP=C:\temp



Periodic native trim disabled

JNI global refs:
JNI global refs: 24, weak refs: 2

JNI global refs memory usage: 843, weak refs: 841

OOME stack traces (most recent first):
Classloader memory used:
Loader org.gradle.internal.classloader.VisitableURLClassLoader                         : 2509K
Loader bootstrap                                                                       : 2287K
Loader org.gradle.initialization.MixInLegacyTypesClassLoader                           : 449K
Loader jdk.internal.loader.ClassLoaders$PlatformClassLoader                            : 65557B
Loader jdk.internal.loader.ClassLoaders$AppClassLoader                                 : 28729B
Loader jdk.internal.reflect.DelegatingClassLoader                                      : 4428B
Loader org.gradle.groovy.scripts.internal.DefaultScriptCompilationHandler$ScriptClassLoader: 1715B

Classes loaded by more than one classloader:
Class org.gradle.internal.installation.GradleInstallation                             : loaded 2 times (x 73B)
Class org.gradle.internal.classpath.ClassPath                                         : loaded 2 times (x 68B)
Class org.gradle.api.internal.classpath.DefaultModuleRegistry                         : loaded 2 times (x 84B)
Class org.gradle.api.Action                                                           : loaded 2 times (x 68B)
Class org.gradle.api.internal.DefaultClassPathProvider                                : loaded 2 times (x 74B)
Class org.gradle.internal.installation.GradleInstallation$1                           : loaded 2 times (x 73B)
Class org.gradle.internal.classloader.FilteringClassLoader                            : loaded 2 times (x 103B)
Class org.gradle.internal.classpath.DefaultClassPath$ImmutableUniqueList$Builder      : loaded 2 times (x 73B)
Class org.gradle.internal.classloader.ClassLoaderVisitor                              : loaded 2 times (x 74B)
Class org.gradle.internal.service.DefaultServiceLocator                               : loaded 2 times (x 81B)
Class org.gradle.internal.service.UnknownServiceException                             : loaded 2 times (x 81B)
Class org.gradle.internal.classloader.DefaultClassLoaderFactory                       : loaded 2 times (x 80B)
Class org.gradle.internal.classloader.VisitableURLClassLoader$Spec                    : loaded 2 times (x 72B)
Class org.gradle.api.GradleException                                                  : loaded 2 times (x 80B)
Class org.gradle.api.internal.classpath.ModuleRegistry                                : loaded 2 times (x 68B)
Class org.gradle.api.internal.ClassPathProvider                                       : loaded 2 times (x 68B)
Class org.gradle.internal.classloader.ClasspathUtil$1                                 : loaded 2 times (x 74B)
Class org.gradle.internal.classloader.ClassLoaderFactory                              : loaded 2 times (x 68B)
Class org.gradle.api.internal.classpath.ManifestUtil                                  : loaded 2 times (x 69B)
Class org.gradle.api.specs.Spec                                                       : loaded 2 times (x 68B)
Class org.gradle.internal.IoActions                                                   : loaded 2 times (x 69B)
Class org.gradle.api.internal.classpath.EffectiveClassPath                            : loaded 2 times (x 88B)
Class org.gradle.internal.installation.CurrentGradleInstallation                      : loaded 2 times (x 71B)
Class org.gradle.internal.agents.InstrumentingClassLoader                             : loaded 2 times (x 68B)
Class org.gradle.internal.installation.CurrentGradleInstallationLocator               : loaded 2 times (x 69B)
Class org.gradle.api.internal.classpath.Module                                        : loaded 2 times (x 68B)
Class org.gradle.internal.service.CachingServiceLocator                               : loaded 2 times (x 80B)
Class org.gradle.internal.classpath.DefaultClassPath                                  : loaded 2 times (x 88B)
Class org.gradle.internal.classloader.SystemClassLoaderSpec                           : loaded 2 times (x 69B)
Class org.gradle.api.UncheckedIOException                                             : loaded 2 times (x 80B)
Class org.gradle.internal.classloader.ClasspathUtil                                   : loaded 2 times (x 69B)
Class org.gradle.api.internal.DefaultClassPathRegistry                                : loaded 2 times (x 74B)
Class org.gradle.api.internal.classpath.DefaultModuleRegistry$DefaultModule           : loaded 2 times (x 84B)
Class org.gradle.api.internal.classpath.UnknownModuleException                        : loaded 2 times (x 80B)
Class org.gradle.internal.service.ServiceLookupException                              : loaded 2 times (x 80B)
Class org.gradle.cache.GlobalCache                                                    : loaded 2 times (x 68B)
Class [Lorg.gradle.api.internal.ClassPathProvider;                                    : loaded 2 times (x 67B)
Class org.gradle.util.internal.GUtil                                                  : loaded 2 times (x 69B)
Class org.gradle.internal.classloader.ClassLoaderSpec                                 : loaded 2 times (x 69B)
Class org.gradle.internal.classloader.VisitableURLClassLoader                         : loaded 2 times (x 115B)
Class org.gradle.internal.Cast                                                        : loaded 2 times (x 69B)
Class org.gradle.api.internal.ClassPathRegistry                                       : loaded 2 times (x 68B)
Class org.gradle.internal.classloader.VisitableURLClassLoader$InstrumentingVisitableURLClassLoader: loaded 2 times (x 121B)
Class org.gradle.internal.classloader.ClassLoaderHierarchy                            : loaded 2 times (x 68B)
Class org.gradle.internal.InternalTransformer                                         : loaded 2 times (x 68B)
Class org.gradle.internal.service.ServiceLocator                                      : loaded 2 times (x 68B)
Class org.gradle.internal.classpath.DefaultClassPath$ImmutableUniqueList              : loaded 2 times (x 159B)
Class org.gradle.internal.classpath.TransformedClassPath                              : loaded 2 times (x 94B)


---------------  S Y S T E M  ---------------

OS:
 Windows 11 , 64 bit Build 22621 (10.0.22621.4391)
OS uptime: 3 days 5:17 hours

CPU: total 12 (initial active 12) (12 cores per cpu, 2 threads per core) family 23 model 104 stepping 1 microcode 0x0, cx8, cmov, fxsr, ht, mmx, 3dnowpref, sse, sse2, sse3, ssse3, sse4a, sse4.1, sse4.2, popcnt, lzcnt, tsc, tscinvbit, avx, avx2, aes, clmul, bmi1, bmi2, adx, sha, fma, vzeroupper, clflush, clflushopt
Processor Information for all 12 processors :
  Max Mhz: 2100, Current Mhz: 1686, Mhz Limit: 2100

Memory: 4k page, system-wide physical 5989M (732M free)
TotalPageFile size 24421M (AvailPageFile size 16M)
current process WorkingSet (physical memory assigned to process): 238M, peak: 238M
current process commit charge ("private bytes"): 276M, peak: 290M

vm_info: OpenJDK 64-Bit Server VM (17.0.10+0--11572160) for windows-amd64 JRE (17.0.10+0--11572160), built on Mar 13 2024 23:56:38 by "androidbuild" with MS VC++ 16.10 / 16.11 (VS2019)

END.
